PRT1
391
1149
4 0 3 (6606 5120 0 ) (6144 5120 0 ) (6144 5120 -5696 ) (6606 5120 -5696 ) 
4 0 1 (6144 5120 -5696 ) (6144 5120 0 ) (6144 5957 0 ) (6144 5957 -5696 ) 
4 1 5 (6144 5120 -5696 ) (6144 5120 0 ) (5120 5120 0 ) (5120 5120 -5696 ) 
4 1 2 (5120 5120 -5696 ) (5120 5120 0 ) (5120 5957 0 ) (5120 5957 -5696 ) 
4 2 37 (4096 5120 -5696 ) (4096 5120 -5532 ) (4096 5957 -5532 ) (4096 5957 -5696 ) 
4 2 36 (4096 5120 -5532 ) (4096 5120 -5524 ) (4096 5260 -5524 ) (4096 5260 -5532 ) 
4 2 34 (4096 5260 -5524 ) (4096 5420 -5524 ) (4096 5420 -5532 ) (4096 5260 -5532 ) 
4 2 31 (4096 5420 -5524 ) (4096 5957 -5524 ) (4096 5957 -5532 ) (4096 5420 -5532 ) 
4 2 29 (4096 5120 -5524 ) (4096 5120 -5212 ) (4096 5260 -5212 ) (4096 5260 -5524 ) 
4 2 27 (4096 5260 -5212 ) (4096 5268 -5212 ) (4096 5268 -5524 ) (4096 5260 -5524 ) 
4 2 26 (4096 5120 -5212 ) (4096 5120 0 ) (4096 5268 0 ) (4096 5268 -5212 ) 
4 2 22 (4096 5412 -5524 ) (4096 5268 -5524 ) (4096 5268 -5332 ) (4096 5412 -5332 ) 
4 2 21 (4096 5420 -5332 ) (4096 5420 -5524 ) (4096 5412 -5524 ) (4096 5412 -5332 ) 
4 2 19 (4096 5420 -5324 ) (4096 5420 -5332 ) (4096 5268 -5332 ) (4096 5268 -5324 ) 
4 2 18 (4096 5268 0 ) (4096 5420 0 ) (4096 5420 -5324 ) (4096 5268 -5324 ) 
4 2 16 (4096 5780 -5332 ) (4096 5780 -5524 ) (4096 5420 -5524 ) (4096 5420 -5332 ) 
4 2 14 (4096 5780 -5324 ) (4096 5780 -5332 ) (4096 5420 -5332 ) (4096 5420 -5324 ) 
4 2 13 (4096 5420 0 ) (4096 5780 0 ) (4096 5780 -5324 ) (4096 5420 -5324 ) 
4 2 10 (4096 5780 0 ) (4096 5788 0 ) (4096 5788 -5524 ) (4096 5780 -5524 ) 
4 2 9 (4096 5788 0 ) (4096 5957 0 ) (4096 5957 -5524 ) (4096 5788 -5524 ) 
4 2 6 (5120 5120 -5696 ) (5120 5120 0 ) (4096 5120 0 ) (4096 5120 -5696 ) 
4 3 5 (6144 5120 0 ) (6144 5120 -5696 ) (6144 4096 -5696 ) (6144 4096 0 ) 
4 3 4 (6606 4096 0 ) (6144 4096 0 ) (6144 4096 -5696 ) (6606 4096 -5696 ) 
4 4 159 (6606 3072 0 ) (6144 3072 0 ) (6144 3072 -5696 ) (6606 3072 -5696 ) 
4 4 7 (6144 3072 -5696 ) (6144 3072 0 ) (6144 4096 0 ) (6144 4096 -5696 ) 
4 5 7 (6144 4096 -5696 ) (6144 4096 0 ) (5120 4096 0 ) (5120 4096 -5696 ) 
4 5 6 (5120 5120 0 ) (5120 5120 -5696 ) (5120 4096 -5696 ) (5120 4096 0 ) 
4 6 96 (4096 4096 -5696 ) (4096 4096 -5532 ) (4096 4660 -5532 ) (4096 4660 -5696 ) 
4 6 83 (4096 4096 -5532 ) (4096 4096 -5212 ) (4096 4396 -5212 ) (4096 4396 -5532 ) 
4 6 81 (4096 4396 -5212 ) (4096 4524 -5212 ) (4096 4524 -5532 ) (4096 4396 -5532 ) 
4 6 56 (4096 4524 -5212 ) (4096 4660 -5212 ) (4096 4660 -5532 ) (4096 4524 -5532 ) 
4 6 54 (4096 5120 -5524 ) (4096 5120 -5696 ) (4096 4660 -5696 ) (4096 4660 -5524 ) 
4 6 51 (4096 4660 -5212 ) (4096 5120 -5212 ) (4096 5120 -5524 ) (4096 4660 -5524 ) 
4 6 50 (4096 4096 -5212 ) (4096 4096 0 ) (4096 5120 0 ) (4096 5120 -5212 ) 
4 6 8 (5120 4096 -5696 ) (5120 4096 0 ) (4096 4096 0 ) (4096 4096 -5696 ) 
4 7 161 (6144 3072 -5696 ) (6144 3072 0 ) (5120 3072 0 ) (5120 3072 -5696 ) 
4 7 8 (5120 4096 0 ) (5120 4096 -5696 ) (5120 3072 -5696 ) (5120 3072 0 ) 
4 8 162 (5120 3072 -5696 ) (5120 3072 0 ) (4096 3072 0 ) (4096 3072 -5696 ) 
4 8 142 (4096 3072 -5696 ) (4096 3072 -5532 ) (4096 4096 -5532 ) (4096 4096 -5696 ) 
4 8 141 (4096 3072 -5532 ) (4096 3072 -5524 ) (4096 4096 -5524 ) (4096 4096 -5532 ) 
4 8 136 (4096 3072 -5524 ) (4096 3072 -4932 ) (4096 3668 -4932 ) (4096 3668 -5524 ) 
4 8 134 (4096 3668 -4932 ) (4096 3676 -4932 ) (4096 3676 -5524 ) (4096 3668 -5524 ) 
4 8 133 (4096 3072 -4932 ) (4096 3072 0 ) (4096 3676 0 ) (4096 3676 -4932 ) 
4 8 131 (4096 4096 -5212 ) (4096 4096 -5524 ) (4096 3676 -5524 ) (4096 3676 -5212 ) 
4 8 130 (4096 3676 0 ) (4096 4096 0 ) (4096 4096 -5212 ) (4096 3676 -5212 ) 
4 9 38 (3072 5957 -5524 ) (3072 5788 -5524 ) (3072 5788 0 ) (3072 5957 0 ) 
4 9 32 (3558 5788 -5524 ) (3078 5788 -5524 ) (3078 5957 -5524 ) (3558 5957 -5524 ) 
4 9 31 (4096 5957 -5524 ) (4096 5788 -5524 ) (3558 5788 -5524 ) (3558 5957 -5524 ) 
4 9 33 (3078 5788 -5524 ) (3072 5788 -5524 ) (3072 5957 -5524 ) (3078 5957 -5524 ) 
4 9 11 (3558 5788 -5332 ) (3558 5788 0 ) (3078 5788 0 ) (3078 5788 -5332 ) 
4 9 10 (3558 5788 -5524 ) (4096 5788 -5524 ) (4096 5788 0 ) (3558 5788 0 ) 
4 9 12 (3072 5788 -5524 ) (3078 5788 -5524 ) (3078 5788 0 ) (3072 5788 0 ) 
4 10 31 (4096 5788 -5524 ) (4096 5780 -5524 ) (3558 5780 -5524 ) (3558 5788 -5524 ) 
4 10 16 (3566 5780 -5524 ) (4096 5780 -5524 ) (4096 5780 -5332 ) (3566 5780 -5332 ) 
4 10 14 (4096 5780 -5332 ) (4096 5780 -5324 ) (3558 5780 -5324 ) (3558 5780 -5332 ) 
4 10 13 (4096 5780 -5324 ) (4096 5780 0 ) (3558 5780 0 ) (3558 5780 -5324 ) 
4 10 11 (3558 5788 0 ) (3558 5788 -5332 ) (3558 5780 -5332 ) (3558 5780 0 ) 
4 11 13 (3558 5780 -5324 ) (3558 5780 0 ) (3078 5780 0 ) (3078 5780 -5324 ) 
4 11 12 (3078 5788 0 ) (3078 5788 -5332 ) (3078 5780 -5332 ) (3078 5780 0 ) 
4 12 38 (3072 5788 -5524 ) (3072 5780 -5524 ) (3072 5780 0 ) (3072 5788 0 ) 
4 12 33 (3078 5780 -5524 ) (3072 5780 -5524 ) (3072 5788 -5524 ) (3078 5788 -5524 ) 
4 12 15 (3078 5780 -5332 ) (3078 5780 -5324 ) (3072 5780 -5324 ) (3072 5780 -5332 ) 
4 12 13 (3078 5780 -5324 ) (3078 5780 0 ) (3072 5780 0 ) (3072 5780 -5324 ) 
4 13 39 (3072 5780 0 ) (3072 5780 -5324 ) (3072 5420 -5324 ) (3072 5420 0 ) 
4 13 18 (3072 5420 0 ) (3072 5420 -5324 ) (4096 5420 -5324 ) (4096 5420 0 ) 
4 13 14 (4096 5420 -5324 ) (3558 5420 -5324 ) (3558 5780 -5324 ) (4096 5780 -5324 ) 
4 13 15 (3078 5420 -5324 ) (3072 5420 -5324 ) (3072 5780 -5324 ) (3078 5780 -5324 ) 
4 14 19 (3558 5420 -5332 ) (4096 5420 -5332 ) (4096 5420 -5324 ) (3558 5420 -5324 ) 
4 14 16 (4096 5420 -5332 ) (3566 5420 -5332 ) (3566 5780 -5332 ) (4096 5780 -5332 ) 
4 15 39 (3072 5780 -5324 ) (3072 5780 -5332 ) (3072 5420 -5332 ) (3072 5420 -5324 ) 
4 15 20 (3072 5420 -5324 ) (3072 5420 -5332 ) (3078 5420 -5332 ) (3078 5420 -5324 ) 
4 16 31 (4096 5780 -5524 ) (4096 5420 -5524 ) (3566 5420 -5524 ) (3566 5780 -5524 ) 
4 16 21 (3566 5420 -5524 ) (4096 5420 -5524 ) (4096 5420 -5332 ) (3566 5420 -5332 ) 
4 17 23 (3222 5420 -5524 ) (3414 5420 -5524 ) (3414 5420 -5332 ) (3222 5420 -5332 ) 
4 18 41 (3072 5420 0 ) (3072 5420 -5324 ) (3072 5268 -5324 ) (3072 5268 0 ) 
4 18 27 (4096 5268 -5324 ) (4096 5268 -5212 ) (4026 5268 -5212 ) (4026 5268 -5324 ) 
4 18 26 (4096 5268 -5212 ) (4096 5268 0 ) (3072 5268 0 ) (3072 5268 -5212 ) 
4 18 19 (4096 5268 -5324 ) (3414 5268 -5324 ) (3414 5420 -5324 ) (4096 5420 -5324 ) 
4 18 20 (3222 5268 -5324 ) (3072 5268 -5324 ) (3072 5420 -5324 ) (3222 5420 -5324 ) 
4 19 27 (4096 5268 -5332 ) (4096 5268 -5324 ) (4026 5268 -5324 ) (4026 5268 -5332 ) 
4 19 22 (4096 5268 -5332 ) (3422 5268 -5332 ) (3422 5412 -5332 ) (4096 5412 -5332 ) 
4 19 21 (3558 5420 -5332 ) (4096 5420 -5332 ) (4096 5412 -5332 ) (3558 5412 -5332 ) 
4 20 41 (3072 5420 -5324 ) (3072 5420 -5332 ) (3072 5268 -5332 ) (3072 5268 -5324 ) 
4 20 24 (3214 5268 -5332 ) (3078 5268 -5332 ) (3078 5412 -5332 ) (3214 5412 -5332 ) 
4 20 25 (3078 5268 -5332 ) (3072 5268 -5332 ) (3072 5420 -5332 ) (3078 5420 -5332 ) 
4 21 34 (4096 5420 -5524 ) (4096 5412 -5524 ) (3558 5412 -5524 ) (3558 5420 -5524 ) 
4 21 22 (3558 5412 -5524 ) (4096 5412 -5524 ) (4096 5412 -5332 ) (3558 5412 -5332 ) 
4 22 34 (4096 5412 -5524 ) (4096 5268 -5524 ) (3422 5268 -5524 ) (3422 5412 -5524 ) 
4 22 27 (4026 5268 -5524 ) (4096 5268 -5524 ) (4096 5268 -5332 ) (4026 5268 -5332 ) 
4 23 28 (3222 5268 -5524 ) (3414 5268 -5524 ) (3414 5268 -5332 ) (3222 5268 -5332 ) 
4 24 35 (3214 5268 -5524 ) (3078 5268 -5524 ) (3078 5412 -5524 ) (3214 5412 -5524 ) 
4 24 25 (3078 5268 -5524 ) (3078 5268 -5332 ) (3078 5412 -5332 ) (3078 5412 -5524 ) 
4 25 41 (3072 5420 -5332 ) (3072 5420 -5524 ) (3072 5268 -5524 ) (3072 5268 -5332 ) 
4 25 35 (3078 5268 -5524 ) (3072 5268 -5524 ) (3072 5420 -5524 ) (3078 5420 -5524 ) 
4 26 50 (4096 5120 -5212 ) (4096 5120 0 ) (3072 5120 0 ) (3072 5120 -5212 ) 
4 26 44 (3072 5120 -5212 ) (3072 5120 0 ) (3072 5260 0 ) (3072 5260 -5212 ) 
4 26 42 (3072 5260 0 ) (3072 5268 0 ) (3072 5268 -5212 ) (3072 5260 -5212 ) 
4 26 29 (4096 5120 -5212 ) (4026 5120 -5212 ) (4026 5260 -5212 ) (4096 5260 -5212 ) 
4 26 30 (4018 5120 -5212 ) (3072 5120 -5212 ) (3072 5260 -5212 ) (4018 5260 -5212 ) 
4 26 27 (4026 5268 -5212 ) (4096 5268 -5212 ) (4096 5260 -5212 ) (4026 5260 -5212 ) 
4 27 34 (4096 5268 -5524 ) (4096 5260 -5524 ) (4026 5260 -5524 ) (4026 5268 -5524 ) 
4 27 29 (4026 5260 -5524 ) (4096 5260 -5524 ) (4096 5260 -5212 ) (4026 5260 -5212 ) 
4 28 30 (3222 5260 -5524 ) (3414 5260 -5524 ) (3414 5260 -5332 ) (3222 5260 -5332 ) 
4 29 51 (4096 5120 -5524 ) (4096 5120 -5212 ) (4026 5120 -5212 ) (4026 5120 -5524 ) 
4 29 36 (4096 5260 -5524 ) (4096 5120 -5524 ) (4026 5120 -5524 ) (4026 5260 -5524 ) 
4 30 53 (4018 5120 -5212 ) (3072 5120 -5212 ) (3072 5120 -5524 ) (4018 5120 -5524 ) 
4 30 44 (3072 5120 -5524 ) (3072 5120 -5212 ) (3072 5260 -5212 ) (3072 5260 -5524 ) 
4 31 37 (3558 5957 -5532 ) (4096 5957 -5532 ) (4096 5420 -5532 ) (3558 5420 -5532 ) 
4 31 34 (3558 5420 -5532 ) (4096 5420 -5532 ) (4096 5420 -5524 ) (3558 5420 -5524 ) 
4 31 32 (3558 5957 -5524 ) (3558 5957 -5532 ) (3558 5780 -5532 ) (3558 5780 -5524 ) 
4 32 37 (3078 5957 -5532 ) (3558 5957 -5532 ) (3558 5780 -5532 ) (3078 5780 -5532 ) 
4 32 33 (3078 5957 -5524 ) (3078 5957 -5532 ) (3078 5780 -5532 ) (3078 5780 -5524 ) 
4 33 47 (3072 5420 -5524 ) (3072 5957 -5524 ) (3072 5957 -5532 ) (3072 5420 -5532 ) 
4 33 37 (3072 5420 -5532 ) (3072 5957 -5532 ) (3078 5957 -5532 ) (3078 5420 -5532 ) 
4 33 35 (3072 5420 -5532 ) (3078 5420 -5532 ) (3078 5420 -5524 ) (3072 5420 -5524 ) 
4 34 37 (3414 5420 -5532 ) (4096 5420 -5532 ) (4096 5260 -5532 ) (3414 5260 -5532 ) 
4 34 36 (4018 5260 -5532 ) (4096 5260 -5532 ) (4096 5260 -5524 ) (4018 5260 -5524 ) 
4 35 47 (3072 5260 -5524 ) (3072 5420 -5524 ) (3072 5420 -5532 ) (3072 5260 -5532 ) 
4 35 37 (3072 5260 -5532 ) (3072 5420 -5532 ) (3222 5420 -5532 ) (3222 5260 -5532 ) 
4 36 54 (4096 5120 -5532 ) (4096 5120 -5524 ) (4018 5120 -5524 ) (4018 5120 -5532 ) 
4 36 37 (4096 5120 -5532 ) (4018 5120 -5532 ) (4018 5260 -5532 ) (4096 5260 -5532 ) 
4 37 55 (4018 5120 -5532 ) (3072 5120 -5532 ) (3072 5120 -5696 ) (4018 5120 -5696 ) 
4 37 54 (4096 5120 -5696 ) (4096 5120 -5532 ) (4018 5120 -5532 ) (4018 5120 -5696 ) 
4 37 48 (3072 5120 -5696 ) (3072 5120 -5532 ) (3072 5260 -5532 ) (3072 5260 -5696 ) 
4 37 47 (3072 5260 -5532 ) (3072 5957 -5532 ) (3072 5957 -5696 ) (3072 5260 -5696 ) 
4 38 47 (3070 5957 -5524 ) (3072 5957 -5524 ) (3072 5780 -5524 ) (3070 5780 -5524 ) 
4 38 39 (3070 5780 0 ) (3070 5780 -5332 ) (3072 5780 -5332 ) (3072 5780 0 ) 
4 38 40 (3070 5957 0 ) (3070 5957 -5524 ) (3070 5780 -5524 ) (3070 5780 0 ) 
4 39 41 (3072 5420 -5332 ) (3072 5420 0 ) (3070 5420 0 ) (3070 5420 -5332 ) 
4 39 40 (3070 5420 -5332 ) (3070 5420 0 ) (3070 5780 0 ) (3070 5780 -5332 ) 
4 40 153 (2048 5420 0 ) (2048 5957 0 ) (2048 5957 -5524 ) (2048 5420 -5524 ) 
4 40 47 (2048 5420 -5524 ) (2048 5957 -5524 ) (3070 5957 -5524 ) (3070 5420 -5524 ) 
4 40 41 (2618 5420 -5524 ) (3070 5420 -5524 ) (3070 5420 0 ) (2618 5420 0 ) 
4 40 43 (2048 5420 -5524 ) (2618 5420 -5524 ) (2618 5420 0 ) (2048 5420 0 ) 
4 41 47 (2618 5420 -5524 ) (3072 5420 -5524 ) (3072 5268 -5524 ) (2618 5268 -5524 ) 
4 41 42 (2618 5268 0 ) (2618 5268 -5212 ) (3072 5268 -5212 ) (3072 5268 0 ) 
4 41 43 (2618 5420 0 ) (2618 5420 -5524 ) (2618 5268 -5524 ) (2618 5268 0 ) 
4 42 44 (3072 5260 -5212 ) (3072 5260 0 ) (2618 5260 0 ) (2618 5260 -5212 ) 
4 42 43 (2618 5260 -5212 ) (2618 5260 0 ) (2618 5268 0 ) (2618 5268 -5212 ) 
4 43 153 (2048 5260 0 ) (2048 5420 0 ) (2048 5420 -5524 ) (2048 5260 -5524 ) 
4 43 47 (2048 5260 -5524 ) (2048 5420 -5524 ) (2618 5420 -5524 ) (2618 5260 -5524 ) 
4 43 45 (2618 5260 -5212 ) (2618 5260 0 ) (2610 5260 0 ) (2610 5260 -5212 ) 
4 43 46 (2048 5260 -5524 ) (2610 5260 -5524 ) (2610 5260 0 ) (2048 5260 0 ) 
4 44 108 (2834 5120 -5212 ) (2618 5120 -5212 ) (2618 5120 -5524 ) (2834 5120 -5524 ) 
4 44 106 (2834 5120 -5362 ) (2834 5120 -5524 ) (2914 5120 -5524 ) (2914 5120 -5362 ) 
4 44 103 (2914 5120 -5212 ) (2834 5120 -5212 ) (2834 5120 -5362 ) (2914 5120 -5362 ) 
4 44 98 (3072 5120 -5524 ) (3072 5120 -5212 ) (2914 5120 -5212 ) (2914 5120 -5524 ) 
4 44 97 (3072 5120 -5212 ) (3072 5120 0 ) (2618 5120 0 ) (2618 5120 -5212 ) 
4 44 45 (2618 5260 0 ) (2618 5260 -5212 ) (2618 5120 -5212 ) (2618 5120 0 ) 
4 45 124 (2618 5120 0 ) (2610 5120 0 ) (2610 5120 -5212 ) (2618 5120 -5212 ) 
4 45 46 (2610 5260 0 ) (2610 5260 -5212 ) (2610 5120 -5212 ) (2610 5120 0 ) 
4 46 153 (2048 5120 -5524 ) (2048 5120 0 ) (2048 5260 0 ) (2048 5260 -5524 ) 
4 46 129 (2048 5120 -5212 ) (2048 5120 -5524 ) (2610 5120 -5524 ) (2610 5120 -5212 ) 
4 46 124 (2610 5120 0 ) (2048 5120 0 ) (2048 5120 -5212 ) (2610 5120 -5212 ) 
4 46 49 (2048 5120 -5524 ) (2048 5260 -5524 ) (2610 5260 -5524 ) (2610 5120 -5524 ) 
4 47 153 (2048 5260 -5524 ) (2048 5957 -5524 ) (2048 5957 -5696 ) (2048 5260 -5696 ) 
4 47 48 (2618 5260 -5696 ) (3072 5260 -5696 ) (3072 5260 -5532 ) (2618 5260 -5532 ) 
4 47 49 (2048 5260 -5696 ) (2618 5260 -5696 ) (2618 5260 -5524 ) (2048 5260 -5524 ) 
4 48 123 (3072 5120 -5696 ) (3072 5120 -5532 ) (2618 5120 -5532 ) (2618 5120 -5696 ) 
4 48 49 (2618 5260 -5532 ) (2618 5260 -5696 ) (2618 5120 -5696 ) (2618 5120 -5532 ) 
4 49 153 (2048 5120 -5696 ) (2048 5120 -5524 ) (2048 5260 -5524 ) (2048 5260 -5696 ) 
4 49 129 (2610 5120 -5524 ) (2048 5120 -5524 ) (2048 5120 -5696 ) (2610 5120 -5696 ) 
4 49 128 (2618 5120 -5524 ) (2610 5120 -5524 ) (2610 5120 -5696 ) (2618 5120 -5696 ) 
4 50 130 (4096 4096 -5212 ) (4096 4096 0 ) (3072 4096 0 ) (3072 4096 -5212 ) 
4 50 97 (3072 4096 -5212 ) (3072 4096 0 ) (3072 5120 0 ) (3072 5120 -5212 ) 
4 50 95 (4018 4096 -5212 ) (3072 4096 -5212 ) (3072 4156 -5212 ) (4018 4156 -5212 ) 
4 50 92 (3072 4164 -5212 ) (3072 4524 -5212 ) (3314 4524 -5212 ) (3314 4164 -5212 ) 
4 50 89 (3322 4524 -5212 ) (3722 4524 -5212 ) (3722 4164 -5212 ) (3322 4164 -5212 ) 
4 50 87 (4018 4396 -5212 ) (4018 4388 -5212 ) (3722 4388 -5212 ) (3722 4396 -5212 ) 
4 50 88 (4018 4388 -5212 ) (4018 4164 -5212 ) (3722 4164 -5212 ) (3722 4388 -5212 ) 
4 50 85 (3722 4524 -5212 ) (4018 4524 -5212 ) (4018 4396 -5212 ) (3722 4396 -5212 ) 
4 50 83 (4096 4096 -5212 ) (4026 4096 -5212 ) (4026 4396 -5212 ) (4096 4396 -5212 ) 
4 50 81 (4026 4524 -5212 ) (4096 4524 -5212 ) (4096 4396 -5212 ) (4026 4396 -5212 ) 
4 50 78 (3122 4652 -5212 ) (3130 4652 -5212 ) (3130 4532 -5212 ) (3122 4532 -5212 ) 
4 50 79 (3072 4532 -5212 ) (3072 4652 -5212 ) (3122 4652 -5212 ) (3122 4532 -5212 ) 
4 50 76 (3210 4652 -5212 ) (3210 4532 -5212 ) (3130 4532 -5212 ) (3130 4652 -5212 ) 
4 50 74 (3218 4532 -5212 ) (3210 4532 -5212 ) (3210 4652 -5212 ) (3218 4652 -5212 ) 
4 50 73 (3418 4532 -5212 ) (3218 4532 -5212 ) (3218 4652 -5212 ) (3418 4652 -5212 ) 
4 50 72 (3426 4652 -5212 ) (3426 4532 -5212 ) (3418 4532 -5212 ) (3418 4652 -5212 ) 
4 50 67 (3506 4652 -5212 ) (3506 4532 -5212 ) (3426 4532 -5212 ) (3426 4652 -5212 ) 
4 50 65 (3506 4532 -5212 ) (3506 4652 -5212 ) (3514 4652 -5212 ) (3514 4532 -5212 ) 
4 50 64 (3514 4652 -5212 ) (3714 4652 -5212 ) (3714 4532 -5212 ) (3514 4532 -5212 ) 
4 50 63 (3722 4652 -5212 ) (3722 4532 -5212 ) (3714 4532 -5212 ) (3714 4652 -5212 ) 
4 50 61 (3802 4652 -5212 ) (3802 4532 -5212 ) (3722 4532 -5212 ) (3722 4652 -5212 ) 
4 50 60 (4018 4652 -5212 ) (4018 4532 -5212 ) (3810 4532 -5212 ) (3810 4652 -5212 ) 
4 50 57 (4018 4660 -5212 ) (4026 4660 -5212 ) (4026 4532 -5212 ) (4018 4532 -5212 ) 
4 50 56 (4026 4660 -5212 ) (4096 4660 -5212 ) (4096 4524 -5212 ) (4026 4524 -5212 ) 
4 50 51 (4026 5120 -5212 ) (4096 5120 -5212 ) (4096 4660 -5212 ) (4026 4660 -5212 ) 
4 50 53 (3072 4660 -5212 ) (3072 5120 -5212 ) (4018 5120 -5212 ) (4018 4660 -5212 ) 
4 51 56 (4096 4660 -5212 ) (4026 4660 -5212 ) (4026 4660 -5524 ) (4096 4660 -5524 ) 
4 51 54 (4096 4660 -5524 ) (4026 4660 -5524 ) (4026 5120 -5524 ) (4096 5120 -5524 ) 
4 51 52 (4026 5088 -5524 ) (4026 4832 -5524 ) (4026 4832 -5332 ) (4026 5088 -5332 ) 
4 52 54 (4018 4832 -5524 ) (4018 5088 -5524 ) (4026 5088 -5524 ) (4026 4832 -5524 ) 
4 52 53 (4018 5088 -5524 ) (4018 4832 -5524 ) (4018 4832 -5332 ) (4018 5088 -5332 ) 
4 53 98 (3072 4660 -5524 ) (3072 4660 -5212 ) (3072 5120 -5212 ) (3072 5120 -5524 ) 
4 53 77 (3130 4660 -5370 ) (3130 4660 -5524 ) (3210 4660 -5524 ) (3210 4660 -5370 ) 
4 53 70 (3426 4660 -5370 ) (3426 4660 -5524 ) (3506 4660 -5524 ) (3506 4660 -5370 ) 
4 53 62 (3722 4660 -5370 ) (3722 4660 -5524 ) (3802 4660 -5524 ) (3802 4660 -5370 ) 
4 54 96 (4018 4660 -5696 ) (4096 4660 -5696 ) (4096 4660 -5532 ) (4018 4660 -5532 ) 
4 54 57 (4026 4660 -5524 ) (4018 4660 -5524 ) (4018 4660 -5532 ) (4026 4660 -5532 ) 
4 54 56 (4096 4660 -5532 ) (4096 4660 -5524 ) (4026 4660 -5524 ) (4026 4660 -5532 ) 
4 54 55 (4018 5120 -5696 ) (4018 4660 -5696 ) (4018 4660 -5532 ) (4018 5120 -5532 ) 
4 55 123 (3072 4660 -5696 ) (3072 4660 -5532 ) (3072 5120 -5532 ) (3072 5120 -5696 ) 
4 55 96 (3072 4660 -5532 ) (3072 4660 -5696 ) (4018 4660 -5696 ) (4018 4660 -5532 ) 
4 56 96 (4026 4660 -5532 ) (4096 4660 -5532 ) (4096 4524 -5532 ) (4026 4524 -5532 ) 
4 56 81 (4026 4524 -5532 ) (4096 4524 -5532 ) (4096 4524 -5212 ) (4026 4524 -5212 ) 
4 56 58 (4026 4532 -5532 ) (4026 4524 -5532 ) (4026 4524 -5332 ) (4026 4532 -5332 ) 
4 56 57 (4026 4660 -5212 ) (4026 4660 -5532 ) (4026 4532 -5532 ) (4026 4532 -5212 ) 
4 57 96 (4018 4660 -5532 ) (4026 4660 -5532 ) (4026 4532 -5532 ) (4018 4532 -5532 ) 
4 57 60 (4018 4652 -5532 ) (4018 4532 -5532 ) (4018 4532 -5212 ) (4018 4652 -5212 ) 
4 57 59 (4018 4660 -5524 ) (4018 4660 -5532 ) (4018 4652 -5532 ) (4018 4652 -5524 ) 
4 57 58 (4018 4532 -5332 ) (4018 4532 -5532 ) (4026 4532 -5532 ) (4026 4532 -5332 ) 
4 58 96 (4026 4532 -5532 ) (4026 4524 -5532 ) (4018 4524 -5532 ) (4018 4532 -5532 ) 
4 58 82 (4018 4524 -5532 ) (4026 4524 -5532 ) (4026 4524 -5332 ) (4018 4524 -5332 ) 
4 59 96 (3802 4660 -5532 ) (4018 4660 -5532 ) (4018 4652 -5532 ) (3802 4652 -5532 ) 
4 59 60 (3810 4652 -5532 ) (4018 4652 -5532 ) (4018 4652 -5524 ) (3810 4652 -5524 ) 
4 60 96 (4018 4652 -5532 ) (4018 4532 -5532 ) (3810 4532 -5532 ) (3810 4652 -5532 ) 
4 61 63 (3722 4532 -5212 ) (3722 4652 -5212 ) (3722 4652 -5324 ) (3722 4532 -5324 ) 
4 62 86 (3802 4524 -5524 ) (3802 4524 -5370 ) (3722 4524 -5370 ) (3722 4524 -5524 ) 
4 63 64 (3714 4652 -5212 ) (3714 4652 -5324 ) (3714 4532 -5324 ) (3714 4532 -5212 ) 
4 64 96 (3514 4652 -5532 ) (3714 4652 -5532 ) (3714 4532 -5532 ) (3514 4532 -5532 ) 
4 64 65 (3514 4652 -5212 ) (3514 4652 -5332 ) (3514 4532 -5332 ) (3514 4532 -5212 ) 
4 64 66 (3514 4652 -5524 ) (3514 4652 -5532 ) (3514 4532 -5532 ) (3514 4532 -5524 ) 
4 65 67 (3506 4532 -5332 ) (3506 4532 -5212 ) (3506 4652 -5212 ) (3506 4652 -5332 ) 
4 66 96 (3506 4532 -5532 ) (3506 4652 -5532 ) (3514 4652 -5532 ) (3514 4532 -5532 ) 
4 67 72 (3426 4532 -5332 ) (3426 4532 -5212 ) (3426 4652 -5212 ) (3426 4652 -5332 ) 
4 67 68 (3426 4532 -5332 ) (3426 4532 -5362 ) (3506 4532 -5362 ) (3506 4532 -5332 ) 
4 68 91 (3506 4524 -5362 ) (3506 4524 -5332 ) (3426 4524 -5332 ) (3426 4524 -5362 ) 
4 68 69 (3426 4524 -5362 ) (3426 4532 -5362 ) (3506 4532 -5362 ) (3506 4524 -5362 ) 
4 69 91 (3506 4524 -5370 ) (3506 4524 -5362 ) (3426 4524 -5362 ) (3426 4524 -5370 ) 
4 69 70 (3426 4524 -5370 ) (3426 4532 -5370 ) (3506 4532 -5370 ) (3506 4524 -5370 ) 
4 70 91 (3506 4524 -5524 ) (3506 4524 -5370 ) (3426 4524 -5370 ) (3426 4524 -5524 ) 
4 71 96 (3210 4660 -5532 ) (3426 4660 -5532 ) (3426 4652 -5532 ) (3210 4652 -5532 ) 
4 71 75 (3210 4652 -5524 ) (3210 4652 -5532 ) (3426 4652 -5532 ) (3426 4652 -5524 ) 
4 72 73 (3418 4652 -5212 ) (3418 4652 -5332 ) (3418 4532 -5332 ) (3418 4532 -5212 ) 
4 73 74 (3218 4652 -5212 ) (3218 4652 -5370 ) (3218 4532 -5370 ) (3218 4532 -5212 ) 
4 73 75 (3418 4532 -5524 ) (3218 4532 -5524 ) (3218 4652 -5524 ) (3418 4652 -5524 ) 
4 74 76 (3210 4532 -5362 ) (3210 4532 -5212 ) (3210 4652 -5212 ) (3210 4652 -5362 ) 
4 75 96 (3426 4652 -5532 ) (3426 4532 -5532 ) (3210 4532 -5532 ) (3210 4652 -5532 ) 
4 76 78 (3130 4652 -5362 ) (3130 4532 -5362 ) (3130 4532 -5212 ) (3130 4652 -5212 ) 
4 77 92 (3210 4524 -5524 ) (3210 4524 -5370 ) (3130 4524 -5370 ) (3130 4524 -5524 ) 
4 78 79 (3122 4652 -5212 ) (3122 4652 -5370 ) (3122 4532 -5370 ) (3122 4532 -5212 ) 
4 79 99 (3072 4532 -5212 ) (3072 4652 -5212 ) (3072 4652 -5524 ) (3072 4532 -5524 ) 
4 79 80 (3122 4532 -5524 ) (3072 4532 -5524 ) (3072 4652 -5524 ) (3122 4652 -5524 ) 
4 80 121 (3072 4660 -5524 ) (3072 4660 -5532 ) (3072 4524 -5532 ) (3072 4524 -5524 ) 
4 80 96 (3072 4524 -5532 ) (3072 4660 -5532 ) (3130 4660 -5532 ) (3130 4524 -5532 ) 
4 81 96 (4026 4524 -5532 ) (4096 4524 -5532 ) (4096 4396 -5532 ) (4026 4396 -5532 ) 
4 81 83 (4026 4396 -5532 ) (4096 4396 -5532 ) (4096 4396 -5212 ) (4026 4396 -5212 ) 
4 81 82 (4026 4524 -5332 ) (4026 4524 -5532 ) (4026 4396 -5532 ) (4026 4396 -5332 ) 
4 82 96 (4018 4396 -5532 ) (4018 4524 -5532 ) (4026 4524 -5532 ) (4026 4396 -5532 ) 
4 82 86 (4018 4524 -5332 ) (4018 4524 -5524 ) (4018 4396 -5524 ) (4018 4396 -5332 ) 
4 82 84 (4018 4396 -5524 ) (4018 4396 -5532 ) (4026 4396 -5532 ) (4026 4396 -5524 ) 
4 83 141 (4096 4096 -5532 ) (4096 4096 -5524 ) (4026 4096 -5524 ) (4026 4096 -5532 ) 
4 83 131 (4096 4096 -5524 ) (4096 4096 -5212 ) (4026 4096 -5212 ) (4026 4096 -5524 ) 
4 83 96 (4096 4096 -5532 ) (4026 4096 -5532 ) (4026 4396 -5532 ) (4096 4396 -5532 ) 
4 83 84 (4026 4396 -5524 ) (4026 4396 -5532 ) (4026 4096 -5532 ) (4026 4096 -5524 ) 
4 84 141 (4018 4096 -5524 ) (4018 4096 -5532 ) (4026 4096 -5532 ) (4026 4096 -5524 ) 
4 84 96 (4026 4096 -5532 ) (4018 4096 -5532 ) (4018 4396 -5532 ) (4026 4396 -5532 ) 
4 85 89 (3722 4524 -5212 ) (3722 4524 -5324 ) (3722 4396 -5324 ) (3722 4396 -5212 ) 
4 85 87 (3722 4396 -5212 ) (3722 4396 -5324 ) (4018 4396 -5324 ) (4018 4396 -5212 ) 
4 87 89 (3722 4388 -5324 ) (3722 4388 -5212 ) (3722 4396 -5212 ) (3722 4396 -5324 ) 
4 87 88 (3722 4388 -5212 ) (3722 4388 -5324 ) (4018 4388 -5324 ) (4018 4388 -5212 ) 
4 88 90 (3722 4388 -5524 ) (3722 4164 -5524 ) (3722 4164 -5324 ) (3722 4388 -5324 ) 
4 88 89 (3722 4164 -5324 ) (3722 4164 -5212 ) (3722 4388 -5212 ) (3722 4388 -5324 ) 
4 89 91 (3322 4164 -5324 ) (3322 4524 -5324 ) (3714 4524 -5324 ) (3714 4164 -5324 ) 
4 89 90 (3722 4388 -5324 ) (3722 4164 -5324 ) (3714 4164 -5324 ) (3714 4388 -5324 ) 
4 90 91 (3714 4164 -5524 ) (3714 4164 -5324 ) (3714 4388 -5324 ) (3714 4388 -5524 ) 
4 91 93 (3450 4164 -5362 ) (3450 4164 -5524 ) (3706 4164 -5524 ) (3706 4164 -5362 ) 
4 92 114 (3072 4164 -5212 ) (3072 4396 -5212 ) (3072 4396 -5524 ) (3072 4164 -5524 ) 
4 92 100 (3072 4396 -5212 ) (3072 4524 -5212 ) (3072 4524 -5524 ) (3072 4396 -5524 ) 
4 92 94 (3072 4164 -5362 ) (3072 4164 -5524 ) (3186 4164 -5524 ) (3186 4164 -5362 ) 
4 93 95 (3706 4156 -5524 ) (3706 4156 -5362 ) (3450 4156 -5362 ) (3450 4156 -5524 ) 
4 94 115 (3072 4164 -5362 ) (3072 4164 -5524 ) (3072 4156 -5524 ) (3072 4156 -5362 ) 
4 94 95 (3072 4156 -5362 ) (3072 4156 -5524 ) (3186 4156 -5524 ) (3186 4156 -5362 ) 
4 95 132 (4018 4096 -5212 ) (3072 4096 -5212 ) (3072 4096 -5524 ) (4018 4096 -5524 ) 
4 95 116 (3072 4096 -5524 ) (3072 4096 -5212 ) (3072 4156 -5212 ) (3072 4156 -5524 ) 
4 96 142 (4096 4096 -5696 ) (4096 4096 -5532 ) (3072 4096 -5532 ) (3072 4096 -5696 ) 
4 96 123 (3072 4096 -5696 ) (3072 4096 -5532 ) (3072 4660 -5532 ) (3072 4660 -5696 ) 
4 97 147 (2682 4096 -4932 ) (2618 4096 -4932 ) (2618 4096 -5212 ) (2682 4096 -5212 ) 
4 97 145 (2938 4096 -4932 ) (2682 4096 -4932 ) (2682 4096 -5212 ) (2938 4096 -5212 ) 
4 97 144 (3072 4096 -5212 ) (3072 4096 -4932 ) (2938 4096 -4932 ) (2938 4096 -5212 ) 
4 97 143 (3072 4096 -4932 ) (3072 4096 0 ) (2618 4096 0 ) (2618 4096 -4932 ) 
4 97 124 (2618 5120 0 ) (2618 5120 -5212 ) (2618 4096 -5212 ) (2618 4096 0 ) 
4 97 119 (2618 4164 -5212 ) (2618 4388 -5212 ) (2930 4388 -5212 ) (2930 4164 -5212 ) 
4 97 120 (2618 4096 -5212 ) (2618 4156 -5212 ) (2930 4156 -5212 ) (2930 4096 -5212 ) 
4 97 118 (2618 4388 -5212 ) (2618 4396 -5212 ) (2922 4396 -5212 ) (2922 4388 -5212 ) 
4 97 117 (2922 4396 -5212 ) (2930 4396 -5212 ) (2930 4388 -5212 ) (2922 4388 -5212 ) 
4 97 114 (2930 4396 -5212 ) (3072 4396 -5212 ) (3072 4164 -5212 ) (2930 4164 -5212 ) 
4 97 116 (3072 4156 -5212 ) (3072 4096 -5212 ) (2930 4096 -5212 ) (2930 4156 -5212 ) 
4 97 112 (2618 4396 -5212 ) (2618 4524 -5212 ) (2914 4524 -5212 ) (2914 4396 -5212 ) 
4 97 109 (2826 4652 -5212 ) (2834 4652 -5212 ) (2834 4532 -5212 ) (2826 4532 -5212 ) 
4 97 110 (2618 4532 -5212 ) (2618 4652 -5212 ) (2826 4652 -5212 ) (2826 4532 -5212 ) 
4 97 108 (2618 4660 -5212 ) (2618 5120 -5212 ) (2834 5120 -5212 ) (2834 4660 -5212 ) 
4 97 104 (2914 4652 -5212 ) (2914 4532 -5212 ) (2834 4532 -5212 ) (2834 4652 -5212 ) 
4 97 103 (2834 5120 -5212 ) (2914 5120 -5212 ) (2914 4660 -5212 ) (2834 4660 -5212 ) 
4 97 102 (2922 4396 -5212 ) (2914 4396 -5212 ) (2914 4524 -5212 ) (2922 4524 -5212 ) 
4 97 101 (2914 4532 -5212 ) (2914 4652 -5212 ) (2922 4652 -5212 ) (2922 4532 -5212 ) 
4 97 99 (3072 4652 -5212 ) (3072 4532 -5212 ) (2922 4532 -5212 ) (2922 4652 -5212 ) 
4 97 100 (3072 4524 -5212 ) (3072 4396 -5212 ) (2922 4396 -5212 ) (2922 4524 -5212 ) 
4 97 98 (2914 5120 -5212 ) (3072 5120 -5212 ) (3072 4660 -5212 ) (2914 4660 -5212 ) 
4 98 106 (2914 5120 -5524 ) (2914 4660 -5524 ) (2914 4660 -5362 ) (2914 5120 -5362 ) 
4 98 103 (2914 4660 -5362 ) (2914 4660 -5212 ) (2914 5120 -5212 ) (2914 5120 -5362 ) 
4 99 121 (3072 4652 -5524 ) (3072 4532 -5524 ) (2922 4532 -5524 ) (2922 4652 -5524 ) 
4 99 101 (2922 4652 -5212 ) (2922 4652 -5370 ) (2922 4532 -5370 ) (2922 4532 -5212 ) 
4 100 117 (2922 4396 -5524 ) (2930 4396 -5524 ) (2930 4396 -5212 ) (2922 4396 -5212 ) 
4 100 114 (2930 4396 -5524 ) (3072 4396 -5524 ) (3072 4396 -5212 ) (2930 4396 -5212 ) 
4 100 102 (2922 4396 -5370 ) (2922 4396 -5212 ) (2922 4524 -5212 ) (2922 4524 -5370 ) 
4 101 104 (2914 4532 -5212 ) (2914 4652 -5212 ) (2914 4652 -5362 ) (2914 4532 -5362 ) 
4 102 118 (2922 4396 -5324 ) (2922 4396 -5212 ) (2914 4396 -5212 ) (2914 4396 -5324 ) 
4 102 112 (2914 4396 -5324 ) (2914 4396 -5212 ) (2914 4524 -5212 ) (2914 4524 -5324 ) 
4 102 113 (2914 4396 -5370 ) (2914 4396 -5332 ) (2914 4524 -5332 ) (2914 4524 -5370 ) 
4 103 108 (2834 4660 -5212 ) (2834 5120 -5212 ) (2834 5120 -5362 ) (2834 4660 -5362 ) 
4 103 106 (2834 4660 -5362 ) (2834 5120 -5362 ) (2914 5120 -5362 ) (2914 4660 -5362 ) 
4 104 109 (2834 4532 -5212 ) (2834 4652 -5212 ) (2834 4652 -5362 ) (2834 4532 -5362 ) 
4 104 105 (2834 4532 -5324 ) (2834 4532 -5362 ) (2914 4532 -5362 ) (2914 4532 -5324 ) 
4 105 113 (2914 4524 -5362 ) (2914 4524 -5332 ) (2834 4524 -5332 ) (2834 4524 -5362 ) 
4 105 111 (2834 4524 -5332 ) (2834 4524 -5324 ) (2834 4532 -5324 ) (2834 4532 -5332 ) 
4 106 108 (2834 5120 -5524 ) (2834 4660 -5524 ) (2834 4660 -5362 ) (2834 5120 -5362 ) 
4 106 107 (2914 4660 -5524 ) (2914 4660 -5370 ) (2834 4660 -5370 ) (2834 4660 -5524 ) 
4 107 113 (2834 4524 -5524 ) (2914 4524 -5524 ) (2914 4524 -5370 ) (2834 4524 -5370 ) 
4 108 125 (2618 5088 -5524 ) (2618 4832 -5524 ) (2618 4832 -5332 ) (2618 5088 -5332 ) 
4 109 111 (2834 4532 -5332 ) (2834 4532 -5324 ) (2826 4532 -5324 ) (2826 4532 -5332 ) 
4 109 110 (2826 4652 -5212 ) (2826 4652 -5370 ) (2826 4532 -5370 ) (2826 4532 -5212 ) 
4 110 126 (2618 4652 -5524 ) (2618 4532 -5524 ) (2618 4532 -5212 ) (2618 4652 -5212 ) 
4 110 122 (2618 4532 -5524 ) (2618 4652 -5524 ) (2826 4652 -5524 ) (2826 4532 -5524 ) 
4 110 111 (2826 4532 -5332 ) (2826 4532 -5324 ) (2618 4532 -5324 ) (2618 4532 -5332 ) 
4 112 118 (2914 4396 -5324 ) (2914 4396 -5212 ) (2618 4396 -5212 ) (2618 4396 -5324 ) 
4 113 127 (2618 4524 -5524 ) (2618 4396 -5524 ) (2618 4396 -5332 ) (2618 4524 -5332 ) 
4 114 119 (2930 4388 -5524 ) (2930 4164 -5524 ) (2930 4164 -5212 ) (2930 4388 -5212 ) 
4 114 117 (2930 4396 -5212 ) (2930 4396 -5524 ) (2930 4388 -5524 ) (2930 4388 -5212 ) 
4 114 115 (2930 4164 -5362 ) (2930 4164 -5524 ) (3072 4164 -5524 ) (3072 4164 -5362 ) 
4 115 116 (2930 4156 -5362 ) (2930 4156 -5524 ) (3072 4156 -5524 ) (3072 4156 -5362 ) 
4 116 145 (2938 4096 -5212 ) (2930 4096 -5212 ) (2930 4096 -5524 ) (2938 4096 -5524 ) 
4 116 144 (3072 4096 -5524 ) (3072 4096 -5212 ) (2938 4096 -5212 ) (2938 4096 -5524 ) 
4 116 120 (2930 4156 -5524 ) (2930 4096 -5524 ) (2930 4096 -5212 ) (2930 4156 -5212 ) 
4 117 119 (2922 4388 -5524 ) (2930 4388 -5524 ) (2930 4388 -5212 ) (2922 4388 -5212 ) 
4 117 118 (2922 4396 -5212 ) (2922 4396 -5324 ) (2922 4388 -5324 ) (2922 4388 -5212 ) 
4 118 119 (2922 4388 -5324 ) (2922 4388 -5212 ) (2618 4388 -5212 ) (2618 4388 -5324 ) 
4 120 147 (2682 4096 -5212 ) (2618 4096 -5212 ) (2618 4096 -5524 ) (2682 4096 -5524 ) 
4 120 145 (2930 4096 -5212 ) (2682 4096 -5212 ) (2682 4096 -5524 ) (2930 4096 -5524 ) 
4 121 123 (2914 4660 -5532 ) (3072 4660 -5532 ) (3072 4524 -5532 ) (2914 4524 -5532 ) 
4 122 128 (2618 4660 -5532 ) (2618 4532 -5532 ) (2618 4532 -5524 ) (2618 4660 -5524 ) 
4 122 123 (2618 4532 -5532 ) (2618 4660 -5532 ) (2834 4660 -5532 ) (2834 4532 -5532 ) 
4 123 152 (3072 4096 -5696 ) (3072 4096 -5532 ) (2618 4096 -5532 ) (2618 4096 -5696 ) 
4 123 128 (2618 5120 -5532 ) (2618 5120 -5696 ) (2618 4096 -5696 ) (2618 4096 -5532 ) 
4 124 155 (2048 4096 -5212 ) (2048 4096 0 ) (2048 5120 0 ) (2048 5120 -5212 ) 
4 124 148 (2610 4096 -5212 ) (2618 4096 -5212 ) (2618 4096 -4932 ) (2610 4096 -4932 ) 
4 124 149 (2048 4096 -4932 ) (2048 4096 -5212 ) (2610 4096 -5212 ) (2610 4096 -4932 ) 
4 124 143 (2048 4096 0 ) (2048 4096 -4932 ) (2618 4096 -4932 ) (2618 4096 0 ) 
4 124 129 (2048 4096 -5212 ) (2048 5120 -5212 ) (2610 5120 -5212 ) (2610 4096 -5212 ) 
4 124 126 (2618 4660 -5212 ) (2618 4532 -5212 ) (2610 4532 -5212 ) (2610 4660 -5212 ) 
4 125 129 (2610 5088 -5332 ) (2610 5088 -5524 ) (2610 4832 -5524 ) (2610 4832 -5332 ) 
4 125 128 (2610 4832 -5524 ) (2610 5088 -5524 ) (2618 5088 -5524 ) (2618 4832 -5524 ) 
4 126 129 (2610 4532 -5212 ) (2610 4660 -5212 ) (2610 4660 -5524 ) (2610 4532 -5524 ) 
4 126 128 (2610 4532 -5524 ) (2610 4660 -5524 ) (2618 4660 -5524 ) (2618 4532 -5524 ) 
4 126 127 (2610 4532 -5332 ) (2610 4532 -5524 ) (2618 4532 -5524 ) (2618 4532 -5332 ) 
4 127 129 (2610 4532 -5332 ) (2610 4532 -5524 ) (2610 4396 -5524 ) (2610 4396 -5332 ) 
4 127 128 (2610 4396 -5524 ) (2610 4532 -5524 ) (2618 4532 -5524 ) (2618 4396 -5524 ) 
4 128 152 (2618 4096 -5696 ) (2618 4096 -5532 ) (2610 4096 -5532 ) (2610 4096 -5696 ) 
4 128 151 (2618 4096 -5532 ) (2618 4096 -5524 ) (2610 4096 -5524 ) (2610 4096 -5532 ) 
4 128 129 (2610 4096 -5696 ) (2610 4096 -5524 ) (2610 5120 -5524 ) (2610 5120 -5696 ) 
4 129 155 (2048 4096 -5696 ) (2048 4096 -5212 ) (2048 5120 -5212 ) (2048 5120 -5696 ) 
4 129 152 (2048 4096 -5532 ) (2048 4096 -5696 ) (2610 4096 -5696 ) (2610 4096 -5532 ) 
4 129 151 (2048 4096 -5524 ) (2048 4096 -5532 ) (2610 4096 -5532 ) (2610 4096 -5524 ) 
4 129 149 (2048 4096 -5212 ) (2048 4096 -5524 ) (2610 4096 -5524 ) (2610 4096 -5212 ) 
4 130 144 (3072 4096 -4932 ) (3072 4096 -5212 ) (3072 3676 -5212 ) (3072 3676 -4932 ) 
4 130 143 (3072 4096 0 ) (3072 4096 -4932 ) (3072 3676 -4932 ) (3072 3676 0 ) 
4 130 134 (4018 3676 -5212 ) (4096 3676 -5212 ) (4096 3676 -4932 ) (4018 3676 -4932 ) 
4 130 133 (3072 3676 0 ) (3072 3676 -4932 ) (4096 3676 -4932 ) (4096 3676 0 ) 
4 130 131 (4096 3676 -5212 ) (4026 3676 -5212 ) (4026 4096 -5212 ) (4096 4096 -5212 ) 
4 130 132 (4018 3676 -5212 ) (3072 3676 -5212 ) (3072 4096 -5212 ) (4018 4096 -5212 ) 
4 131 141 (4026 4096 -5524 ) (4096 4096 -5524 ) (4096 3676 -5524 ) (4026 3676 -5524 ) 
4 131 134 (4026 3676 -5524 ) (4096 3676 -5524 ) (4096 3676 -5212 ) (4026 3676 -5212 ) 
4 132 144 (3072 4096 -5212 ) (3072 4096 -5524 ) (3072 3676 -5524 ) (3072 3676 -5212 ) 
4 132 135 (3698 3676 -5524 ) (3954 3676 -5524 ) (3954 3676 -5362 ) (3698 3676 -5362 ) 
4 133 246 (3818 3072 0 ) (3072 3072 0 ) (3072 3072 -4932 ) (3818 3072 -4932 ) 
4 133 175 (4018 3072 0 ) (3818 3072 0 ) (3818 3072 -4932 ) (4018 3072 -4932 ) 
4 133 171 (4096 3072 -4932 ) (4096 3072 0 ) (4018 3072 0 ) (4018 3072 -4932 ) 
4 133 143 (3072 3072 -4932 ) (3072 3072 0 ) (3072 3676 0 ) (3072 3676 -4932 ) 
4 133 138 (4018 3072 -4932 ) (3818 3072 -4932 ) (3818 3223 -4932 ) (4018 3223 -4932 ) 
4 133 137 (3818 3223 -4932 ) (3818 3668 -4932 ) (4018 3668 -4932 ) (4018 3223 -4932 ) 
4 133 136 (4096 3668 -4932 ) (4096 3072 -4932 ) (4018 3072 -4932 ) (4018 3668 -4932 ) 
4 133 140 (3818 3072 -4932 ) (3072 3072 -4932 ) (3072 3668 -4932 ) (3818 3668 -4932 ) 
4 133 134 (4018 3676 -4932 ) (4096 3676 -4932 ) (4096 3668 -4932 ) (4018 3668 -4932 ) 
4 134 141 (4096 3676 -5524 ) (4096 3668 -5524 ) (4018 3668 -5524 ) (4018 3676 -5524 ) 
4 134 136 (4018 3668 -5524 ) (4096 3668 -5524 ) (4096 3668 -4932 ) (4018 3668 -4932 ) 
4 135 137 (3818 3668 -5524 ) (3954 3668 -5524 ) (3954 3668 -5362 ) (3818 3668 -5362 ) 
4 135 140 (3698 3668 -5524 ) (3818 3668 -5524 ) (3818 3668 -5362 ) (3698 3668 -5362 ) 
4 136 173 (4026 3072 -5212 ) (4018 3072 -5212 ) (4018 3072 -5524 ) (4026 3072 -5524 ) 
4 136 172 (4096 3072 -5524 ) (4096 3072 -5212 ) (4026 3072 -5212 ) (4026 3072 -5524 ) 
4 136 171 (4096 3072 -5212 ) (4096 3072 -4932 ) (4018 3072 -4932 ) (4018 3072 -5212 ) 
4 136 141 (4096 3668 -5524 ) (4096 3072 -5524 ) (4018 3072 -5524 ) (4018 3668 -5524 ) 
4 136 138 (4018 3072 -5268 ) (4018 3072 -4932 ) (4018 3223 -4932 ) (4018 3223 -5268 ) 
4 136 139 (4018 3223 -5524 ) (4018 3072 -5524 ) (4018 3072 -5276 ) (4018 3223 -5276 ) 
4 136 137 (4018 3668 -4932 ) (4018 3668 -5524 ) (4018 3223 -5524 ) (4018 3223 -4932 ) 
4 137 138 (3818 3223 -4932 ) (3818 3223 -5268 ) (4018 3223 -5268 ) (4018 3223 -4932 ) 
4 137 139 (3818 3223 -5276 ) (3818 3223 -5524 ) (4018 3223 -5524 ) (4018 3223 -5276 ) 
4 137 140 (3818 3668 -4932 ) (3818 3668 -5524 ) (3818 3223 -5524 ) (3818 3223 -4932 ) 
4 138 175 (4018 3072 -4932 ) (3818 3072 -4932 ) (3818 3072 -5268 ) (4018 3072 -5268 ) 
4 138 140 (3818 3072 -5268 ) (3818 3072 -4932 ) (3818 3223 -4932 ) (3818 3223 -5268 ) 
4 139 213 (3818 3072 -5404 ) (3818 3072 -5524 ) (4018 3072 -5524 ) (4018 3072 -5404 ) 
4 139 177 (3818 3072 -5276 ) (3818 3072 -5404 ) (4018 3072 -5404 ) (4018 3072 -5276 ) 
4 139 140 (3818 3223 -5524 ) (3818 3072 -5524 ) (3818 3072 -5276 ) (3818 3223 -5276 ) 
4 140 247 (3818 3072 -4932 ) (3072 3072 -4932 ) (3072 3072 -5524 ) (3818 3072 -5524 ) 
4 140 150 (3072 3668 -5524 ) (3072 3072 -5524 ) (3072 3072 -4932 ) (3072 3668 -4932 ) 
4 141 173 (4026 3072 -5524 ) (4018 3072 -5524 ) (4018 3072 -5532 ) (4026 3072 -5532 ) 
4 141 172 (4096 3072 -5532 ) (4096 3072 -5524 ) (4026 3072 -5524 ) (4026 3072 -5532 ) 
4 141 142 (4096 3072 -5532 ) (4018 3072 -5532 ) (4018 4096 -5532 ) (4096 4096 -5532 ) 
4 142 251 (3818 3072 -5532 ) (3072 3072 -5532 ) (3072 3072 -5696 ) (3818 3072 -5696 ) 
4 142 245 (4018 3072 -5532 ) (3818 3072 -5532 ) (3818 3072 -5696 ) (4018 3072 -5696 ) 
4 142 173 (4026 3072 -5532 ) (4018 3072 -5532 ) (4018 3072 -5696 ) (4026 3072 -5696 ) 
4 142 172 (4096 3072 -5696 ) (4096 3072 -5532 ) (4026 3072 -5532 ) (4026 3072 -5696 ) 
4 142 152 (3072 4096 -5532 ) (3072 4096 -5696 ) (3072 3072 -5696 ) (3072 3072 -5532 ) 
4 143 252 (3072 3072 -4932 ) (3072 3072 0 ) (2618 3072 0 ) (2618 3072 -4932 ) 
4 143 253 (2618 3072 0 ) (2048 3072 0 ) (2048 3072 -4932 ) (2618 3072 -4932 ) 
4 143 156 (2048 3072 -4932 ) (2048 3072 0 ) (2048 4096 0 ) (2048 4096 -4932 ) 
4 143 148 (2610 4096 -4932 ) (2618 4096 -4932 ) (2618 3668 -4932 ) (2610 3668 -4932 ) 
4 143 149 (2048 3668 -4932 ) (2048 4096 -4932 ) (2610 4096 -4932 ) (2610 3668 -4932 ) 
4 143 147 (2618 4096 -4932 ) (2682 4096 -4932 ) (2682 3676 -4932 ) (2618 3676 -4932 ) 
4 143 145 (2682 4096 -4932 ) (2938 4096 -4932 ) (2938 3676 -4932 ) (2682 3676 -4932 ) 
4 143 144 (2938 4096 -4932 ) (3072 4096 -4932 ) (3072 3676 -4932 ) (2938 3676 -4932 ) 
4 143 150 (3072 3072 -4932 ) (2048 3072 -4932 ) (2048 3668 -4932 ) (3072 3668 -4932 ) 
4 144 145 (2938 4096 -5524 ) (2938 3676 -5524 ) (2938 3676 -4932 ) (2938 4096 -4932 ) 
4 145 147 (2682 4096 -5524 ) (2682 3676 -5524 ) (2682 3676 -4932 ) (2682 4096 -4932 ) 
4 145 146 (2682 3676 -5362 ) (2682 3676 -5524 ) (2938 3676 -5524 ) (2938 3676 -5362 ) 
4 146 150 (2682 3668 -5524 ) (2938 3668 -5524 ) (2938 3668 -5362 ) (2682 3668 -5362 ) 
4 147 148 (2618 3676 -5212 ) (2618 3676 -4932 ) (2618 4096 -4932 ) (2618 4096 -5212 ) 
4 148 149 (2610 3668 -5212 ) (2610 3668 -4932 ) (2610 4096 -4932 ) (2610 4096 -5212 ) 
4 148 150 (2618 3668 -5212 ) (2618 3668 -4932 ) (2610 3668 -4932 ) (2610 3668 -5212 ) 
4 149 156 (2048 3668 -4932 ) (2048 4096 -4932 ) (2048 4096 -5524 ) (2048 3668 -5524 ) 
4 149 151 (2048 3668 -5524 ) (2048 4096 -5524 ) (2610 4096 -5524 ) (2610 3668 -5524 ) 
4 149 150 (2048 3668 -5524 ) (2610 3668 -5524 ) (2610 3668 -4932 ) (2048 3668 -4932 ) 
4 150 252 (3072 3072 -5524 ) (3072 3072 -4932 ) (2618 3072 -4932 ) (2618 3072 -5524 ) 
4 150 253 (2618 3072 -4932 ) (2048 3072 -4932 ) (2048 3072 -5524 ) (2618 3072 -5524 ) 
4 150 156 (2048 3072 -5524 ) (2048 3072 -4932 ) (2048 3668 -4932 ) (2048 3668 -5524 ) 
4 150 151 (2048 3072 -5524 ) (2048 3668 -5524 ) (2618 3668 -5524 ) (2618 3072 -5524 ) 
4 151 253 (2618 3072 -5524 ) (2048 3072 -5524 ) (2048 3072 -5532 ) (2618 3072 -5532 ) 
4 151 156 (2048 3072 -5532 ) (2048 3072 -5524 ) (2048 4096 -5524 ) (2048 4096 -5532 ) 
4 151 152 (2618 3072 -5532 ) (2048 3072 -5532 ) (2048 4096 -5532 ) (2618 4096 -5532 ) 
4 152 254 (3072 3072 -5696 ) (3072 3072 -5532 ) (2048 3072 -5532 ) (2048 3072 -5696 ) 
4 152 156 (2048 3072 -5696 ) (2048 3072 -5532 ) (2048 4096 -5532 ) (2048 4096 -5696 ) 
4 153 155 (2048 5120 -5696 ) (2048 5120 0 ) (1024 5120 0 ) (1024 5120 -5696 ) 
4 153 154 (1024 5120 -5696 ) (1024 5120 0 ) (1024 5957 0 ) (1024 5957 -5696 ) 
4 154 157 (1024 5120 -5696 ) (1024 5120 0 ) (270 5120 0 ) (270 5120 -5696 ) 
4 155 157 (1024 5120 0 ) (1024 5120 -5696 ) (1024 4096 -5696 ) (1024 4096 0 ) 
4 155 156 (2048 4096 -5696 ) (2048 4096 0 ) (1024 4096 0 ) (1024 4096 -5696 ) 
4 156 337 (2048 3072 -5696 ) (2048 3072 0 ) (1024 3072 0 ) (1024 3072 -5696 ) 
4 156 158 (1024 3072 -5696 ) (1024 3072 0 ) (1024 4096 0 ) (1024 4096 -5696 ) 
4 157 158 (1024 4096 -5696 ) (1024 4096 0 ) (270 4096 0 ) (270 4096 -5696 ) 
4 158 339 (1024 3072 -5696 ) (1024 3072 0 ) (270 3072 0 ) (270 3072 -5696 ) 
4 159 161 (6144 3072 0 ) (6144 3072 -5696 ) (6144 2048 -5696 ) (6144 2048 0 ) 
4 159 160 (6606 2048 0 ) (6144 2048 0 ) (6144 2048 -5696 ) (6606 2048 -5696 ) 
4 160 165 (6606 1024 0 ) (6144 1024 0 ) (6144 1024 -5696 ) (6606 1024 -5696 ) 
4 160 163 (6144 1024 -5696 ) (6144 1024 0 ) (6144 2048 0 ) (6144 2048 -5696 ) 
4 161 163 (6144 2048 -5696 ) (6144 2048 0 ) (5120 2048 0 ) (5120 2048 -5696 ) 
4 161 162 (5120 3072 0 ) (5120 3072 -5696 ) (5120 2048 -5696 ) (5120 2048 0 ) 
4 162 172 (4096 3072 -5212 ) (4096 3072 -5696 ) (4096 2048 -5696 ) (4096 2048 -5212 ) 
4 162 171 (4096 3072 0 ) (4096 3072 -5212 ) (4096 2048 -5212 ) (4096 2048 0 ) 
4 162 164 (5120 2048 -5696 ) (5120 2048 0 ) (4096 2048 0 ) (4096 2048 -5696 ) 
4 163 167 (6144 1024 -5696 ) (6144 1024 0 ) (5120 1024 0 ) (5120 1024 -5696 ) 
4 163 164 (5120 2048 0 ) (5120 2048 -5696 ) (5120 1024 -5696 ) (5120 1024 0 ) 
4 164 313 (4096 1024 -5696 ) (4096 1024 -5524 ) (4096 1276 -5524 ) (4096 1276 -5696 ) 
4 164 310 (4096 1024 -5524 ) (4096 1024 -5212 ) (4096 1104 -5212 ) (4096 1104 -5524 ) 
4 164 308 (4096 1104 -5212 ) (4096 1276 -5212 ) (4096 1276 -5524 ) (4096 1104 -5524 ) 
4 164 307 (4096 2048 -5532 ) (4096 2048 -5696 ) (4096 1276 -5696 ) (4096 1276 -5532 ) 
4 164 302 (4096 1412 -5532 ) (4096 1276 -5532 ) (4096 1276 -5524 ) (4096 1412 -5524 ) 
4 164 301 (4096 2048 -5524 ) (4096 2048 -5532 ) (4096 1412 -5532 ) (4096 1412 -5524 ) 
4 164 287 (4096 1276 -5212 ) (4096 1284 -5212 ) (4096 1284 -5524 ) (4096 1276 -5524 ) 
4 164 285 (4096 1284 -5212 ) (4096 1404 -5212 ) (4096 1404 -5524 ) (4096 1284 -5524 ) 
4 164 268 (4096 1404 -5212 ) (4096 1540 -5212 ) (4096 1540 -5524 ) (4096 1404 -5524 ) 
4 164 267 (4096 1540 -5212 ) (4096 2048 -5212 ) (4096 2048 -5524 ) (4096 1540 -5524 ) 
4 164 266 (4096 1024 -5212 ) (4096 1024 0 ) (4096 2048 0 ) (4096 2048 -5212 ) 
4 164 168 (5120 1024 -5696 ) (5120 1024 0 ) (4096 1024 0 ) (4096 1024 -5696 ) 
4 165 167 (6144 1024 0 ) (6144 1024 -5696 ) (6144 0 -5696 ) (6144 0 0 ) 
4 165 166 (6606 0 0 ) (6144 0 0 ) (6144 0 -5696 ) (6606 0 -5696 ) 
4 166 169 (6144 -19.014400 0 ) (6144 0 0 ) (6144 0 -5696 ) (6144 -19.014400 -5696 ) 
4 167 169 (6144 0 -5696 ) (6144 0 0 ) (5120 0 0 ) (5120 0 -5696 ) 
4 167 168 (5120 1024 0 ) (5120 1024 -5696 ) (5120 0 -5696 ) (5120 0 0 ) 
4 168 372 (4096 0 -5696 ) (4096 0 -5532 ) (4096 1024 -5532 ) (4096 1024 -5696 ) 
4 168 369 (4096 0 -5532 ) (4096 0 -5524 ) (4096 516 -5524 ) (4096 516 -5532 ) 
4 168 367 (4096 516 -5524 ) (4096 676 -5524 ) (4096 676 -5532 ) (4096 516 -5532 ) 
4 168 366 (4096 676 -5524 ) (4096 1024 -5524 ) (4096 1024 -5532 ) (4096 676 -5532 ) 
4 168 363 (4096 0 -5524 ) (4096 0 -5332 ) (4096 156 -5332 ) (4096 156 -5524 ) 
4 168 361 (4096 156 -5332 ) (4096 516 -5332 ) (4096 516 -5524 ) (4096 156 -5524 ) 
4 168 357 (4096 0 -5332 ) (4096 0 0 ) (4096 516 0 ) (4096 516 -5332 ) 
4 168 352 (4096 668 -5332 ) (4096 668 -5524 ) (4096 516 -5524 ) (4096 516 -5332 ) 
4 168 350 (4096 668 -5324 ) (4096 668 -5332 ) (4096 516 -5332 ) (4096 516 -5324 ) 
4 168 349 (4096 516 0 ) (4096 668 0 ) (4096 668 -5324 ) (4096 516 -5324 ) 
4 168 347 (4096 676 -5524 ) (4096 668 -5524 ) (4096 668 -5212 ) (4096 676 -5212 ) 
4 168 345 (4096 848 -5524 ) (4096 676 -5524 ) (4096 676 -5212 ) (4096 848 -5212 ) 
4 168 342 (4096 1024 -5212 ) (4096 1024 -5524 ) (4096 848 -5524 ) (4096 848 -5212 ) 
4 168 341 (4096 668 0 ) (4096 1024 0 ) (4096 1024 -5212 ) (4096 668 -5212 ) 
4 168 170 (5120 0 -5696 ) (5120 0 0 ) (4096 0 0 ) (4096 0 -5696 ) 
4 169 170 (5120 -19.014400 0 ) (5120 0 0 ) (5120 0 -5696 ) (5120 -19.014400 -5696 ) 
4 170 385 (4096 -19.014400 0 ) (4096 0 0 ) (4096 0 -5696 ) (4096 -19.014400 -5696 ) 
4 171 266 (4096 2048 -5212 ) (4096 2048 0 ) (4018 2048 0 ) (4018 2048 -5212 ) 
4 171 210 (4018 2048 -5212 ) (4018 2048 -4932 ) (4018 2260 -4932 ) (4018 2260 -5212 ) 
4 171 208 (4018 2766 -4932 ) (4018 2782 -4932 ) (4018 2782 -5212 ) (4018 2766 -5212 ) 
4 171 209 (4018 2268 -4932 ) (4018 2766 -4932 ) (4018 2766 -5212 ) (4018 2268 -5212 ) 
4 171 206 (4018 2782 -4932 ) (4018 2798 -4932 ) (4018 2798 -5212 ) (4018 2782 -5212 ) 
4 171 204 (4018 2798 -4932 ) (4018 2814 -4932 ) (4018 2814 -5212 ) (4018 2798 -5212 ) 
4 171 203 (4018 2048 -4932 ) (4018 2048 0 ) (4018 2814 0 ) (4018 2814 -4932 ) 
4 171 193 (4018 2878 0 ) (4018 2894 0 ) (4018 2894 -5212 ) (4018 2878 -5212 ) 
4 171 194 (4018 2814 0 ) (4018 2878 0 ) (4018 2878 -5212 ) (4018 2814 -5212 ) 
4 171 175 (4018 2894 0 ) (4018 3072 0 ) (4018 3072 -5212 ) (4018 2894 -5212 ) 
4 171 173 (4018 2268 -5212 ) (4018 3072 -5212 ) (4026 3072 -5212 ) (4026 2268 -5212 ) 
4 171 172 (4096 2048 -5212 ) (4026 2048 -5212 ) (4026 3072 -5212 ) (4096 3072 -5212 ) 
4 172 307 (4096 2048 -5696 ) (4096 2048 -5532 ) (4026 2048 -5532 ) (4026 2048 -5696 ) 
4 172 301 (4096 2048 -5532 ) (4096 2048 -5524 ) (4026 2048 -5524 ) (4026 2048 -5532 ) 
4 172 267 (4096 2048 -5524 ) (4096 2048 -5212 ) (4026 2048 -5212 ) (4026 2048 -5524 ) 
4 172 174 (4026 2268 -5696 ) (4026 2048 -5696 ) (4026 2048 -5524 ) (4026 2268 -5524 ) 
4 172 173 (4026 3072 -5696 ) (4026 2268 -5696 ) (4026 2268 -5212 ) (4026 3072 -5212 ) 
4 173 245 (4018 3072 -5532 ) (4018 3072 -5696 ) (4018 2268 -5696 ) (4018 2268 -5532 ) 
4 173 242 (4018 2526 -5524 ) (4018 2268 -5524 ) (4018 2268 -5404 ) (4018 2526 -5404 ) 
4 173 241 (4018 2526 -5516 ) (4018 2526 -5404 ) (4018 2542 -5404 ) (4018 2542 -5516 ) 
4 173 239 (4018 2542 -5508 ) (4018 2542 -5404 ) (4018 2558 -5404 ) (4018 2558 -5508 ) 
4 173 240 (4018 2558 -5524 ) (4018 2542 -5524 ) (4018 2542 -5516 ) (4018 2558 -5516 ) 
4 173 237 (4018 2558 -5500 ) (4018 2558 -5404 ) (4018 2574 -5404 ) (4018 2574 -5500 ) 
4 173 238 (4018 2574 -5524 ) (4018 2558 -5524 ) (4018 2558 -5508 ) (4018 2574 -5508 ) 
4 173 235 (4018 2574 -5492 ) (4018 2574 -5404 ) (4018 2590 -5404 ) (4018 2590 -5492 ) 
4 173 236 (4018 2590 -5524 ) (4018 2574 -5524 ) (4018 2574 -5500 ) (4018 2590 -5500 ) 
4 173 233 (4018 2590 -5484 ) (4018 2590 -5404 ) (4018 2606 -5404 ) (4018 2606 -5484 ) 
4 173 234 (4018 2606 -5524 ) (4018 2590 -5524 ) (4018 2590 -5492 ) (4018 2606 -5492 ) 
4 173 231 (4018 2606 -5476 ) (4018 2606 -5404 ) (4018 2622 -5404 ) (4018 2622 -5476 ) 
4 173 232 (4018 2622 -5524 ) (4018 2606 -5524 ) (4018 2606 -5484 ) (4018 2622 -5484 ) 
4 173 229 (4018 2622 -5468 ) (4018 2622 -5404 ) (4018 2638 -5404 ) (4018 2638 -5468 ) 
4 173 230 (4018 2638 -5524 ) (4018 2622 -5524 ) (4018 2622 -5476 ) (4018 2638 -5476 ) 
4 173 227 (4018 2638 -5460 ) (4018 2638 -5404 ) (4018 2654 -5404 ) (4018 2654 -5460 ) 
4 173 228 (4018 2654 -5524 ) (4018 2638 -5524 ) (4018 2638 -5468 ) (4018 2654 -5468 ) 
4 173 225 (4018 2654 -5452 ) (4018 2654 -5404 ) (4018 2670 -5404 ) (4018 2670 -5452 ) 
4 173 226 (4018 2670 -5524 ) (4018 2654 -5524 ) (4018 2654 -5460 ) (4018 2670 -5460 ) 
4 173 223 (4018 2670 -5444 ) (4018 2670 -5404 ) (4018 2686 -5404 ) (4018 2686 -5444 ) 
4 173 224 (4018 2686 -5524 ) (4018 2670 -5524 ) (4018 2670 -5452 ) (4018 2686 -5452 ) 
4 173 221 (4018 2686 -5436 ) (4018 2686 -5404 ) (4018 2702 -5404 ) (4018 2702 -5436 ) 
4 173 222 (4018 2702 -5524 ) (4018 2686 -5524 ) (4018 2686 -5444 ) (4018 2702 -5444 ) 
4 173 219 (4018 2702 -5428 ) (4018 2702 -5404 ) (4018 2718 -5404 ) (4018 2718 -5428 ) 
4 173 220 (4018 2718 -5524 ) (4018 2702 -5524 ) (4018 2702 -5436 ) (4018 2718 -5436 ) 
4 173 217 (4018 2718 -5420 ) (4018 2718 -5404 ) (4018 2734 -5404 ) (4018 2734 -5420 ) 
4 173 218 (4018 2734 -5524 ) (4018 2718 -5524 ) (4018 2718 -5428 ) (4018 2734 -5428 ) 
4 173 215 (4018 2734 -5412 ) (4018 2734 -5404 ) (4018 2750 -5404 ) (4018 2750 -5412 ) 
4 173 216 (4018 2750 -5524 ) (4018 2734 -5524 ) (4018 2734 -5420 ) (4018 2750 -5420 ) 
4 173 214 (4018 2766 -5524 ) (4018 2750 -5524 ) (4018 2750 -5412 ) (4018 2766 -5412 ) 
4 173 213 (4018 3072 -5404 ) (4018 3072 -5524 ) (4018 2766 -5524 ) (4018 2766 -5404 ) 
4 173 208 (4018 2766 -5212 ) (4018 2782 -5212 ) (4018 2782 -5396 ) (4018 2766 -5396 ) 
4 173 209 (4018 2268 -5212 ) (4018 2766 -5212 ) (4018 2766 -5404 ) (4018 2268 -5404 ) 
4 173 206 (4018 2782 -5212 ) (4018 2798 -5212 ) (4018 2798 -5388 ) (4018 2782 -5388 ) 
4 173 207 (4018 2798 -5396 ) (4018 2798 -5404 ) (4018 2782 -5404 ) (4018 2782 -5396 ) 
4 173 204 (4018 2798 -5212 ) (4018 2814 -5212 ) (4018 2814 -5380 ) (4018 2798 -5380 ) 
4 173 205 (4018 2814 -5388 ) (4018 2814 -5404 ) (4018 2798 -5404 ) (4018 2798 -5388 ) 
4 173 201 (4018 2814 -5372 ) (4018 2814 -5356 ) (4018 2830 -5356 ) (4018 2830 -5372 ) 
4 173 202 (4018 2830 -5404 ) (4018 2814 -5404 ) (4018 2814 -5380 ) (4018 2830 -5380 ) 
4 173 199 (4018 2830 -5364 ) (4018 2830 -5356 ) (4018 2846 -5356 ) (4018 2846 -5364 ) 
4 173 200 (4018 2846 -5404 ) (4018 2830 -5404 ) (4018 2830 -5372 ) (4018 2846 -5372 ) 
4 173 198 (4018 2862 -5404 ) (4018 2846 -5404 ) (4018 2846 -5364 ) (4018 2862 -5364 ) 
4 173 197 (4018 2894 -5356 ) (4018 2894 -5404 ) (4018 2862 -5404 ) (4018 2862 -5356 ) 
4 173 195 (4018 2894 -5348 ) (4018 2894 -5356 ) (4018 2878 -5356 ) (4018 2878 -5348 ) 
4 173 196 (4018 2862 -5356 ) (4018 2814 -5356 ) (4018 2814 -5348 ) (4018 2862 -5348 ) 
4 173 193 (4018 2878 -5212 ) (4018 2894 -5212 ) (4018 2894 -5340 ) (4018 2878 -5340 ) 
4 173 194 (4018 2814 -5212 ) (4018 2878 -5212 ) (4018 2878 -5348 ) (4018 2814 -5348 ) 
4 173 191 (4018 2894 -5332 ) (4018 2894 -5276 ) (4018 2910 -5276 ) (4018 2910 -5332 ) 
4 173 192 (4018 2910 -5404 ) (4018 2894 -5404 ) (4018 2894 -5340 ) (4018 2910 -5340 ) 
4 173 189 (4018 2910 -5324 ) (4018 2910 -5276 ) (4018 2926 -5276 ) (4018 2926 -5324 ) 
4 173 190 (4018 2926 -5404 ) (4018 2910 -5404 ) (4018 2910 -5332 ) (4018 2926 -5332 ) 
4 173 187 (4018 2926 -5316 ) (4018 2926 -5276 ) (4018 2942 -5276 ) (4018 2942 -5316 ) 
4 173 188 (4018 2942 -5404 ) (4018 2926 -5404 ) (4018 2926 -5324 ) (4018 2942 -5324 ) 
4 173 185 (4018 2942 -5308 ) (4018 2942 -5276 ) (4018 2958 -5276 ) (4018 2958 -5308 ) 
4 173 186 (4018 2958 -5404 ) (4018 2942 -5404 ) (4018 2942 -5316 ) (4018 2958 -5316 ) 
4 173 183 (4018 2958 -5300 ) (4018 2958 -5276 ) (4018 2974 -5276 ) (4018 2974 -5300 ) 
4 173 184 (4018 2974 -5404 ) (4018 2958 -5404 ) (4018 2958 -5308 ) (4018 2974 -5308 ) 
4 173 181 (4018 2974 -5292 ) (4018 2974 -5276 ) (4018 2990 -5276 ) (4018 2990 -5292 ) 
4 173 182 (4018 2990 -5404 ) (4018 2974 -5404 ) (4018 2974 -5300 ) (4018 2990 -5300 ) 
4 173 179 (4018 2990 -5284 ) (4018 2990 -5276 ) (4018 3006 -5276 ) (4018 3006 -5284 ) 
4 173 180 (4018 3006 -5404 ) (4018 2990 -5404 ) (4018 2990 -5292 ) (4018 3006 -5292 ) 
4 173 178 (4018 3022 -5404 ) (4018 3006 -5404 ) (4018 3006 -5284 ) (4018 3022 -5284 ) 
4 173 177 (4018 3072 -5276 ) (4018 3072 -5404 ) (4018 3022 -5404 ) (4018 3022 -5276 ) 
4 173 176 (4018 3022 -5276 ) (4018 2894 -5276 ) (4018 2894 -5268 ) (4018 3022 -5268 ) 
4 173 175 (4018 2894 -5212 ) (4018 3072 -5212 ) (4018 3072 -5268 ) (4018 2894 -5268 ) 
4 173 174 (4018 2268 -5696 ) (4026 2268 -5696 ) (4026 2268 -5524 ) (4018 2268 -5524 ) 
4 174 307 (4018 2048 -5532 ) (4018 2048 -5696 ) (4026 2048 -5696 ) (4026 2048 -5532 ) 
4 174 301 (4018 2048 -5524 ) (4018 2048 -5532 ) (4026 2048 -5532 ) (4026 2048 -5524 ) 
4 174 245 (4018 2048 -5696 ) (4018 2048 -5532 ) (4018 2268 -5532 ) (4018 2268 -5696 ) 
4 175 247 (3818 3072 -4932 ) (3818 3072 -5268 ) (3818 2894 -5268 ) (3818 2894 -4932 ) 
4 175 246 (3818 3072 0 ) (3818 3072 -4932 ) (3818 2894 -4932 ) (3818 2894 0 ) 
4 175 193 (3818 2894 0 ) (3818 2894 -5268 ) (4018 2894 -5268 ) (4018 2894 0 ) 
4 175 176 (4018 2894 -5268 ) (3818 2894 -5268 ) (3818 3022 -5268 ) (4018 3022 -5268 ) 
4 176 247 (3818 3022 -5276 ) (3818 2894 -5276 ) (3818 2894 -5268 ) (3818 3022 -5268 ) 
4 176 193 (3818 2894 -5268 ) (3818 2894 -5276 ) (4018 2894 -5276 ) (4018 2894 -5268 ) 
4 176 191 (4018 2894 -5276 ) (3818 2894 -5276 ) (3818 2910 -5276 ) (4018 2910 -5276 ) 
4 176 189 (3818 2910 -5276 ) (3818 2926 -5276 ) (4018 2926 -5276 ) (4018 2910 -5276 ) 
4 176 187 (3818 2926 -5276 ) (3818 2942 -5276 ) (4018 2942 -5276 ) (4018 2926 -5276 ) 
4 176 185 (3818 2942 -5276 ) (3818 2958 -5276 ) (4018 2958 -5276 ) (4018 2942 -5276 ) 
4 176 183 (3818 2958 -5276 ) (3818 2974 -5276 ) (4018 2974 -5276 ) (4018 2958 -5276 ) 
4 176 181 (3818 2974 -5276 ) (3818 2990 -5276 ) (4018 2990 -5276 ) (4018 2974 -5276 ) 
4 176 179 (3818 2990 -5276 ) (3818 3006 -5276 ) (4018 3006 -5276 ) (4018 2990 -5276 ) 
4 177 247 (3818 3072 -5276 ) (3818 3072 -5404 ) (3818 3022 -5404 ) (3818 3022 -5276 ) 
4 177 213 (3818 3022 -5404 ) (3818 3072 -5404 ) (4018 3072 -5404 ) (4018 3022 -5404 ) 
4 177 178 (3818 3022 -5404 ) (4018 3022 -5404 ) (4018 3022 -5284 ) (3818 3022 -5284 ) 
4 178 247 (3818 3022 -5404 ) (3818 3006 -5404 ) (3818 3006 -5284 ) (3818 3022 -5284 ) 
4 178 213 (3818 3006 -5404 ) (3818 3022 -5404 ) (4018 3022 -5404 ) (4018 3006 -5404 ) 
4 178 180 (3818 3006 -5404 ) (4018 3006 -5404 ) (4018 3006 -5292 ) (3818 3006 -5292 ) 
4 179 247 (3818 2990 -5284 ) (3818 2990 -5276 ) (3818 3006 -5276 ) (3818 3006 -5284 ) 
4 179 181 (4018 2990 -5284 ) (4018 2990 -5276 ) (3818 2990 -5276 ) (3818 2990 -5284 ) 
4 180 247 (3818 3006 -5404 ) (3818 2990 -5404 ) (3818 2990 -5292 ) (3818 3006 -5292 ) 
4 180 213 (3818 2990 -5404 ) (3818 3006 -5404 ) (4018 3006 -5404 ) (4018 2990 -5404 ) 
4 180 182 (3818 2990 -5404 ) (4018 2990 -5404 ) (4018 2990 -5300 ) (3818 2990 -5300 ) 
4 181 247 (3818 2974 -5292 ) (3818 2974 -5276 ) (3818 2990 -5276 ) (3818 2990 -5292 ) 
4 181 183 (4018 2974 -5292 ) (4018 2974 -5276 ) (3818 2974 -5276 ) (3818 2974 -5292 ) 
4 182 247 (3818 2990 -5404 ) (3818 2974 -5404 ) (3818 2974 -5300 ) (3818 2990 -5300 ) 
4 182 213 (3818 2974 -5404 ) (3818 2990 -5404 ) (4018 2990 -5404 ) (4018 2974 -5404 ) 
4 182 184 (3818 2974 -5404 ) (4018 2974 -5404 ) (4018 2974 -5308 ) (3818 2974 -5308 ) 
4 183 247 (3818 2958 -5300 ) (3818 2958 -5276 ) (3818 2974 -5276 ) (3818 2974 -5300 ) 
4 183 185 (4018 2958 -5300 ) (4018 2958 -5276 ) (3818 2958 -5276 ) (3818 2958 -5300 ) 
4 184 247 (3818 2974 -5404 ) (3818 2958 -5404 ) (3818 2958 -5308 ) (3818 2974 -5308 ) 
4 184 213 (3818 2958 -5404 ) (3818 2974 -5404 ) (4018 2974 -5404 ) (4018 2958 -5404 ) 
4 184 186 (3818 2958 -5404 ) (4018 2958 -5404 ) (4018 2958 -5316 ) (3818 2958 -5316 ) 
4 185 247 (3818 2942 -5308 ) (3818 2942 -5276 ) (3818 2958 -5276 ) (3818 2958 -5308 ) 
4 185 187 (4018 2942 -5308 ) (4018 2942 -5276 ) (3818 2942 -5276 ) (3818 2942 -5308 ) 
4 186 247 (3818 2958 -5404 ) (3818 2942 -5404 ) (3818 2942 -5316 ) (3818 2958 -5316 ) 
4 186 213 (3818 2942 -5404 ) (3818 2958 -5404 ) (4018 2958 -5404 ) (4018 2942 -5404 ) 
4 186 188 (3818 2942 -5404 ) (4018 2942 -5404 ) (4018 2942 -5324 ) (3818 2942 -5324 ) 
4 187 247 (3818 2926 -5316 ) (3818 2926 -5276 ) (3818 2942 -5276 ) (3818 2942 -5316 ) 
4 187 189 (4018 2926 -5316 ) (4018 2926 -5276 ) (3818 2926 -5276 ) (3818 2926 -5316 ) 
4 188 247 (3818 2942 -5404 ) (3818 2926 -5404 ) (3818 2926 -5324 ) (3818 2942 -5324 ) 
4 188 213 (3818 2926 -5404 ) (3818 2942 -5404 ) (4018 2942 -5404 ) (4018 2926 -5404 ) 
4 188 190 (3818 2926 -5404 ) (4018 2926 -5404 ) (4018 2926 -5332 ) (3818 2926 -5332 ) 
4 189 247 (3818 2910 -5324 ) (3818 2910 -5276 ) (3818 2926 -5276 ) (3818 2926 -5324 ) 
4 189 191 (4018 2910 -5324 ) (4018 2910 -5276 ) (3818 2910 -5276 ) (3818 2910 -5324 ) 
4 190 247 (3818 2926 -5404 ) (3818 2910 -5404 ) (3818 2910 -5332 ) (3818 2926 -5332 ) 
4 190 213 (3818 2910 -5404 ) (3818 2926 -5404 ) (4018 2926 -5404 ) (4018 2910 -5404 ) 
4 190 192 (3818 2910 -5404 ) (4018 2910 -5404 ) (4018 2910 -5340 ) (3818 2910 -5340 ) 
4 191 247 (3818 2894 -5332 ) (3818 2894 -5276 ) (3818 2910 -5276 ) (3818 2910 -5332 ) 
4 191 193 (3818 2894 -5276 ) (3818 2894 -5332 ) (4018 2894 -5332 ) (4018 2894 -5276 ) 
4 192 247 (3818 2910 -5404 ) (3818 2894 -5404 ) (3818 2894 -5340 ) (3818 2910 -5340 ) 
4 192 213 (3818 2894 -5404 ) (3818 2910 -5404 ) (4018 2910 -5404 ) (4018 2894 -5404 ) 
4 192 197 (3818 2894 -5356 ) (3818 2894 -5404 ) (4018 2894 -5404 ) (4018 2894 -5356 ) 
4 192 195 (3818 2894 -5348 ) (3818 2894 -5356 ) (4018 2894 -5356 ) (4018 2894 -5348 ) 
4 193 247 (3818 2894 -4932 ) (3818 2894 -5340 ) (3818 2878 -5340 ) (3818 2878 -4932 ) 
4 193 246 (3818 2878 0 ) (3818 2894 0 ) (3818 2894 -4932 ) (3818 2878 -4932 ) 
4 193 194 (4018 2878 -5340 ) (4018 2878 0 ) (3818 2878 0 ) (3818 2878 -5340 ) 
4 194 247 (3818 2814 -5348 ) (3818 2814 -4932 ) (3818 2878 -4932 ) (3818 2878 -5348 ) 
4 194 246 (3818 2814 -4932 ) (3818 2814 0 ) (3818 2878 0 ) (3818 2878 -4932 ) 
4 194 204 (3818 2814 -4932 ) (3818 2814 -5348 ) (4018 2814 -5348 ) (4018 2814 -4932 ) 
4 194 203 (3818 2814 0 ) (3818 2814 -4932 ) (4018 2814 -4932 ) (4018 2814 0 ) 
4 194 196 (4018 2814 -5348 ) (3818 2814 -5348 ) (3818 2862 -5348 ) (4018 2862 -5348 ) 
4 195 247 (3818 2878 -5348 ) (3818 2894 -5348 ) (3818 2894 -5356 ) (3818 2878 -5356 ) 
4 195 197 (3818 2878 -5356 ) (3818 2894 -5356 ) (4018 2894 -5356 ) (4018 2878 -5356 ) 
4 196 247 (3818 2814 -5356 ) (3818 2814 -5348 ) (3818 2862 -5348 ) (3818 2862 -5356 ) 
4 196 204 (3818 2814 -5348 ) (3818 2814 -5356 ) (4018 2814 -5356 ) (4018 2814 -5348 ) 
4 196 201 (4018 2814 -5356 ) (3818 2814 -5356 ) (3818 2830 -5356 ) (4018 2830 -5356 ) 
4 196 199 (3818 2830 -5356 ) (3818 2846 -5356 ) (4018 2846 -5356 ) (4018 2830 -5356 ) 
4 197 247 (3818 2894 -5404 ) (3818 2862 -5404 ) (3818 2862 -5356 ) (3818 2894 -5356 ) 
4 197 213 (3818 2862 -5404 ) (3818 2894 -5404 ) (4018 2894 -5404 ) (4018 2862 -5404 ) 
4 197 198 (3818 2862 -5404 ) (4018 2862 -5404 ) (4018 2862 -5364 ) (3818 2862 -5364 ) 
4 198 247 (3818 2862 -5404 ) (3818 2846 -5404 ) (3818 2846 -5364 ) (3818 2862 -5364 ) 
4 198 213 (3818 2846 -5404 ) (3818 2862 -5404 ) (4018 2862 -5404 ) (4018 2846 -5404 ) 
4 198 200 (3818 2846 -5404 ) (4018 2846 -5404 ) (4018 2846 -5372 ) (3818 2846 -5372 ) 
4 199 247 (3818 2830 -5364 ) (3818 2830 -5356 ) (3818 2846 -5356 ) (3818 2846 -5364 ) 
4 199 201 (4018 2830 -5364 ) (4018 2830 -5356 ) (3818 2830 -5356 ) (3818 2830 -5364 ) 
4 200 247 (3818 2846 -5404 ) (3818 2830 -5404 ) (3818 2830 -5372 ) (3818 2846 -5372 ) 
4 200 213 (3818 2830 -5404 ) (3818 2846 -5404 ) (4018 2846 -5404 ) (4018 2830 -5404 ) 
4 200 202 (3818 2830 -5404 ) (4018 2830 -5404 ) (4018 2830 -5380 ) (3818 2830 -5380 ) 
4 201 247 (3818 2814 -5372 ) (3818 2814 -5356 ) (3818 2830 -5356 ) (3818 2830 -5372 ) 
4 201 204 (3818 2814 -5356 ) (3818 2814 -5372 ) (4018 2814 -5372 ) (4018 2814 -5356 ) 
4 202 247 (3818 2830 -5404 ) (3818 2814 -5404 ) (3818 2814 -5380 ) (3818 2830 -5380 ) 
4 202 213 (3818 2814 -5404 ) (3818 2830 -5404 ) (4018 2830 -5404 ) (4018 2814 -5404 ) 
4 202 205 (3818 2814 -5388 ) (3818 2814 -5404 ) (4018 2814 -5404 ) (4018 2814 -5388 ) 
4 203 266 (4018 2048 -4932 ) (4018 2048 0 ) (3818 2048 0 ) (3818 2048 -4932 ) 
4 203 246 (3818 2048 -4932 ) (3818 2048 0 ) (3818 2814 0 ) (3818 2814 -4932 ) 
4 203 212 (3818 2048 -4932 ) (3818 2260 -4932 ) (3954 2260 -4932 ) (3954 2048 -4932 ) 
4 203 210 (4018 2260 -4932 ) (4018 2048 -4932 ) (3954 2048 -4932 ) (3954 2260 -4932 ) 
4 203 208 (3818 2766 -4932 ) (3818 2782 -4932 ) (4018 2782 -4932 ) (4018 2766 -4932 ) 
4 203 209 (3818 2268 -4932 ) (3818 2766 -4932 ) (4018 2766 -4932 ) (4018 2268 -4932 ) 
4 203 206 (3818 2782 -4932 ) (3818 2798 -4932 ) (4018 2798 -4932 ) (4018 2782 -4932 ) 
4 203 204 (3818 2798 -4932 ) (3818 2814 -4932 ) (4018 2814 -4932 ) (4018 2798 -4932 ) 
4 204 247 (3818 2798 -5380 ) (3818 2798 -4932 ) (3818 2814 -4932 ) (3818 2814 -5380 ) 
4 204 206 (4018 2798 -5380 ) (4018 2798 -4932 ) (3818 2798 -4932 ) (3818 2798 -5380 ) 
4 205 247 (3818 2814 -5404 ) (3818 2798 -5404 ) (3818 2798 -5388 ) (3818 2814 -5388 ) 
4 205 213 (3818 2798 -5404 ) (3818 2814 -5404 ) (4018 2814 -5404 ) (4018 2798 -5404 ) 
4 205 207 (3818 2798 -5404 ) (4018 2798 -5404 ) (4018 2798 -5396 ) (3818 2798 -5396 ) 
4 206 247 (3818 2782 -5388 ) (3818 2782 -4932 ) (3818 2798 -4932 ) (3818 2798 -5388 ) 
4 206 208 (4018 2782 -5388 ) (4018 2782 -4932 ) (3818 2782 -4932 ) (3818 2782 -5388 ) 
4 207 247 (3818 2798 -5404 ) (3818 2782 -5404 ) (3818 2782 -5396 ) (3818 2798 -5396 ) 
4 207 213 (3818 2782 -5404 ) (3818 2798 -5404 ) (4018 2798 -5404 ) (4018 2782 -5404 ) 
4 208 247 (3818 2766 -5396 ) (3818 2766 -4932 ) (3818 2782 -4932 ) (3818 2782 -5396 ) 
4 208 209 (4018 2766 -5396 ) (4018 2766 -4932 ) (3818 2766 -4932 ) (3818 2766 -5396 ) 
4 209 247 (3818 2766 -5404 ) (3818 2268 -5404 ) (3818 2268 -4932 ) (3818 2766 -4932 ) 
4 209 242 (3954 2526 -5404 ) (4018 2526 -5404 ) (4018 2268 -5404 ) (3954 2268 -5404 ) 
4 209 244 (3818 2268 -5404 ) (3818 2526 -5404 ) (3954 2526 -5404 ) (3954 2268 -5404 ) 
4 209 241 (3818 2526 -5404 ) (3818 2542 -5404 ) (4018 2542 -5404 ) (4018 2526 -5404 ) 
4 209 239 (3818 2542 -5404 ) (3818 2558 -5404 ) (4018 2558 -5404 ) (4018 2542 -5404 ) 
4 209 237 (3818 2558 -5404 ) (3818 2574 -5404 ) (4018 2574 -5404 ) (4018 2558 -5404 ) 
4 209 235 (3818 2574 -5404 ) (3818 2590 -5404 ) (4018 2590 -5404 ) (4018 2574 -5404 ) 
4 209 233 (3818 2590 -5404 ) (3818 2606 -5404 ) (4018 2606 -5404 ) (4018 2590 -5404 ) 
4 209 231 (3818 2606 -5404 ) (3818 2622 -5404 ) (4018 2622 -5404 ) (4018 2606 -5404 ) 
4 209 229 (3818 2622 -5404 ) (3818 2638 -5404 ) (4018 2638 -5404 ) (4018 2622 -5404 ) 
4 209 227 (3818 2638 -5404 ) (3818 2654 -5404 ) (4018 2654 -5404 ) (4018 2638 -5404 ) 
4 209 225 (3818 2654 -5404 ) (3818 2670 -5404 ) (4018 2670 -5404 ) (4018 2654 -5404 ) 
4 209 223 (3818 2670 -5404 ) (3818 2686 -5404 ) (4018 2686 -5404 ) (4018 2670 -5404 ) 
4 209 221 (3818 2686 -5404 ) (3818 2702 -5404 ) (4018 2702 -5404 ) (4018 2686 -5404 ) 
4 209 219 (3818 2702 -5404 ) (3818 2718 -5404 ) (4018 2718 -5404 ) (4018 2702 -5404 ) 
4 209 217 (3818 2718 -5404 ) (3818 2734 -5404 ) (4018 2734 -5404 ) (4018 2718 -5404 ) 
4 209 215 (3818 2734 -5404 ) (3818 2750 -5404 ) (4018 2750 -5404 ) (4018 2734 -5404 ) 
4 209 211 (3818 2268 -5404 ) (3954 2268 -5404 ) (3954 2268 -5362 ) (3818 2268 -5362 ) 
4 210 270 (4018 2048 -5404 ) (4018 2048 -5212 ) (3954 2048 -5212 ) (3954 2048 -5404 ) 
4 210 266 (4018 2048 -5212 ) (4018 2048 -4932 ) (3954 2048 -4932 ) (3954 2048 -5212 ) 
4 210 243 (4018 2260 -5404 ) (4018 2048 -5404 ) (3954 2048 -5404 ) (3954 2260 -5404 ) 
4 210 212 (3954 2260 -5404 ) (3954 2048 -5404 ) (3954 2048 -4932 ) (3954 2260 -4932 ) 
4 211 248 (3818 2268 -5404 ) (3818 2260 -5404 ) (3818 2260 -5362 ) (3818 2268 -5362 ) 
4 211 244 (3818 2260 -5404 ) (3818 2268 -5404 ) (3954 2268 -5404 ) (3954 2260 -5404 ) 
4 211 212 (3818 2260 -5404 ) (3954 2260 -5404 ) (3954 2260 -5362 ) (3818 2260 -5362 ) 
4 212 270 (3818 2048 -5212 ) (3818 2048 -5404 ) (3954 2048 -5404 ) (3954 2048 -5212 ) 
4 212 266 (3954 2048 -4932 ) (3818 2048 -4932 ) (3818 2048 -5212 ) (3954 2048 -5212 ) 
4 212 250 (3818 2260 -5404 ) (3818 2048 -5404 ) (3818 2048 -4932 ) (3818 2260 -4932 ) 
4 212 244 (3818 2048 -5404 ) (3818 2260 -5404 ) (3954 2260 -5404 ) (3954 2048 -5404 ) 
4 213 247 (3818 3072 -5404 ) (3818 3072 -5524 ) (3818 2766 -5524 ) (3818 2766 -5404 ) 
4 213 214 (3818 2766 -5524 ) (4018 2766 -5524 ) (4018 2766 -5412 ) (3818 2766 -5412 ) 
4 214 247 (3818 2766 -5524 ) (3818 2750 -5524 ) (3818 2750 -5412 ) (3818 2766 -5412 ) 
4 214 216 (3818 2750 -5524 ) (4018 2750 -5524 ) (4018 2750 -5420 ) (3818 2750 -5420 ) 
4 215 247 (3818 2734 -5412 ) (3818 2734 -5404 ) (3818 2750 -5404 ) (3818 2750 -5412 ) 
4 215 217 (4018 2734 -5412 ) (4018 2734 -5404 ) (3818 2734 -5404 ) (3818 2734 -5412 ) 
4 216 247 (3818 2750 -5524 ) (3818 2734 -5524 ) (3818 2734 -5420 ) (3818 2750 -5420 ) 
4 216 218 (3818 2734 -5524 ) (4018 2734 -5524 ) (4018 2734 -5428 ) (3818 2734 -5428 ) 
4 217 247 (3818 2718 -5420 ) (3818 2718 -5404 ) (3818 2734 -5404 ) (3818 2734 -5420 ) 
4 217 219 (4018 2718 -5420 ) (4018 2718 -5404 ) (3818 2718 -5404 ) (3818 2718 -5420 ) 
4 218 247 (3818 2734 -5524 ) (3818 2718 -5524 ) (3818 2718 -5428 ) (3818 2734 -5428 ) 
4 218 220 (3818 2718 -5524 ) (4018 2718 -5524 ) (4018 2718 -5436 ) (3818 2718 -5436 ) 
4 219 247 (3818 2702 -5428 ) (3818 2702 -5404 ) (3818 2718 -5404 ) (3818 2718 -5428 ) 
4 219 221 (4018 2702 -5428 ) (4018 2702 -5404 ) (3818 2702 -5404 ) (3818 2702 -5428 ) 
4 220 247 (3818 2718 -5524 ) (3818 2702 -5524 ) (3818 2702 -5436 ) (3818 2718 -5436 ) 
4 220 222 (3818 2702 -5524 ) (4018 2702 -5524 ) (4018 2702 -5444 ) (3818 2702 -5444 ) 
4 221 247 (3818 2686 -5436 ) (3818 2686 -5404 ) (3818 2702 -5404 ) (3818 2702 -5436 ) 
4 221 223 (4018 2686 -5436 ) (4018 2686 -5404 ) (3818 2686 -5404 ) (3818 2686 -5436 ) 
4 222 247 (3818 2702 -5524 ) (3818 2686 -5524 ) (3818 2686 -5444 ) (3818 2702 -5444 ) 
4 222 224 (3818 2686 -5524 ) (4018 2686 -5524 ) (4018 2686 -5452 ) (3818 2686 -5452 ) 
4 223 247 (3818 2670 -5444 ) (3818 2670 -5404 ) (3818 2686 -5404 ) (3818 2686 -5444 ) 
4 223 225 (4018 2670 -5444 ) (4018 2670 -5404 ) (3818 2670 -5404 ) (3818 2670 -5444 ) 
4 224 247 (3818 2686 -5524 ) (3818 2670 -5524 ) (3818 2670 -5452 ) (3818 2686 -5452 ) 
4 224 226 (3818 2670 -5524 ) (4018 2670 -5524 ) (4018 2670 -5460 ) (3818 2670 -5460 ) 
4 225 247 (3818 2654 -5452 ) (3818 2654 -5404 ) (3818 2670 -5404 ) (3818 2670 -5452 ) 
4 225 227 (4018 2654 -5452 ) (4018 2654 -5404 ) (3818 2654 -5404 ) (3818 2654 -5452 ) 
4 226 247 (3818 2670 -5524 ) (3818 2654 -5524 ) (3818 2654 -5460 ) (3818 2670 -5460 ) 
4 226 228 (3818 2654 -5524 ) (4018 2654 -5524 ) (4018 2654 -5468 ) (3818 2654 -5468 ) 
4 227 247 (3818 2638 -5460 ) (3818 2638 -5404 ) (3818 2654 -5404 ) (3818 2654 -5460 ) 
4 227 229 (4018 2638 -5460 ) (4018 2638 -5404 ) (3818 2638 -5404 ) (3818 2638 -5460 ) 
4 228 247 (3818 2654 -5524 ) (3818 2638 -5524 ) (3818 2638 -5468 ) (3818 2654 -5468 ) 
4 228 230 (3818 2638 -5524 ) (4018 2638 -5524 ) (4018 2638 -5476 ) (3818 2638 -5476 ) 
4 229 247 (3818 2622 -5468 ) (3818 2622 -5404 ) (3818 2638 -5404 ) (3818 2638 -5468 ) 
4 229 231 (4018 2622 -5468 ) (4018 2622 -5404 ) (3818 2622 -5404 ) (3818 2622 -5468 ) 
4 230 247 (3818 2638 -5524 ) (3818 2622 -5524 ) (3818 2622 -5476 ) (3818 2638 -5476 ) 
4 230 232 (3818 2622 -5524 ) (4018 2622 -5524 ) (4018 2622 -5484 ) (3818 2622 -5484 ) 
4 231 247 (3818 2606 -5476 ) (3818 2606 -5404 ) (3818 2622 -5404 ) (3818 2622 -5476 ) 
4 231 233 (4018 2606 -5476 ) (4018 2606 -5404 ) (3818 2606 -5404 ) (3818 2606 -5476 ) 
4 232 247 (3818 2622 -5524 ) (3818 2606 -5524 ) (3818 2606 -5484 ) (3818 2622 -5484 ) 
4 232 234 (3818 2606 -5524 ) (4018 2606 -5524 ) (4018 2606 -5492 ) (3818 2606 -5492 ) 
4 233 247 (3818 2590 -5484 ) (3818 2590 -5404 ) (3818 2606 -5404 ) (3818 2606 -5484 ) 
4 233 235 (4018 2590 -5484 ) (4018 2590 -5404 ) (3818 2590 -5404 ) (3818 2590 -5484 ) 
4 234 247 (3818 2606 -5524 ) (3818 2590 -5524 ) (3818 2590 -5492 ) (3818 2606 -5492 ) 
4 234 236 (3818 2590 -5524 ) (4018 2590 -5524 ) (4018 2590 -5500 ) (3818 2590 -5500 ) 
4 235 247 (3818 2574 -5492 ) (3818 2574 -5404 ) (3818 2590 -5404 ) (3818 2590 -5492 ) 
4 235 237 (4018 2574 -5492 ) (4018 2574 -5404 ) (3818 2574 -5404 ) (3818 2574 -5492 ) 
4 236 247 (3818 2590 -5524 ) (3818 2574 -5524 ) (3818 2574 -5500 ) (3818 2590 -5500 ) 
4 236 238 (3818 2574 -5524 ) (4018 2574 -5524 ) (4018 2574 -5508 ) (3818 2574 -5508 ) 
4 237 247 (3818 2558 -5500 ) (3818 2558 -5404 ) (3818 2574 -5404 ) (3818 2574 -5500 ) 
4 237 239 (4018 2558 -5500 ) (4018 2558 -5404 ) (3818 2558 -5404 ) (3818 2558 -5500 ) 
4 238 247 (3818 2574 -5524 ) (3818 2558 -5524 ) (3818 2558 -5508 ) (3818 2574 -5508 ) 
4 238 240 (3818 2558 -5524 ) (4018 2558 -5524 ) (4018 2558 -5516 ) (3818 2558 -5516 ) 
4 239 247 (3818 2542 -5508 ) (3818 2542 -5404 ) (3818 2558 -5404 ) (3818 2558 -5508 ) 
4 239 241 (4018 2542 -5508 ) (4018 2542 -5404 ) (3818 2542 -5404 ) (3818 2542 -5508 ) 
4 240 247 (3818 2558 -5524 ) (3818 2542 -5524 ) (3818 2542 -5516 ) (3818 2558 -5516 ) 
4 241 247 (3818 2526 -5516 ) (3818 2526 -5404 ) (3818 2542 -5404 ) (3818 2542 -5516 ) 
4 241 242 (4018 2526 -5516 ) (4018 2526 -5404 ) (3954 2526 -5404 ) (3954 2526 -5516 ) 
4 241 244 (3954 2526 -5404 ) (3818 2526 -5404 ) (3818 2526 -5516 ) (3954 2526 -5516 ) 
4 242 244 (3954 2526 -5404 ) (3954 2526 -5524 ) (3954 2268 -5524 ) (3954 2268 -5404 ) 
4 243 270 (4018 2048 -5524 ) (4018 2048 -5404 ) (3954 2048 -5404 ) (3954 2048 -5524 ) 
4 243 244 (3954 2260 -5524 ) (3954 2048 -5524 ) (3954 2048 -5404 ) (3954 2260 -5404 ) 
4 244 270 (3954 2048 -5404 ) (3818 2048 -5404 ) (3818 2048 -5524 ) (3954 2048 -5524 ) 
4 244 248 (3818 2268 -5524 ) (3818 2260 -5524 ) (3818 2260 -5404 ) (3818 2268 -5404 ) 
4 244 247 (3818 2526 -5524 ) (3818 2268 -5524 ) (3818 2268 -5404 ) (3818 2526 -5404 ) 
4 244 250 (3818 2260 -5524 ) (3818 2048 -5524 ) (3818 2048 -5404 ) (3818 2260 -5404 ) 
4 245 307 (4018 2048 -5696 ) (4018 2048 -5532 ) (3818 2048 -5532 ) (3818 2048 -5696 ) 
4 245 251 (3818 3072 -5532 ) (3818 3072 -5696 ) (3818 2048 -5696 ) (3818 2048 -5532 ) 
4 246 266 (3818 2048 -4932 ) (3818 2048 0 ) (3072 2048 0 ) (3072 2048 -4932 ) 
4 246 261 (3072 2260 -4932 ) (3072 2048 -4932 ) (3072 2048 0 ) (3072 2260 0 ) 
4 246 255 (3072 2268 -4932 ) (3072 2260 -4932 ) (3072 2260 0 ) (3072 2268 0 ) 
4 246 252 (3072 3072 0 ) (3072 3072 -4932 ) (3072 2268 -4932 ) (3072 2268 0 ) 
4 246 247 (3072 2268 -4932 ) (3072 3072 -4932 ) (3818 3072 -4932 ) (3818 2268 -4932 ) 
4 246 250 (3072 2048 -4932 ) (3072 2260 -4932 ) (3818 2260 -4932 ) (3818 2048 -4932 ) 
4 247 252 (3072 3072 -4932 ) (3072 3072 -5524 ) (3072 2268 -5524 ) (3072 2268 -4932 ) 
4 247 249 (3186 2268 -5374 ) (3186 2268 -5322 ) (3072 2268 -5322 ) (3072 2268 -5374 ) 
4 247 248 (3698 2268 -5524 ) (3818 2268 -5524 ) (3818 2268 -5362 ) (3698 2268 -5362 ) 
4 248 250 (3698 2260 -5524 ) (3818 2260 -5524 ) (3818 2260 -5362 ) (3698 2260 -5362 ) 
4 249 256 (3072 2260 -5374 ) (3072 2260 -5322 ) (3072 2268 -5322 ) (3072 2268 -5374 ) 
4 249 250 (3186 2260 -5374 ) (3186 2260 -5322 ) (3072 2260 -5322 ) (3072 2260 -5374 ) 
4 250 270 (3818 2048 -5524 ) (3818 2048 -5212 ) (3072 2048 -5212 ) (3072 2048 -5524 ) 
4 250 266 (3818 2048 -5212 ) (3818 2048 -4932 ) (3072 2048 -4932 ) (3072 2048 -5212 ) 
4 250 262 (3072 2260 -5524 ) (3072 2048 -5524 ) (3072 2048 -5212 ) (3072 2260 -5212 ) 
4 250 261 (3072 2048 -5212 ) (3072 2048 -4932 ) (3072 2260 -4932 ) (3072 2260 -5212 ) 
4 251 307 (3818 2048 -5696 ) (3818 2048 -5532 ) (3072 2048 -5532 ) (3072 2048 -5696 ) 
4 251 264 (3072 2260 -5696 ) (3072 2048 -5696 ) (3072 2048 -5532 ) (3072 2260 -5532 ) 
4 251 257 (3072 2268 -5696 ) (3072 2260 -5696 ) (3072 2260 -5532 ) (3072 2268 -5532 ) 
4 251 254 (3072 3072 -5532 ) (3072 3072 -5696 ) (3072 2268 -5696 ) (3072 2268 -5532 ) 
4 252 258 (2930 2268 0 ) (2618 2268 0 ) (2618 2268 -4932 ) (2930 2268 -4932 ) 
4 252 255 (3072 2268 -4932 ) (3072 2268 0 ) (2930 2268 0 ) (2930 2268 -4932 ) 
4 252 256 (3072 2268 -5374 ) (3072 2268 -5322 ) (2930 2268 -5322 ) (2930 2268 -5374 ) 
4 252 253 (2618 2268 -5524 ) (2618 2268 0 ) (2618 3072 0 ) (2618 3072 -5524 ) 
4 253 337 (2048 3072 0 ) (2048 3072 -5532 ) (2048 2268 -5532 ) (2048 2268 0 ) 
4 253 260 (2048 2268 -4932 ) (2048 2268 -5532 ) (2618 2268 -5532 ) (2618 2268 -4932 ) 
4 253 258 (2048 2268 0 ) (2048 2268 -4932 ) (2618 2268 -4932 ) (2618 2268 0 ) 
4 253 254 (2618 2268 -5532 ) (2048 2268 -5532 ) (2048 3072 -5532 ) (2618 3072 -5532 ) 
4 254 337 (2048 3072 -5532 ) (2048 3072 -5696 ) (2048 2268 -5696 ) (2048 2268 -5532 ) 
4 254 259 (2618 2268 -5696 ) (2930 2268 -5696 ) (2930 2268 -5532 ) (2618 2268 -5532 ) 
4 254 260 (2048 2268 -5532 ) (2048 2268 -5696 ) (2618 2268 -5696 ) (2618 2268 -5532 ) 
4 254 257 (2930 2268 -5696 ) (3072 2268 -5696 ) (3072 2268 -5532 ) (2930 2268 -5532 ) 
4 255 261 (3072 2260 -4932 ) (3072 2260 0 ) (2930 2260 0 ) (2930 2260 -4932 ) 
4 255 258 (2930 2268 0 ) (2930 2268 -4932 ) (2930 2260 -4932 ) (2930 2260 0 ) 
4 256 262 (3072 2260 -5374 ) (3072 2260 -5322 ) (2930 2260 -5322 ) (2930 2260 -5374 ) 
4 257 264 (3072 2260 -5696 ) (3072 2260 -5532 ) (2930 2260 -5532 ) (2930 2260 -5696 ) 
4 257 259 (2930 2268 -5532 ) (2930 2268 -5696 ) (2930 2260 -5696 ) (2930 2260 -5532 ) 
4 258 337 (2048 2260 -4932 ) (2048 2260 0 ) (2048 2268 0 ) (2048 2268 -4932 ) 
4 258 261 (2930 2260 -4932 ) (2930 2260 0 ) (2048 2260 0 ) (2048 2260 -4932 ) 
4 258 260 (2048 2268 -4932 ) (2618 2268 -4932 ) (2618 2260 -4932 ) (2048 2260 -4932 ) 
4 259 264 (2930 2260 -5696 ) (2930 2260 -5532 ) (2618 2260 -5532 ) (2618 2260 -5696 ) 
4 259 260 (2618 2268 -5696 ) (2618 2260 -5696 ) (2618 2260 -5532 ) (2618 2268 -5532 ) 
4 260 337 (2048 2260 -5696 ) (2048 2260 -4932 ) (2048 2268 -4932 ) (2048 2268 -5696 ) 
4 260 265 (2048 2260 -5524 ) (2048 2260 -5696 ) (2618 2260 -5696 ) (2618 2260 -5524 ) 
4 260 263 (2048 2260 -5212 ) (2048 2260 -5524 ) (2610 2260 -5524 ) (2610 2260 -5212 ) 
4 260 261 (2618 2260 -4932 ) (2048 2260 -4932 ) (2048 2260 -5212 ) (2618 2260 -5212 ) 
4 261 337 (2048 2048 -5212 ) (2048 2048 0 ) (2048 2260 0 ) (2048 2260 -5212 ) 
4 261 315 (3072 2048 -5212 ) (3072 2048 0 ) (2048 2048 0 ) (2048 2048 -5212 ) 
4 261 262 (2618 2260 -5212 ) (3072 2260 -5212 ) (3072 2048 -5212 ) (2618 2048 -5212 ) 
4 261 263 (2048 2260 -5212 ) (2610 2260 -5212 ) (2610 2048 -5212 ) (2048 2048 -5212 ) 
4 262 316 (3072 2048 -5524 ) (3072 2048 -5212 ) (2618 2048 -5212 ) (2618 2048 -5524 ) 
4 263 337 (2048 2048 -5524 ) (2048 2048 -5212 ) (2048 2260 -5212 ) (2048 2260 -5524 ) 
4 263 336 (2610 2048 -5212 ) (2048 2048 -5212 ) (2048 2048 -5524 ) (2610 2048 -5524 ) 
4 263 265 (2610 2048 -5524 ) (2048 2048 -5524 ) (2048 2260 -5524 ) (2610 2260 -5524 ) 
4 264 331 (3072 2048 -5696 ) (3072 2048 -5532 ) (2618 2048 -5532 ) (2618 2048 -5696 ) 
4 264 265 (2618 2260 -5696 ) (2618 2048 -5696 ) (2618 2048 -5532 ) (2618 2260 -5532 ) 
4 265 337 (2048 2048 -5696 ) (2048 2048 -5524 ) (2048 2260 -5524 ) (2048 2260 -5696 ) 
4 265 336 (2610 2048 -5524 ) (2048 2048 -5524 ) (2048 2048 -5696 ) (2610 2048 -5696 ) 
4 265 335 (2618 2048 -5524 ) (2610 2048 -5524 ) (2610 2048 -5696 ) (2618 2048 -5696 ) 
4 266 341 (4096 1024 -5212 ) (4096 1024 0 ) (3072 1024 0 ) (3072 1024 -5212 ) 
4 266 315 (3072 2048 0 ) (3072 2048 -5212 ) (3072 1024 -5212 ) (3072 1024 0 ) 
4 266 310 (4096 1024 -5212 ) (4026 1024 -5212 ) (4026 1104 -5212 ) (4096 1104 -5212 ) 
4 266 312 (4018 1024 -5212 ) (3072 1024 -5212 ) (3072 1104 -5212 ) (4018 1104 -5212 ) 
4 266 308 (4026 1276 -5212 ) (4096 1276 -5212 ) (4096 1104 -5212 ) (4026 1104 -5212 ) 
4 266 309 (3072 1104 -5212 ) (3072 1276 -5212 ) (4018 1276 -5212 ) (4018 1104 -5212 ) 
4 266 299 (3122 1404 -5212 ) (3130 1404 -5212 ) (3130 1284 -5212 ) (3122 1284 -5212 ) 
4 266 300 (3072 1284 -5212 ) (3072 1404 -5212 ) (3122 1404 -5212 ) (3122 1284 -5212 ) 
4 266 297 (3130 1404 -5212 ) (3210 1404 -5212 ) (3210 1284 -5212 ) (3130 1284 -5212 ) 
4 266 296 (3210 1404 -5212 ) (3218 1404 -5212 ) (3218 1284 -5212 ) (3210 1284 -5212 ) 
4 266 294 (3418 1404 -5212 ) (3426 1404 -5212 ) (3426 1284 -5212 ) (3418 1284 -5212 ) 
4 266 295 (3218 1404 -5212 ) (3418 1404 -5212 ) (3418 1284 -5212 ) (3218 1284 -5212 ) 
4 266 292 (3426 1404 -5212 ) (3506 1404 -5212 ) (3506 1284 -5212 ) (3426 1284 -5212 ) 
4 266 290 (3506 1404 -5212 ) (3722 1404 -5212 ) (3722 1284 -5212 ) (3506 1284 -5212 ) 
4 266 288 (3722 1404 -5212 ) (3802 1404 -5212 ) (3802 1284 -5212 ) (3722 1284 -5212 ) 
4 266 287 (4096 1284 -5212 ) (4096 1276 -5212 ) (4018 1276 -5212 ) (4018 1284 -5212 ) 
4 266 286 (3802 1404 -5212 ) (3810 1404 -5212 ) (3810 1284 -5212 ) (3802 1284 -5212 ) 
4 266 285 (3810 1404 -5212 ) (4096 1404 -5212 ) (4096 1284 -5212 ) (3810 1284 -5212 ) 
4 266 278 (3322 1772 -5212 ) (3714 1772 -5212 ) (3714 1412 -5212 ) (3322 1412 -5212 ) 
4 266 279 (3072 1412 -5212 ) (3072 1772 -5212 ) (3314 1772 -5212 ) (3314 1412 -5212 ) 
4 266 277 (3722 1412 -5212 ) (3714 1412 -5212 ) (3714 1540 -5212 ) (3722 1540 -5212 ) 
4 266 275 (4018 1540 -5212 ) (4018 1412 -5212 ) (3722 1412 -5212 ) (3722 1540 -5212 ) 
4 266 274 (4018 1548 -5212 ) (4018 1540 -5212 ) (3714 1540 -5212 ) (3714 1548 -5212 ) 
4 266 273 (3714 1772 -5212 ) (4018 1772 -5212 ) (4018 1548 -5212 ) (3714 1548 -5212 ) 
4 266 270 (3072 1780 -5212 ) (3072 2048 -5212 ) (4018 2048 -5212 ) (4018 1780 -5212 ) 
4 266 268 (4096 1540 -5212 ) (4096 1404 -5212 ) (4026 1404 -5212 ) (4026 1540 -5212 ) 
4 266 267 (4026 2048 -5212 ) (4096 2048 -5212 ) (4096 1540 -5212 ) (4026 1540 -5212 ) 
4 267 301 (4026 2048 -5524 ) (4096 2048 -5524 ) (4096 1540 -5524 ) (4026 1540 -5524 ) 
4 267 268 (4026 1540 -5524 ) (4096 1540 -5524 ) (4096 1540 -5212 ) (4026 1540 -5212 ) 
4 268 302 (4096 1412 -5524 ) (4096 1404 -5524 ) (4026 1404 -5524 ) (4026 1412 -5524 ) 
4 268 301 (4096 1540 -5524 ) (4096 1412 -5524 ) (4026 1412 -5524 ) (4026 1540 -5524 ) 
4 268 285 (4026 1404 -5524 ) (4096 1404 -5524 ) (4096 1404 -5212 ) (4026 1404 -5212 ) 
4 268 269 (4026 1540 -5332 ) (4026 1540 -5524 ) (4026 1404 -5524 ) (4026 1404 -5332 ) 
4 269 302 (4026 1404 -5524 ) (4018 1404 -5524 ) (4018 1412 -5524 ) (4026 1412 -5524 ) 
4 269 301 (4018 1412 -5524 ) (4018 1540 -5524 ) (4026 1540 -5524 ) (4026 1412 -5524 ) 
4 269 285 (4018 1404 -5524 ) (4026 1404 -5524 ) (4026 1404 -5332 ) (4018 1404 -5332 ) 
4 269 276 (4018 1540 -5524 ) (4018 1412 -5524 ) (4018 1412 -5332 ) (4018 1540 -5332 ) 
4 270 316 (3072 2048 -5212 ) (3072 2048 -5524 ) (3072 1780 -5524 ) (3072 1780 -5212 ) 
4 270 272 (3072 1780 -5524 ) (3186 1780 -5524 ) (3186 1780 -5362 ) (3072 1780 -5362 ) 
4 270 271 (3450 1780 -5524 ) (3706 1780 -5524 ) (3706 1780 -5362 ) (3450 1780 -5362 ) 
4 271 278 (3450 1772 -5524 ) (3706 1772 -5524 ) (3706 1772 -5362 ) (3450 1772 -5362 ) 
4 272 317 (3072 1780 -5524 ) (3072 1772 -5524 ) (3072 1772 -5362 ) (3072 1780 -5362 ) 
4 272 279 (3072 1772 -5524 ) (3186 1772 -5524 ) (3186 1772 -5362 ) (3072 1772 -5362 ) 
4 273 278 (3714 1772 -5212 ) (3714 1772 -5524 ) (3714 1548 -5524 ) (3714 1548 -5212 ) 
4 273 274 (3714 1548 -5212 ) (3714 1548 -5324 ) (4018 1548 -5324 ) (4018 1548 -5212 ) 
4 274 278 (3714 1540 -5324 ) (3714 1540 -5212 ) (3714 1548 -5212 ) (3714 1548 -5324 ) 
4 274 277 (3714 1540 -5212 ) (3714 1540 -5324 ) (3722 1540 -5324 ) (3722 1540 -5212 ) 
4 274 275 (3722 1540 -5324 ) (4018 1540 -5324 ) (4018 1540 -5212 ) (3722 1540 -5212 ) 
4 275 277 (3722 1540 -5212 ) (3722 1540 -5324 ) (3722 1412 -5324 ) (3722 1412 -5212 ) 
4 276 282 (3722 1412 -5524 ) (3802 1412 -5524 ) (3802 1412 -5370 ) (3722 1412 -5370 ) 
4 276 281 (3802 1412 -5362 ) (3802 1412 -5332 ) (3722 1412 -5332 ) (3722 1412 -5362 ) 
4 276 277 (3722 1540 -5332 ) (3722 1540 -5370 ) (3722 1412 -5370 ) (3722 1412 -5332 ) 
4 277 278 (3714 1412 -5370 ) (3714 1412 -5212 ) (3714 1540 -5212 ) (3714 1540 -5370 ) 
4 278 283 (3426 1412 -5524 ) (3506 1412 -5524 ) (3506 1412 -5370 ) (3426 1412 -5370 ) 
4 279 319 (3072 1772 -5524 ) (3072 1412 -5524 ) (3072 1412 -5324 ) (3072 1772 -5324 ) 
4 279 318 (3072 1412 -5324 ) (3072 1412 -5212 ) (3072 1772 -5212 ) (3072 1772 -5324 ) 
4 279 284 (3130 1412 -5524 ) (3210 1412 -5524 ) (3210 1412 -5332 ) (3130 1412 -5332 ) 
4 280 286 (3810 1404 -5324 ) (3802 1404 -5324 ) (3802 1404 -5332 ) (3810 1404 -5332 ) 
4 280 285 (4018 1404 -5332 ) (4018 1404 -5324 ) (3810 1404 -5324 ) (3810 1404 -5332 ) 
4 280 281 (3802 1412 -5324 ) (3802 1412 -5332 ) (3802 1404 -5332 ) (3802 1404 -5324 ) 
4 281 288 (3802 1404 -5362 ) (3802 1404 -5324 ) (3722 1404 -5324 ) (3722 1404 -5362 ) 
4 282 289 (3722 1404 -5524 ) (3802 1404 -5524 ) (3802 1404 -5370 ) (3722 1404 -5370 ) 
4 283 293 (3426 1404 -5524 ) (3506 1404 -5524 ) (3506 1404 -5370 ) (3426 1404 -5370 ) 
4 284 298 (3130 1404 -5524 ) (3210 1404 -5524 ) (3210 1404 -5370 ) (3130 1404 -5370 ) 
4 284 297 (3210 1404 -5362 ) (3210 1404 -5332 ) (3130 1404 -5332 ) (3130 1404 -5362 ) 
4 285 303 (3810 1404 -5524 ) (4018 1404 -5524 ) (4018 1284 -5524 ) (3810 1284 -5524 ) 
4 285 302 (4018 1404 -5524 ) (4096 1404 -5524 ) (4096 1284 -5524 ) (4018 1284 -5524 ) 
4 285 287 (4018 1284 -5524 ) (4096 1284 -5524 ) (4096 1284 -5212 ) (4018 1284 -5212 ) 
4 285 286 (3810 1404 -5212 ) (3810 1404 -5370 ) (3810 1284 -5370 ) (3810 1284 -5212 ) 
4 286 288 (3802 1404 -5212 ) (3802 1404 -5362 ) (3802 1284 -5362 ) (3802 1284 -5212 ) 
4 287 308 (4096 1276 -5212 ) (4026 1276 -5212 ) (4026 1276 -5524 ) (4096 1276 -5524 ) 
4 287 302 (4096 1276 -5524 ) (4018 1276 -5524 ) (4018 1284 -5524 ) (4096 1284 -5524 ) 
4 288 290 (3722 1404 -5212 ) (3722 1404 -5362 ) (3722 1284 -5362 ) (3722 1284 -5212 ) 
4 289 309 (3722 1276 -5370 ) (3722 1276 -5524 ) (3802 1276 -5524 ) (3802 1276 -5370 ) 
4 290 292 (3506 1404 -5212 ) (3506 1404 -5362 ) (3506 1284 -5362 ) (3506 1284 -5212 ) 
4 290 291 (3714 1284 -5370 ) (3514 1284 -5370 ) (3514 1404 -5370 ) (3714 1404 -5370 ) 
4 291 304 (3514 1404 -5524 ) (3714 1404 -5524 ) (3714 1284 -5524 ) (3514 1284 -5524 ) 
4 292 294 (3426 1404 -5212 ) (3426 1404 -5362 ) (3426 1284 -5362 ) (3426 1284 -5212 ) 
4 293 309 (3426 1276 -5370 ) (3426 1276 -5524 ) (3506 1276 -5524 ) (3506 1276 -5370 ) 
4 294 295 (3418 1404 -5212 ) (3418 1404 -5370 ) (3418 1284 -5370 ) (3418 1284 -5212 ) 
4 295 305 (3218 1404 -5524 ) (3418 1404 -5524 ) (3418 1284 -5524 ) (3218 1284 -5524 ) 
4 295 296 (3218 1404 -5212 ) (3218 1404 -5332 ) (3218 1284 -5332 ) (3218 1284 -5212 ) 
4 296 297 (3210 1404 -5212 ) (3210 1404 -5332 ) (3210 1284 -5332 ) (3210 1284 -5212 ) 
4 297 299 (3130 1404 -5212 ) (3130 1404 -5332 ) (3130 1284 -5332 ) (3130 1284 -5212 ) 
4 298 309 (3130 1276 -5370 ) (3130 1276 -5524 ) (3210 1276 -5524 ) (3210 1276 -5370 ) 
4 299 300 (3122 1404 -5212 ) (3122 1404 -5332 ) (3122 1284 -5332 ) (3122 1284 -5212 ) 
4 300 323 (3072 1404 -5524 ) (3072 1284 -5524 ) (3072 1284 -5212 ) (3072 1404 -5212 ) 
4 300 306 (3072 1284 -5524 ) (3072 1404 -5524 ) (3122 1404 -5524 ) (3122 1284 -5524 ) 
4 301 307 (4018 2048 -5532 ) (4096 2048 -5532 ) (4096 1412 -5532 ) (4018 1412 -5532 ) 
4 301 302 (4018 1412 -5532 ) (4096 1412 -5532 ) (4096 1412 -5524 ) (4018 1412 -5524 ) 
4 302 313 (4018 1276 -5532 ) (4096 1276 -5532 ) (4096 1276 -5524 ) (4018 1276 -5524 ) 
4 302 307 (4096 1276 -5532 ) (4018 1276 -5532 ) (4018 1412 -5532 ) (4096 1412 -5532 ) 
4 302 303 (4018 1404 -5532 ) (4018 1276 -5532 ) (4018 1276 -5524 ) (4018 1404 -5524 ) 
4 303 307 (4018 1276 -5532 ) (3802 1276 -5532 ) (3802 1404 -5532 ) (4018 1404 -5532 ) 
4 304 307 (3722 1276 -5532 ) (3506 1276 -5532 ) (3506 1412 -5532 ) (3722 1412 -5532 ) 
4 305 307 (3426 1276 -5532 ) (3210 1276 -5532 ) (3210 1404 -5532 ) (3426 1404 -5532 ) 
4 306 323 (3072 1404 -5532 ) (3072 1284 -5532 ) (3072 1284 -5524 ) (3072 1404 -5524 ) 
4 306 307 (3072 1284 -5532 ) (3072 1404 -5532 ) (3130 1404 -5532 ) (3130 1284 -5532 ) 
4 307 331 (3072 2048 -5532 ) (3072 2048 -5696 ) (3072 1276 -5696 ) (3072 1276 -5532 ) 
4 307 314 (3072 1276 -5532 ) (3072 1276 -5696 ) (4018 1276 -5696 ) (4018 1276 -5532 ) 
4 307 313 (4018 1276 -5696 ) (4096 1276 -5696 ) (4096 1276 -5532 ) (4018 1276 -5532 ) 
4 308 313 (4026 1276 -5524 ) (4096 1276 -5524 ) (4096 1104 -5524 ) (4026 1104 -5524 ) 
4 308 310 (4026 1104 -5524 ) (4096 1104 -5524 ) (4096 1104 -5212 ) (4026 1104 -5212 ) 
4 309 330 (3072 1104 -5212 ) (3072 1276 -5212 ) (3072 1276 -5524 ) (3072 1104 -5524 ) 
4 309 312 (3072 1104 -5524 ) (4018 1104 -5524 ) (4018 1104 -5212 ) (3072 1104 -5212 ) 
4 310 342 (4096 1024 -5524 ) (4096 1024 -5212 ) (4026 1024 -5212 ) (4026 1024 -5524 ) 
4 310 313 (4096 1024 -5524 ) (4026 1024 -5524 ) (4026 1104 -5524 ) (4096 1104 -5524 ) 
4 310 311 (4026 1104 -5332 ) (4026 1104 -5524 ) (4026 1024 -5524 ) (4026 1024 -5332 ) 
4 311 343 (4018 1024 -5332 ) (4018 1024 -5524 ) (4026 1024 -5524 ) (4026 1024 -5332 ) 
4 311 313 (4026 1024 -5524 ) (4018 1024 -5524 ) (4018 1104 -5524 ) (4026 1104 -5524 ) 
4 311 312 (4018 1104 -5332 ) (4018 1104 -5524 ) (4018 1024 -5524 ) (4018 1024 -5332 ) 
4 312 344 (4018 1024 -5212 ) (3072 1024 -5212 ) (3072 1024 -5524 ) (4018 1024 -5524 ) 
4 312 330 (3072 1024 -5524 ) (3072 1024 -5212 ) (3072 1104 -5212 ) (3072 1104 -5524 ) 
4 313 372 (4096 1024 -5696 ) (4096 1024 -5532 ) (4018 1024 -5532 ) (4018 1024 -5696 ) 
4 313 366 (4096 1024 -5532 ) (4096 1024 -5524 ) (4018 1024 -5524 ) (4018 1024 -5532 ) 
4 313 314 (4018 1276 -5696 ) (4018 1024 -5696 ) (4018 1024 -5532 ) (4018 1276 -5532 ) 
4 314 372 (3072 1024 -5532 ) (3072 1024 -5696 ) (4018 1024 -5696 ) (4018 1024 -5532 ) 
4 314 331 (3072 1024 -5696 ) (3072 1024 -5532 ) (3072 1276 -5532 ) (3072 1276 -5696 ) 
4 315 373 (3072 1024 -5212 ) (3072 1024 0 ) (2048 1024 0 ) (2048 1024 -5212 ) 
4 315 338 (2048 1024 -5212 ) (2048 1024 0 ) (2048 2048 0 ) (2048 2048 -5212 ) 
4 315 336 (2610 1024 -5212 ) (2048 1024 -5212 ) (2048 2048 -5212 ) (2610 2048 -5212 ) 
4 315 333 (2610 1276 -5212 ) (2610 1404 -5212 ) (2618 1404 -5212 ) (2618 1276 -5212 ) 
4 315 330 (3072 1276 -5212 ) (3072 1024 -5212 ) (2618 1024 -5212 ) (2618 1276 -5212 ) 
4 315 327 (2826 1284 -5212 ) (2618 1284 -5212 ) (2618 1404 -5212 ) (2826 1404 -5212 ) 
4 315 325 (2914 1284 -5212 ) (2834 1284 -5212 ) (2834 1404 -5212 ) (2914 1404 -5212 ) 
4 315 324 (2922 1284 -5212 ) (2914 1284 -5212 ) (2914 1404 -5212 ) (2922 1404 -5212 ) 
4 315 323 (3072 1404 -5212 ) (3072 1284 -5212 ) (2922 1284 -5212 ) (2922 1404 -5212 ) 
4 315 318 (3072 1772 -5212 ) (3072 1412 -5212 ) (2618 1412 -5212 ) (2618 1772 -5212 ) 
4 315 316 (3072 2048 -5212 ) (3072 1780 -5212 ) (2618 1780 -5212 ) (2618 2048 -5212 ) 
4 316 317 (2930 1780 -5524 ) (3072 1780 -5524 ) (3072 1780 -5362 ) (2930 1780 -5362 ) 
4 317 319 (2930 1772 -5524 ) (3072 1772 -5524 ) (3072 1772 -5362 ) (2930 1772 -5362 ) 
4 318 321 (2618 1548 -5324 ) (2618 1772 -5324 ) (2914 1772 -5324 ) (2914 1548 -5324 ) 
4 318 320 (2914 1548 -5324 ) (2914 1772 -5324 ) (2922 1772 -5324 ) (2922 1548 -5324 ) 
4 318 319 (3072 1412 -5324 ) (2922 1412 -5324 ) (2922 1772 -5324 ) (3072 1772 -5324 ) 
4 319 320 (2922 1548 -5324 ) (2922 1772 -5324 ) (2922 1772 -5524 ) (2922 1548 -5524 ) 
4 320 321 (2914 1548 -5324 ) (2914 1772 -5324 ) (2914 1772 -5524 ) (2914 1548 -5524 ) 
4 322 332 (2618 1540 -5524 ) (2618 1412 -5524 ) (2618 1412 -5332 ) (2618 1540 -5332 ) 
4 322 326 (2834 1412 -5524 ) (2914 1412 -5524 ) (2914 1412 -5370 ) (2834 1412 -5370 ) 
4 323 331 (3072 1404 -5532 ) (3072 1284 -5532 ) (2922 1284 -5532 ) (2922 1404 -5532 ) 
4 323 324 (2922 1284 -5324 ) (2922 1284 -5212 ) (2922 1404 -5212 ) (2922 1404 -5324 ) 
4 324 325 (2914 1404 -5324 ) (2914 1284 -5324 ) (2914 1284 -5212 ) (2914 1404 -5212 ) 
4 326 328 (2914 1284 -5524 ) (2914 1284 -5370 ) (2834 1284 -5370 ) (2834 1284 -5524 ) 
4 327 335 (2618 1404 -5524 ) (2618 1404 -5532 ) (2618 1284 -5532 ) (2618 1284 -5524 ) 
4 327 333 (2618 1284 -5212 ) (2618 1404 -5212 ) (2618 1404 -5524 ) (2618 1284 -5524 ) 
4 327 331 (2618 1284 -5532 ) (2618 1404 -5532 ) (2826 1404 -5532 ) (2826 1284 -5532 ) 
4 327 329 (2618 1284 -5524 ) (2618 1284 -5532 ) (2826 1284 -5532 ) (2826 1284 -5524 ) 
4 328 330 (2914 1276 -5524 ) (2914 1276 -5370 ) (2834 1276 -5370 ) (2834 1276 -5524 ) 
4 329 335 (2618 1284 -5524 ) (2618 1284 -5532 ) (2618 1276 -5532 ) (2618 1276 -5524 ) 
4 329 331 (2618 1276 -5532 ) (2618 1284 -5532 ) (2834 1284 -5532 ) (2834 1276 -5532 ) 
4 330 374 (3072 1024 -5524 ) (3072 1024 -5212 ) (2618 1024 -5212 ) (2618 1024 -5524 ) 
4 330 334 (2618 1104 -5332 ) (2618 1104 -5524 ) (2618 1024 -5524 ) (2618 1024 -5332 ) 
4 331 384 (3072 1024 -5696 ) (3072 1024 -5532 ) (2618 1024 -5532 ) (2618 1024 -5696 ) 
4 331 335 (2618 2048 -5532 ) (2618 2048 -5696 ) (2618 1024 -5696 ) (2618 1024 -5532 ) 
4 332 336 (2610 1540 -5332 ) (2610 1540 -5524 ) (2610 1404 -5524 ) (2610 1404 -5332 ) 
4 332 335 (2610 1404 -5524 ) (2610 1540 -5524 ) (2618 1540 -5524 ) (2618 1404 -5524 ) 
4 332 333 (2610 1404 -5332 ) (2610 1404 -5524 ) (2618 1404 -5524 ) (2618 1404 -5332 ) 
4 333 336 (2610 1276 -5212 ) (2610 1404 -5212 ) (2610 1404 -5524 ) (2610 1276 -5524 ) 
4 333 335 (2610 1276 -5524 ) (2610 1404 -5524 ) (2618 1404 -5524 ) (2618 1276 -5524 ) 
4 334 375 (2618 1024 -5524 ) (2618 1024 -5332 ) (2610 1024 -5332 ) (2610 1024 -5524 ) 
4 334 336 (2610 1024 -5524 ) (2610 1024 -5332 ) (2610 1104 -5332 ) (2610 1104 -5524 ) 
4 334 335 (2610 1024 -5524 ) (2610 1104 -5524 ) (2618 1104 -5524 ) (2618 1024 -5524 ) 
4 335 384 (2618 1024 -5696 ) (2618 1024 -5532 ) (2610 1024 -5532 ) (2610 1024 -5696 ) 
4 335 383 (2618 1024 -5532 ) (2618 1024 -5524 ) (2610 1024 -5524 ) (2610 1024 -5532 ) 
4 335 336 (2610 1024 -5696 ) (2610 1024 -5524 ) (2610 2048 -5524 ) (2610 2048 -5696 ) 
4 336 384 (2610 1024 -5696 ) (2610 1024 -5532 ) (2048 1024 -5532 ) (2048 1024 -5696 ) 
4 336 383 (2610 1024 -5532 ) (2610 1024 -5524 ) (2048 1024 -5524 ) (2048 1024 -5532 ) 
4 336 381 (2610 1024 -5524 ) (2610 1024 -5212 ) (2048 1024 -5212 ) (2048 1024 -5524 ) 
4 336 338 (2048 1024 -5696 ) (2048 1024 -5212 ) (2048 2048 -5212 ) (2048 2048 -5696 ) 
4 337 339 (1024 2048 -5696 ) (1024 2048 0 ) (1024 3072 0 ) (1024 3072 -5696 ) 
4 337 338 (2048 2048 -5696 ) (2048 2048 0 ) (1024 2048 0 ) (1024 2048 -5696 ) 
4 338 387 (2048 1024 -5696 ) (2048 1024 0 ) (1024 1024 0 ) (1024 1024 -5696 ) 
4 338 340 (1024 1024 -5696 ) (1024 1024 0 ) (1024 2048 0 ) (1024 2048 -5696 ) 
4 339 340 (1024 2048 -5696 ) (1024 2048 0 ) (270 2048 0 ) (270 2048 -5696 ) 
4 340 388 (1024 1024 -5696 ) (1024 1024 0 ) (270 1024 0 ) (270 1024 -5696 ) 
4 341 373 (3072 1024 0 ) (3072 1024 -5212 ) (3072 668 -5212 ) (3072 668 0 ) 
4 341 349 (4096 668 -5212 ) (4096 668 0 ) (3072 668 0 ) (3072 668 -5212 ) 
4 341 347 (4096 668 -5212 ) (4018 668 -5212 ) (4018 676 -5212 ) (4096 676 -5212 ) 
4 341 345 (4026 848 -5212 ) (4096 848 -5212 ) (4096 676 -5212 ) (4026 676 -5212 ) 
4 341 346 (3072 676 -5212 ) (3072 848 -5212 ) (4018 848 -5212 ) (4018 676 -5212 ) 
4 341 342 (4026 1024 -5212 ) (4096 1024 -5212 ) (4096 848 -5212 ) (4026 848 -5212 ) 
4 341 344 (3072 848 -5212 ) (3072 1024 -5212 ) (4018 1024 -5212 ) (4018 848 -5212 ) 
4 342 366 (4026 1024 -5524 ) (4096 1024 -5524 ) (4096 848 -5524 ) (4026 848 -5524 ) 
4 342 345 (4026 848 -5524 ) (4096 848 -5524 ) (4096 848 -5212 ) (4026 848 -5212 ) 
4 342 343 (4026 1024 -5524 ) (4026 848 -5524 ) (4026 848 -5332 ) (4026 1024 -5332 ) 
4 343 366 (4018 1024 -5524 ) (4026 1024 -5524 ) (4026 848 -5524 ) (4018 848 -5524 ) 
4 343 344 (4018 1024 -5524 ) (4018 848 -5524 ) (4018 848 -5332 ) (4018 1024 -5332 ) 
4 344 374 (3072 1024 -5212 ) (3072 1024 -5524 ) (3072 848 -5524 ) (3072 848 -5212 ) 
4 344 346 (3072 848 -5524 ) (4018 848 -5524 ) (4018 848 -5212 ) (3072 848 -5212 ) 
4 345 366 (4026 848 -5524 ) (4096 848 -5524 ) (4096 676 -5524 ) (4026 676 -5524 ) 
4 345 347 (4026 676 -5524 ) (4096 676 -5524 ) (4096 676 -5212 ) (4026 676 -5212 ) 
4 346 376 (3072 848 -5524 ) (3072 676 -5524 ) (3072 676 -5212 ) (3072 848 -5212 ) 
4 346 348 (3222 676 -5524 ) (3414 676 -5524 ) (3414 676 -5332 ) (3222 676 -5332 ) 
4 347 367 (4018 676 -5524 ) (4096 676 -5524 ) (4096 668 -5524 ) (4018 668 -5524 ) 
4 347 352 (4018 668 -5524 ) (4096 668 -5524 ) (4096 668 -5332 ) (4018 668 -5332 ) 
4 347 350 (4096 668 -5332 ) (4096 668 -5324 ) (4018 668 -5324 ) (4018 668 -5332 ) 
4 347 349 (4096 668 -5324 ) (4096 668 -5212 ) (4018 668 -5212 ) (4018 668 -5324 ) 
4 348 354 (3222 668 -5524 ) (3414 668 -5524 ) (3414 668 -5332 ) (3222 668 -5332 ) 
4 349 377 (3072 516 -5324 ) (3072 516 -5212 ) (3072 668 -5212 ) (3072 668 -5324 ) 
4 349 373 (3072 516 -5212 ) (3072 516 0 ) (3072 668 0 ) (3072 668 -5212 ) 
4 349 358 (3078 516 -5324 ) (3558 516 -5324 ) (3558 516 0 ) (3078 516 0 ) 
4 349 357 (3558 516 -5324 ) (4096 516 -5324 ) (4096 516 0 ) (3558 516 0 ) 
4 349 360 (3072 516 0 ) (3072 516 -5324 ) (3078 516 -5324 ) (3078 516 0 ) 
4 349 350 (4096 516 -5324 ) (3414 516 -5324 ) (3414 668 -5324 ) (4096 668 -5324 ) 
4 349 351 (3222 516 -5324 ) (3072 516 -5324 ) (3072 668 -5324 ) (3222 668 -5324 ) 
4 350 357 (3558 516 -5332 ) (4096 516 -5332 ) (4096 516 -5324 ) (3558 516 -5324 ) 
4 350 353 (3422 524 -5332 ) (3422 668 -5332 ) (3558 668 -5332 ) (3558 524 -5332 ) 
4 350 352 (4096 516 -5332 ) (3558 516 -5332 ) (3558 668 -5332 ) (4096 668 -5332 ) 
4 351 377 (3072 516 -5332 ) (3072 516 -5324 ) (3072 668 -5324 ) (3072 668 -5332 ) 
4 351 360 (3072 516 -5324 ) (3072 516 -5332 ) (3078 516 -5332 ) (3078 516 -5324 ) 
4 351 356 (3078 516 -5332 ) (3072 516 -5332 ) (3072 524 -5332 ) (3078 524 -5332 ) 
4 351 355 (3072 524 -5332 ) (3072 668 -5332 ) (3214 668 -5332 ) (3214 524 -5332 ) 
4 352 367 (3558 668 -5524 ) (4096 668 -5524 ) (4096 516 -5524 ) (3558 516 -5524 ) 
4 352 361 (3566 516 -5524 ) (4096 516 -5524 ) (4096 516 -5332 ) (3566 516 -5332 ) 
4 352 353 (3558 524 -5332 ) (3558 668 -5332 ) (3558 668 -5524 ) (3558 524 -5524 ) 
4 353 367 (3422 668 -5524 ) (3558 668 -5524 ) (3558 524 -5524 ) (3422 524 -5524 ) 
4 354 362 (3222 516 -5524 ) (3414 516 -5524 ) (3414 516 -5332 ) (3222 516 -5332 ) 
4 355 377 (3072 668 -5524 ) (3072 524 -5524 ) (3072 524 -5332 ) (3072 668 -5332 ) 
4 355 368 (3072 524 -5524 ) (3072 668 -5524 ) (3214 668 -5524 ) (3214 524 -5524 ) 
4 355 356 (3072 524 -5524 ) (3078 524 -5524 ) (3078 524 -5332 ) (3072 524 -5332 ) 
4 356 377 (3072 524 -5524 ) (3072 516 -5524 ) (3072 516 -5332 ) (3072 524 -5332 ) 
4 356 368 (3072 516 -5524 ) (3072 524 -5524 ) (3078 524 -5524 ) (3078 516 -5524 ) 
4 357 385 (4096 0 -5332 ) (4096 0 0 ) (3558 0 0 ) (3558 0 -5332 ) 
4 357 363 (4096 0 -5332 ) (3558 0 -5332 ) (3558 156 -5332 ) (4096 156 -5332 ) 
4 357 361 (3566 516 -5332 ) (4096 516 -5332 ) (4096 156 -5332 ) (3566 156 -5332 ) 
4 357 358 (3558 156 -5324 ) (3558 156 0 ) (3558 516 0 ) (3558 516 -5324 ) 
4 357 359 (3558 156 -5332 ) (3558 0 -5332 ) (3558 0 0 ) (3558 156 0 ) 
4 358 359 (3078 156 0 ) (3078 156 -5324 ) (3558 156 -5324 ) (3558 156 0 ) 
4 358 360 (3078 156 -5324 ) (3078 156 0 ) (3078 516 0 ) (3078 516 -5324 ) 
4 359 385 (3558 0 0 ) (3078 0 0 ) (3078 0 -5332 ) (3558 0 -5332 ) 
4 359 364 (3558 0 -5332 ) (3078 0 -5332 ) (3078 148 -5332 ) (3558 148 -5332 ) 
4 359 360 (3078 156 -5332 ) (3078 0 -5332 ) (3078 0 0 ) (3078 156 0 ) 
4 360 385 (3078 0 0 ) (3072 0 0 ) (3072 0 -5332 ) (3078 0 -5332 ) 
4 360 378 (3072 156 -5212 ) (3072 516 -5212 ) (3072 516 -5332 ) (3072 156 -5332 ) 
4 360 379 (3072 0 -5332 ) (3072 0 -5212 ) (3072 156 -5212 ) (3072 156 -5332 ) 
4 360 373 (3072 0 -5212 ) (3072 0 0 ) (3072 516 0 ) (3072 516 -5212 ) 
4 360 365 (3078 0 -5332 ) (3072 0 -5332 ) (3072 156 -5332 ) (3078 156 -5332 ) 
4 361 369 (3566 516 -5524 ) (4096 516 -5524 ) (4096 156 -5524 ) (3566 156 -5524 ) 
4 361 363 (3566 156 -5524 ) (4096 156 -5524 ) (4096 156 -5332 ) (3566 156 -5332 ) 
4 363 385 (4096 0 -5524 ) (4096 0 -5332 ) (3558 0 -5332 ) (3558 0 -5524 ) 
4 363 369 (4096 0 -5524 ) (3558 0 -5524 ) (3558 156 -5524 ) (4096 156 -5524 ) 
4 363 364 (3558 148 -5524 ) (3558 0 -5524 ) (3558 0 -5332 ) (3558 148 -5332 ) 
4 364 385 (3558 0 -5332 ) (3078 0 -5332 ) (3078 0 -5524 ) (3558 0 -5524 ) 
4 364 370 (3558 0 -5524 ) (3078 0 -5524 ) (3078 148 -5524 ) (3558 148 -5524 ) 
4 364 365 (3078 148 -5524 ) (3078 0 -5524 ) (3078 0 -5332 ) (3078 148 -5332 ) 
4 365 385 (3078 0 -5332 ) (3072 0 -5332 ) (3072 0 -5524 ) (3078 0 -5524 ) 
4 365 379 (3072 156 -5524 ) (3072 0 -5524 ) (3072 0 -5332 ) (3072 156 -5332 ) 
4 365 371 (3078 0 -5524 ) (3072 0 -5524 ) (3072 156 -5524 ) (3078 156 -5524 ) 
4 366 372 (4018 1024 -5532 ) (4096 1024 -5532 ) (4096 676 -5532 ) (4018 676 -5532 ) 
4 366 367 (4018 676 -5532 ) (4096 676 -5532 ) (4096 676 -5524 ) (4018 676 -5524 ) 
4 367 372 (3414 676 -5532 ) (4096 676 -5532 ) (4096 516 -5532 ) (3414 516 -5532 ) 
4 367 369 (3558 516 -5532 ) (4096 516 -5532 ) (4096 516 -5524 ) (3558 516 -5524 ) 
4 368 382 (3072 676 -5532 ) (3072 516 -5532 ) (3072 516 -5524 ) (3072 676 -5524 ) 
4 368 372 (3072 516 -5532 ) (3072 676 -5532 ) (3222 676 -5532 ) (3222 516 -5532 ) 
4 368 371 (3072 516 -5532 ) (3078 516 -5532 ) (3078 516 -5524 ) (3072 516 -5524 ) 
4 369 385 (4096 0 -5532 ) (4096 0 -5524 ) (3558 0 -5524 ) (3558 0 -5532 ) 
4 369 372 (3558 516 -5532 ) (4096 516 -5532 ) (4096 0 -5532 ) (3558 0 -5532 ) 
4 369 370 (3558 156 -5532 ) (3558 0 -5532 ) (3558 0 -5524 ) (3558 156 -5524 ) 
4 370 385 (3558 0 -5524 ) (3078 0 -5524 ) (3078 0 -5532 ) (3558 0 -5532 ) 
4 370 372 (3558 156 -5532 ) (3558 0 -5532 ) (3078 0 -5532 ) (3078 156 -5532 ) 
4 370 371 (3078 156 -5532 ) (3078 0 -5532 ) (3078 0 -5524 ) (3078 156 -5524 ) 
4 371 385 (3078 0 -5524 ) (3072 0 -5524 ) (3072 0 -5532 ) (3078 0 -5532 ) 
4 371 382 (3072 516 -5532 ) (3072 0 -5532 ) (3072 0 -5524 ) (3072 516 -5524 ) 
4 371 372 (3072 0 -5532 ) (3072 516 -5532 ) (3078 516 -5532 ) (3078 0 -5532 ) 
4 372 385 (4096 0 -5696 ) (4096 0 -5532 ) (3072 0 -5532 ) (3072 0 -5696 ) 
4 372 384 (3072 1024 -5532 ) (3072 1024 -5696 ) (3072 0 -5696 ) (3072 0 -5532 ) 
4 373 387 (2048 1024 0 ) (2048 1024 -5212 ) (2048 0 -5212 ) (2048 0 0 ) 
4 373 386 (3072 0 -5212 ) (3072 0 0 ) (2048 0 0 ) (2048 0 -5212 ) 
4 373 378 (3070 156 -5212 ) (3070 516 -5212 ) (3072 516 -5212 ) (3072 156 -5212 ) 
4 373 379 (3072 0 -5212 ) (3070 0 -5212 ) (3070 156 -5212 ) (3072 156 -5212 ) 
4 373 380 (3070 0 -5212 ) (2610 0 -5212 ) (2610 516 -5212 ) (3070 516 -5212 ) 
4 373 377 (2610 516 -5212 ) (2610 668 -5212 ) (3072 668 -5212 ) (3072 516 -5212 ) 
4 373 376 (2618 848 -5212 ) (3072 848 -5212 ) (3072 676 -5212 ) (2618 676 -5212 ) 
4 373 374 (2618 1024 -5212 ) (3072 1024 -5212 ) (3072 848 -5212 ) (2618 848 -5212 ) 
4 373 381 (2610 0 -5212 ) (2048 0 -5212 ) (2048 1024 -5212 ) (2610 1024 -5212 ) 
4 374 376 (2618 848 -5524 ) (3072 848 -5524 ) (3072 848 -5212 ) (2618 848 -5212 ) 
4 374 375 (2618 1024 -5524 ) (2618 848 -5524 ) (2618 848 -5332 ) (2618 1024 -5332 ) 
4 375 383 (2610 1024 -5524 ) (2618 1024 -5524 ) (2618 848 -5524 ) (2610 848 -5524 ) 
4 375 381 (2610 1024 -5524 ) (2610 848 -5524 ) (2610 848 -5332 ) (2610 1024 -5332 ) 
4 377 382 (3072 668 -5524 ) (3072 516 -5524 ) (2618 516 -5524 ) (2618 668 -5524 ) 
4 377 383 (2618 516 -5524 ) (2610 516 -5524 ) (2610 668 -5524 ) (2618 668 -5524 ) 
4 377 378 (3072 516 -5332 ) (3072 516 -5212 ) (3070 516 -5212 ) (3070 516 -5332 ) 
4 377 380 (2610 516 -5212 ) (2610 516 -5524 ) (3070 516 -5524 ) (3070 516 -5212 ) 
4 377 381 (2610 668 -5524 ) (2610 516 -5524 ) (2610 516 -5212 ) (2610 668 -5212 ) 
4 378 379 (3070 156 -5212 ) (3070 156 -5332 ) (3072 156 -5332 ) (3072 156 -5212 ) 
4 378 380 (3070 516 -5212 ) (3070 516 -5332 ) (3070 156 -5332 ) (3070 156 -5212 ) 
4 379 386 (3072 0 -5524 ) (3072 0 -5212 ) (3070 0 -5212 ) (3070 0 -5524 ) 
4 379 382 (3072 156 -5524 ) (3072 0 -5524 ) (3070 0 -5524 ) (3070 156 -5524 ) 
4 379 380 (3070 156 -5524 ) (3070 0 -5524 ) (3070 0 -5212 ) (3070 156 -5212 ) 
4 380 386 (3070 0 -5212 ) (2610 0 -5212 ) (2610 0 -5524 ) (3070 0 -5524 ) 
4 380 382 (3070 0 -5524 ) (2618 0 -5524 ) (2618 516 -5524 ) (3070 516 -5524 ) 
4 380 383 (2618 0 -5524 ) (2610 0 -5524 ) (2610 516 -5524 ) (2618 516 -5524 ) 
4 380 381 (2610 516 -5524 ) (2610 0 -5524 ) (2610 0 -5212 ) (2610 516 -5212 ) 
4 381 387 (2048 1024 -5212 ) (2048 1024 -5524 ) (2048 0 -5524 ) (2048 0 -5212 ) 
4 381 386 (2610 0 -5212 ) (2048 0 -5212 ) (2048 0 -5524 ) (2610 0 -5524 ) 
4 381 383 (2048 1024 -5524 ) (2610 1024 -5524 ) (2610 0 -5524 ) (2048 0 -5524 ) 
4 382 386 (3072 0 -5532 ) (3072 0 -5524 ) (2618 0 -5524 ) (2618 0 -5532 ) 
4 382 384 (3072 0 -5532 ) (2618 0 -5532 ) (2618 676 -5532 ) (3072 676 -5532 ) 
4 382 383 (2618 676 -5532 ) (2618 0 -5532 ) (2618 0 -5524 ) (2618 676 -5524 ) 
4 383 387 (2048 1024 -5524 ) (2048 1024 -5532 ) (2048 0 -5532 ) (2048 0 -5524 ) 
4 383 386 (2618 0 -5524 ) (2048 0 -5524 ) (2048 0 -5532 ) (2618 0 -5532 ) 
4 383 384 (2618 0 -5532 ) (2048 0 -5532 ) (2048 1024 -5532 ) (2618 1024 -5532 ) 
4 384 387 (2048 1024 -5532 ) (2048 1024 -5696 ) (2048 0 -5696 ) (2048 0 -5532 ) 
4 384 386 (3072 0 -5696 ) (3072 0 -5532 ) (2048 0 -5532 ) (2048 0 -5696 ) 
4 385 386 (3072 -19.014400 0 ) (3072 0 0 ) (3072 0 -5696 ) (3072 -19.014400 -5696 ) 
4 386 389 (2048 -19.014400 0 ) (2048 0 0 ) (2048 0 -5696 ) (2048 -19.014400 -5696 ) 
4 387 389 (2048 0 -5696 ) (2048 0 0 ) (1024 0 0 ) (1024 0 -5696 ) 
4 387 388 (1024 1024 0 ) (1024 1024 -5696 ) (1024 0 -5696 ) (1024 0 0 ) 
4 388 390 (1024 0 -5696 ) (1024 0 0 ) (270 0 0 ) (270 0 -5696 ) 
4 389 390 (1024 0 0 ) (1024 0 -5696 ) (1024 -19.014400 -5696 ) (1024 -19.014400 0 ) 
