PRT1
136
427
4 0 2 (5136 4096 768 ) (5120 4096 768 ) (5120 4096 -1536 ) (5136 4096 -1536 ) 
4 0 1 (5120 4096 -1536 ) (5120 4096 768 ) (5120 4288 768 ) (5120 4288 -1536 ) 
4 1 4 (4096 4096 -1536 ) (4096 4096 768 ) (4096 4288 768 ) (4096 4288 -1536 ) 
4 1 3 (5120 4096 -1536 ) (5120 4096 768 ) (4096 4096 768 ) (4096 4096 -1536 ) 
4 2 42 (5136 3072 768 ) (5120 3072 768 ) (5120 3072 -1536 ) (5136 3072 -1536 ) 
4 2 3 (5120 4096 768 ) (5120 4096 -1536 ) (5120 3072 -1536 ) (5120 3072 768 ) 
4 3 56 (5120 3072 -1536 ) (5120 3072 -1008 ) (4096 3072 -1008 ) (4096 3072 -1536 ) 
4 3 54 (4176 3072 -992 ) (4096 3072 -992 ) (4096 3072 -1008 ) (4176 3072 -1008 ) 
4 3 53 (5120 3072 -1008 ) (5120 3072 -992 ) (4176 3072 -992 ) (4176 3072 -1008 ) 
4 3 49 (4176 3072 768 ) (4096 3072 768 ) (4096 3072 -864 ) (4176 3072 -864 ) 
4 3 47 (5120 3072 -992 ) (5120 3072 -864 ) (4192 3072 -864 ) (4192 3072 -992 ) 
4 3 45 (4192 3072 -848 ) (4176 3072 -848 ) (4176 3072 -864 ) (4192 3072 -864 ) 
4 3 44 (5120 3072 -864 ) (5120 3072 -848 ) (4192 3072 -848 ) (4192 3072 -864 ) 
4 3 43 (5120 3072 -848 ) (5120 3072 768 ) (4176 3072 768 ) (4176 3072 -848 ) 
4 3 19 (4096 3072 -1536 ) (4096 3072 -1008 ) (4096 4096 -1008 ) (4096 4096 -1536 ) 
4 3 17 (4096 3072 -1008 ) (4096 3072 -992 ) (4096 4096 -992 ) (4096 4096 -1008 ) 
4 3 7 (4096 3072 -992 ) (4096 3072 -864 ) (4096 4096 -864 ) (4096 4096 -992 ) 
4 3 6 (4096 3072 -864 ) (4096 3072 768 ) (4096 4096 768 ) (4096 4096 -864 ) 
4 4 19 (4096 4096 -1536 ) (4096 4096 -1008 ) (3072 4096 -1008 ) (3072 4096 -1536 ) 
4 4 18 (4016 4096 -992 ) (3072 4096 -992 ) (3072 4096 -1008 ) (4016 4096 -1008 ) 
4 4 17 (4096 4096 -1008 ) (4096 4096 -992 ) (4016 4096 -992 ) (4016 4096 -1008 ) 
4 4 9 (4016 4096 -864 ) (3072 4096 -864 ) (3072 4096 -992 ) (4016 4096 -992 ) 
4 4 8 (4032 4096 -864 ) (4016 4096 -864 ) (4016 4096 -992 ) (4032 4096 -992 ) 
4 4 7 (4096 4096 -992 ) (4096 4096 -864 ) (4032 4096 -864 ) (4032 4096 -992 ) 
4 4 6 (4096 4096 -864 ) (4096 4096 768 ) (3072 4096 768 ) (3072 4096 -864 ) 
4 4 5 (3072 4288 -1536 ) (3072 4096 -1536 ) (3072 4096 768 ) (3072 4288 768 ) 
4 5 40 (2048 4096 -1536 ) (2048 4096 768 ) (2048 4288 768 ) (2048 4288 -1536 ) 
4 5 39 (2048 4096 -1008 ) (2048 4096 -1536 ) (3072 4096 -1536 ) (3072 4096 -1008 ) 
4 5 36 (2528 4096 -1008 ) (2704 4096 -1008 ) (2704 4096 -992 ) (2528 4096 -992 ) 
4 5 35 (2704 4096 -1008 ) (3072 4096 -1008 ) (3072 4096 -992 ) (2704 4096 -992 ) 
4 5 37 (2048 4096 -992 ) (2048 4096 -1008 ) (2528 4096 -1008 ) (2528 4096 -992 ) 
4 5 33 (2512 4096 -992 ) (2528 4096 -992 ) (2528 4096 -864 ) (2512 4096 -864 ) 
4 5 34 (2048 4096 -864 ) (2048 4096 -992 ) (2512 4096 -992 ) (2512 4096 -864 ) 
4 5 31 (2528 4096 -992 ) (2704 4096 -992 ) (2704 4096 -864 ) (2528 4096 -864 ) 
4 5 28 (2704 4096 -992 ) (2736 4096 -992 ) (2736 4096 -864 ) (2704 4096 -864 ) 
4 5 27 (2736 4096 -992 ) (3072 4096 -992 ) (3072 4096 -864 ) (2736 4096 -864 ) 
4 5 22 (2560 4096 -864 ) (2576 4096 -864 ) (2576 4096 -848 ) (2560 4096 -848 ) 
4 5 21 (2576 4096 -864 ) (3072 4096 -864 ) (3072 4096 -848 ) (2576 4096 -848 ) 
4 5 23 (2048 4096 -848 ) (2048 4096 -864 ) (2560 4096 -864 ) (2560 4096 -848 ) 
4 5 20 (2048 4096 768 ) (2048 4096 -848 ) (3072 4096 -848 ) (3072 4096 768 ) 
4 6 63 (4080 3072 -848 ) (4064 3072 -848 ) (4064 3072 -864 ) (4080 3072 -864 ) 
4 6 62 (4096 3072 -864 ) (4096 3072 -848 ) (4080 3072 -848 ) (4080 3072 -864 ) 
4 6 64 (4064 3072 -848 ) (3072 3072 -848 ) (3072 3072 -864 ) (4064 3072 -864 ) 
4 6 61 (4096 3072 -848 ) (4096 3072 768 ) (3072 3072 768 ) (3072 3072 -848 ) 
4 6 24 (3072 3712 -864 ) (3072 3072 -864 ) (3072 3072 -848 ) (3072 3712 -848 ) 
4 6 21 (3072 4096 -848 ) (3072 4096 -864 ) (3072 3712 -864 ) (3072 3712 -848 ) 
4 6 20 (3072 4096 768 ) (3072 4096 -848 ) (3072 3072 -848 ) (3072 3072 768 ) 
4 6 16 (3184 3072 -864 ) (3072 3072 -864 ) (3072 3264 -864 ) (3184 3264 -864 ) 
4 6 15 (3344 3072 -864 ) (3200 3072 -864 ) (3200 3264 -864 ) (3344 3264 -864 ) 
4 6 13 (4016 3072 -864 ) (3840 3072 -864 ) (3840 3264 -864 ) (4016 3264 -864 ) 
4 6 14 (3824 3072 -864 ) (3360 3072 -864 ) (3360 3264 -864 ) (3824 3264 -864 ) 
4 6 12 (3200 3280 -864 ) (3344 3280 -864 ) (3344 3264 -864 ) (3200 3264 -864 ) 
4 6 11 (3840 3280 -864 ) (4016 3280 -864 ) (4016 3264 -864 ) (3840 3264 -864 ) 
4 6 9 (3072 3472 -864 ) (3072 4096 -864 ) (4016 4096 -864 ) (4016 3472 -864 ) 
4 6 10 (3072 3280 -864 ) (3072 3456 -864 ) (4016 3456 -864 ) (4016 3280 -864 ) 
4 6 8 (4016 3456 -864 ) (4016 4096 -864 ) (4032 4096 -864 ) (4032 3456 -864 ) 
4 6 7 (4096 3072 -864 ) (4032 3072 -864 ) (4032 4096 -864 ) (4096 4096 -864 ) 
4 7 17 (4032 4096 -992 ) (4096 4096 -992 ) (4096 3072 -992 ) (4032 3072 -992 ) 
4 7 8 (4032 4096 -992 ) (4032 3456 -992 ) (4032 3456 -864 ) (4032 4096 -864 ) 
4 8 17 (4016 4096 -992 ) (4032 4096 -992 ) (4032 3456 -992 ) (4016 3456 -992 ) 
4 8 9 (4016 4096 -992 ) (4016 3472 -992 ) (4016 3472 -864 ) (4016 4096 -864 ) 
4 9 27 (3072 4096 -864 ) (3072 4096 -992 ) (3072 3472 -992 ) (3072 3472 -864 ) 
4 9 18 (3072 4096 -992 ) (4016 4096 -992 ) (4016 3472 -992 ) (3072 3472 -992 ) 
4 10 29 (3072 3456 -992 ) (3072 3280 -992 ) (3072 3280 -864 ) (3072 3456 -864 ) 
4 10 12 (3200 3280 -992 ) (3344 3280 -992 ) (3344 3280 -864 ) (3200 3280 -864 ) 
4 10 11 (3840 3280 -992 ) (4016 3280 -992 ) (4016 3280 -864 ) (3840 3280 -864 ) 
4 11 13 (3840 3264 -992 ) (4016 3264 -992 ) (4016 3264 -864 ) (3840 3264 -864 ) 
4 12 15 (3200 3264 -992 ) (3344 3264 -992 ) (3344 3264 -864 ) (3200 3264 -864 ) 
4 13 67 (4016 3072 -864 ) (3840 3072 -864 ) (3840 3072 -992 ) (4016 3072 -992 ) 
4 14 68 (3824 3072 -864 ) (3360 3072 -864 ) (3360 3072 -992 ) (3824 3072 -992 ) 
4 15 69 (3344 3072 -864 ) (3200 3072 -864 ) (3200 3072 -992 ) (3344 3072 -992 ) 
4 16 70 (3184 3072 -864 ) (3072 3072 -864 ) (3072 3072 -992 ) (3184 3072 -992 ) 
4 16 30 (3072 3264 -992 ) (3072 3072 -992 ) (3072 3072 -864 ) (3072 3264 -864 ) 
4 17 87 (4096 3072 -1008 ) (4096 3072 -992 ) (4016 3072 -992 ) (4016 3072 -1008 ) 
4 17 19 (4096 3072 -1008 ) (4016 3072 -1008 ) (4016 4096 -1008 ) (4096 4096 -1008 ) 
4 17 18 (4016 4096 -1008 ) (4016 3456 -1008 ) (4016 3456 -992 ) (4016 4096 -992 ) 
4 18 35 (3072 4096 -992 ) (3072 4096 -1008 ) (3072 3456 -1008 ) (3072 3456 -992 ) 
4 18 19 (3072 3456 -1008 ) (3072 4096 -1008 ) (4016 4096 -1008 ) (4016 3456 -1008 ) 
4 19 91 (4096 3072 -1536 ) (4096 3072 -1008 ) (3072 3072 -1008 ) (3072 3072 -1536 ) 
4 19 39 (3072 4096 -1008 ) (3072 4096 -1536 ) (3072 3072 -1536 ) (3072 3072 -1008 ) 
4 20 92 (3072 3072 -848 ) (3072 3072 768 ) (2048 3072 768 ) (2048 3072 -848 ) 
4 20 41 (2048 3072 -848 ) (2048 3072 768 ) (2048 4096 768 ) (2048 4096 -848 ) 
4 20 25 (2656 3072 -848 ) (2560 3072 -848 ) (2560 3696 -848 ) (2656 3696 -848 ) 
4 20 24 (3072 3072 -848 ) (2656 3072 -848 ) (2656 3712 -848 ) (3072 3712 -848 ) 
4 20 26 (2560 3072 -848 ) (2048 3072 -848 ) (2048 3712 -848 ) (2560 3712 -848 ) 
4 20 22 (2560 4096 -848 ) (2576 4096 -848 ) (2576 3792 -848 ) (2560 3792 -848 ) 
4 20 21 (2576 4096 -848 ) (3072 4096 -848 ) (3072 3712 -848 ) (2576 3712 -848 ) 
4 20 23 (2048 3712 -848 ) (2048 4096 -848 ) (2560 4096 -848 ) (2560 3712 -848 ) 
4 21 31 (2576 4096 -864 ) (2704 4096 -864 ) (2704 3808 -864 ) (2576 3808 -864 ) 
4 21 32 (2704 3792 -864 ) (2704 3712 -864 ) (2576 3712 -864 ) (2576 3792 -864 ) 
4 21 28 (2704 4096 -864 ) (2736 4096 -864 ) (2736 3808 -864 ) (2704 3808 -864 ) 
4 21 27 (2736 4096 -864 ) (3072 4096 -864 ) (3072 3712 -864 ) (2736 3712 -864 ) 
4 21 24 (2656 3712 -864 ) (3072 3712 -864 ) (3072 3712 -848 ) (2656 3712 -848 ) 
4 21 22 (2576 4096 -864 ) (2576 3792 -864 ) (2576 3792 -848 ) (2576 4096 -848 ) 
4 22 31 (2560 4096 -864 ) (2576 4096 -864 ) (2576 3808 -864 ) (2560 3808 -864 ) 
4 22 23 (2560 4096 -864 ) (2560 3792 -864 ) (2560 3792 -848 ) (2560 4096 -848 ) 
4 23 41 (2048 3712 -848 ) (2048 4096 -848 ) (2048 4096 -864 ) (2048 3712 -864 ) 
4 23 33 (2512 4096 -864 ) (2528 4096 -864 ) (2528 3792 -864 ) (2512 3792 -864 ) 
4 23 34 (2048 3712 -864 ) (2048 4096 -864 ) (2512 4096 -864 ) (2512 3712 -864 ) 
4 23 31 (2528 4096 -864 ) (2560 4096 -864 ) (2560 3808 -864 ) (2528 3808 -864 ) 
4 23 32 (2560 3792 -864 ) (2560 3712 -864 ) (2528 3712 -864 ) (2528 3792 -864 ) 
4 23 26 (2048 3712 -864 ) (2560 3712 -864 ) (2560 3712 -848 ) (2048 3712 -848 ) 
4 24 94 (2720 3072 -856 ) (2704 3072 -856 ) (2704 3072 -864 ) (2720 3072 -864 ) 
4 24 93 (3072 3072 -864 ) (3072 3072 -856 ) (2720 3072 -856 ) (2720 3072 -864 ) 
4 24 96 (2704 3072 -856 ) (2656 3072 -856 ) (2656 3072 -864 ) (2704 3072 -864 ) 
4 24 92 (3072 3072 -856 ) (3072 3072 -848 ) (2656 3072 -848 ) (2656 3072 -856 ) 
4 24 32 (2656 3712 -864 ) (2704 3712 -864 ) (2704 3072 -864 ) (2656 3072 -864 ) 
4 24 30 (3072 3264 -864 ) (3072 3072 -864 ) (2720 3072 -864 ) (2720 3264 -864 ) 
4 24 29 (3072 3456 -864 ) (3072 3280 -864 ) (2704 3280 -864 ) (2704 3456 -864 ) 
4 24 27 (2736 3712 -864 ) (3072 3712 -864 ) (3072 3472 -864 ) (2736 3472 -864 ) 
4 24 25 (2656 3696 -864 ) (2656 3072 -864 ) (2656 3072 -848 ) (2656 3696 -848 ) 
4 25 96 (2560 3072 -856 ) (2560 3072 -864 ) (2656 3072 -864 ) (2656 3072 -856 ) 
4 25 92 (2656 3072 -848 ) (2560 3072 -848 ) (2560 3072 -856 ) (2656 3072 -856 ) 
4 25 32 (2656 3696 -864 ) (2656 3072 -864 ) (2560 3072 -864 ) (2560 3696 -864 ) 
4 25 26 (2560 3696 -864 ) (2560 3072 -864 ) (2560 3072 -848 ) (2560 3696 -848 ) 
4 26 96 (2048 3072 -856 ) (2048 3072 -864 ) (2560 3072 -864 ) (2560 3072 -856 ) 
4 26 92 (2560 3072 -848 ) (2048 3072 -848 ) (2048 3072 -856 ) (2560 3072 -856 ) 
4 26 41 (2048 3072 -864 ) (2048 3072 -848 ) (2048 3712 -848 ) (2048 3712 -864 ) 
4 26 34 (2048 3072 -864 ) (2048 3712 -864 ) (2512 3712 -864 ) (2512 3072 -864 ) 
4 26 32 (2528 3712 -864 ) (2560 3712 -864 ) (2560 3072 -864 ) (2528 3072 -864 ) 
4 27 35 (2736 4096 -992 ) (3072 4096 -992 ) (3072 3472 -992 ) (2736 3472 -992 ) 
4 27 28 (2736 4096 -992 ) (2736 3808 -992 ) (2736 3808 -864 ) (2736 4096 -864 ) 
4 28 35 (2704 3808 -992 ) (2704 4096 -992 ) (2736 4096 -992 ) (2736 3808 -992 ) 
4 28 31 (2704 4096 -992 ) (2704 3808 -992 ) (2704 3808 -864 ) (2704 4096 -864 ) 
4 29 32 (2704 3456 -992 ) (2704 3280 -992 ) (2704 3280 -864 ) (2704 3456 -864 ) 
4 30 97 (3072 3072 -992 ) (3072 3072 -864 ) (2720 3072 -864 ) (2720 3072 -992 ) 
4 31 36 (2528 3808 -992 ) (2528 4096 -992 ) (2704 4096 -992 ) (2704 3808 -992 ) 
4 31 33 (2528 4096 -992 ) (2528 3808 -992 ) (2528 3808 -864 ) (2528 4096 -864 ) 
4 32 98 (2704 3072 -864 ) (2528 3072 -864 ) (2528 3072 -992 ) (2704 3072 -992 ) 
4 33 37 (2512 3792 -992 ) (2512 4096 -992 ) (2528 4096 -992 ) (2528 3792 -992 ) 
4 33 34 (2512 4096 -992 ) (2512 3792 -992 ) (2512 3792 -864 ) (2512 4096 -864 ) 
4 34 99 (2512 3072 -864 ) (2384 3072 -864 ) (2384 3072 -992 ) (2512 3072 -992 ) 
4 34 100 (2384 3072 -864 ) (2048 3072 -864 ) (2048 3072 -992 ) (2384 3072 -992 ) 
4 34 41 (2048 3072 -992 ) (2048 3072 -864 ) (2048 4096 -864 ) (2048 4096 -992 ) 
4 34 38 (2512 3072 -992 ) (2048 3072 -992 ) (2048 3456 -992 ) (2512 3456 -992 ) 
4 34 37 (2048 3456 -992 ) (2048 4096 -992 ) (2512 4096 -992 ) (2512 3456 -992 ) 
4 35 39 (2704 4096 -1008 ) (3072 4096 -1008 ) (3072 3456 -1008 ) (2704 3456 -1008 ) 
4 35 36 (2704 4096 -1008 ) (2704 3792 -1008 ) (2704 3792 -992 ) (2704 4096 -992 ) 
4 36 39 (2528 4096 -1008 ) (2704 4096 -1008 ) (2704 3792 -1008 ) (2528 3792 -1008 ) 
4 36 37 (2528 4096 -1008 ) (2528 3792 -1008 ) (2528 3792 -992 ) (2528 4096 -992 ) 
4 37 41 (2048 3456 -992 ) (2048 4096 -992 ) (2048 4096 -1008 ) (2048 3456 -1008 ) 
4 37 39 (2048 3456 -1008 ) (2048 4096 -1008 ) (2528 4096 -1008 ) (2528 3456 -1008 ) 
4 37 38 (2048 3456 -1008 ) (2512 3456 -1008 ) (2512 3456 -992 ) (2048 3456 -992 ) 
4 38 111 (2512 3072 -992 ) (2368 3072 -992 ) (2368 3072 -1008 ) (2512 3072 -1008 ) 
4 38 113 (2368 3072 -992 ) (2048 3072 -992 ) (2048 3072 -1008 ) (2368 3072 -1008 ) 
4 38 41 (2048 3072 -1008 ) (2048 3072 -992 ) (2048 3456 -992 ) (2048 3456 -1008 ) 
4 38 39 (2048 3072 -1008 ) (2048 3456 -1008 ) (2512 3456 -1008 ) (2512 3072 -1008 ) 
4 39 114 (3072 3072 -1536 ) (3072 3072 -1008 ) (2048 3072 -1008 ) (2048 3072 -1536 ) 
4 39 41 (2048 3072 -1536 ) (2048 3072 -1008 ) (2048 4096 -1008 ) (2048 4096 -1536 ) 
4 40 41 (2048 4096 -1536 ) (2048 4096 768 ) (1488 4096 768 ) (1488 4096 -1536 ) 
4 41 131 (2048 3072 -1536 ) (2048 3072 768 ) (1488 3072 768 ) (1488 3072 -1536 ) 
4 42 57 (5136 2048 768 ) (5120 2048 768 ) (5120 2048 -1536 ) (5136 2048 -1536 ) 
4 42 56 (5120 3072 -1008 ) (5120 3072 -1536 ) (5120 2048 -1536 ) (5120 2048 -1008 ) 
4 42 53 (5120 3072 -992 ) (5120 3072 -1008 ) (5120 2048 -1008 ) (5120 2048 -992 ) 
4 42 47 (5120 3072 -864 ) (5120 3072 -992 ) (5120 2048 -992 ) (5120 2048 -864 ) 
4 42 44 (5120 3072 -848 ) (5120 3072 -864 ) (5120 2048 -864 ) (5120 2048 -848 ) 
4 42 43 (5120 3072 768 ) (5120 3072 -848 ) (5120 2048 -848 ) (5120 2048 768 ) 
4 43 58 (5120 2048 -848 ) (5120 2048 768 ) (4176 2048 768 ) (4176 2048 -848 ) 
4 43 51 (4176 2720 -848 ) (4176 2704 -848 ) (4176 2704 768 ) (4176 2720 768 ) 
4 43 52 (4176 2704 -848 ) (4176 2048 -848 ) (4176 2048 768 ) (4176 2704 768 ) 
4 43 49 (4176 3072 768 ) (4176 3072 -848 ) (4176 3056 -848 ) (4176 3056 768 ) 
4 43 50 (4176 3056 -848 ) (4176 2720 -848 ) (4176 2720 768 ) (4176 3056 768 ) 
4 43 45 (4176 2816 -848 ) (4176 3072 -848 ) (4192 3072 -848 ) (4192 2816 -848 ) 
4 43 46 (4192 2048 -848 ) (4176 2048 -848 ) (4176 2704 -848 ) (4192 2704 -848 ) 
4 43 44 (5120 2048 -848 ) (4192 2048 -848 ) (4192 3072 -848 ) (5120 3072 -848 ) 
4 44 58 (5120 2048 -864 ) (5120 2048 -848 ) (4192 2048 -848 ) (4192 2048 -864 ) 
4 44 47 (4192 3072 -864 ) (5120 3072 -864 ) (5120 2048 -864 ) (4192 2048 -864 ) 
4 44 45 (4192 3072 -864 ) (4192 2816 -864 ) (4192 2816 -848 ) (4192 3072 -848 ) 
4 44 46 (4192 2704 -864 ) (4192 2048 -864 ) (4192 2048 -848 ) (4192 2704 -848 ) 
4 45 49 (4176 3072 -848 ) (4176 3072 -864 ) (4176 3056 -864 ) (4176 3056 -848 ) 
4 45 50 (4176 3056 -864 ) (4176 2816 -864 ) (4176 2816 -848 ) (4176 3056 -848 ) 
4 46 58 (4192 2048 -848 ) (4176 2048 -848 ) (4176 2048 -864 ) (4192 2048 -864 ) 
4 46 52 (4176 2704 -864 ) (4176 2048 -864 ) (4176 2048 -848 ) (4176 2704 -848 ) 
4 46 48 (4176 2048 -864 ) (4176 2704 -864 ) (4192 2704 -864 ) (4192 2048 -864 ) 
4 47 58 (5120 2048 -992 ) (5120 2048 -864 ) (4192 2048 -864 ) (4192 2048 -992 ) 
4 47 53 (4192 3072 -992 ) (5120 3072 -992 ) (5120 2048 -992 ) (4192 2048 -992 ) 
4 47 48 (4192 2720 -992 ) (4192 2048 -992 ) (4192 2048 -864 ) (4192 2720 -864 ) 
4 48 58 (4192 2048 -864 ) (4176 2048 -864 ) (4176 2048 -992 ) (4192 2048 -992 ) 
4 48 53 (4192 2720 -992 ) (4192 2048 -992 ) (4176 2048 -992 ) (4176 2720 -992 ) 
4 48 52 (4176 2704 -992 ) (4176 2048 -992 ) (4176 2048 -864 ) (4176 2704 -864 ) 
4 49 62 (4096 3072 -848 ) (4096 3072 -864 ) (4096 3056 -864 ) (4096 3056 -848 ) 
4 49 61 (4096 3072 768 ) (4096 3072 -848 ) (4096 3056 -848 ) (4096 3056 768 ) 
4 49 50 (4176 3056 -864 ) (4176 3056 768 ) (4096 3056 768 ) (4096 3056 -864 ) 
4 50 71 (4096 3056 -992 ) (4096 2720 -992 ) (4096 2720 -864 ) (4096 3056 -864 ) 
4 50 62 (4096 2720 -864 ) (4096 2720 -848 ) (4096 3056 -848 ) (4096 3056 -864 ) 
4 50 61 (4096 2720 -848 ) (4096 2720 768 ) (4096 3056 768 ) (4096 3056 -848 ) 
4 50 51 (4176 2720 -848 ) (4176 2720 768 ) (4096 2720 768 ) (4096 2720 -848 ) 
4 51 61 (4096 2704 -848 ) (4096 2704 768 ) (4096 2720 768 ) (4096 2720 -848 ) 
4 51 52 (4176 2704 -848 ) (4176 2704 768 ) (4096 2704 768 ) (4096 2704 -848 ) 
4 52 72 (4096 2704 -992 ) (4096 2048 -992 ) (4096 2048 -864 ) (4096 2704 -864 ) 
4 52 65 (4096 2048 -864 ) (4096 2048 -848 ) (4096 2704 -848 ) (4096 2704 -864 ) 
4 52 61 (4096 2048 -848 ) (4096 2048 768 ) (4096 2704 768 ) (4096 2704 -848 ) 
4 52 58 (4096 2048 768 ) (4096 2048 -992 ) (4176 2048 -992 ) (4176 2048 768 ) 
4 52 55 (4176 2704 -992 ) (4176 2048 -992 ) (4096 2048 -992 ) (4096 2704 -992 ) 
4 53 58 (5120 2048 -1008 ) (5120 2048 -992 ) (4176 2048 -992 ) (4176 2048 -1008 ) 
4 53 56 (5120 2048 -1008 ) (4176 2048 -1008 ) (4176 3072 -1008 ) (5120 3072 -1008 ) 
4 53 54 (4176 3072 -1008 ) (4176 3056 -1008 ) (4176 3056 -992 ) (4176 3072 -992 ) 
4 53 55 (4176 2720 -1008 ) (4176 2048 -1008 ) (4176 2048 -992 ) (4176 2720 -992 ) 
4 54 87 (4096 3072 -992 ) (4096 3072 -1008 ) (4096 3056 -1008 ) (4096 3056 -992 ) 
4 54 56 (4096 3056 -1008 ) (4096 3072 -1008 ) (4176 3072 -1008 ) (4176 3056 -1008 ) 
4 55 89 (4096 2464 -1008 ) (4096 2048 -1008 ) (4096 2048 -992 ) (4096 2464 -992 ) 
4 55 88 (4096 2720 -1008 ) (4096 2464 -1008 ) (4096 2464 -992 ) (4096 2720 -992 ) 
4 55 58 (4176 2048 -992 ) (4096 2048 -992 ) (4096 2048 -1008 ) (4176 2048 -1008 ) 
4 55 56 (4176 2048 -1008 ) (4096 2048 -1008 ) (4096 2720 -1008 ) (4176 2720 -1008 ) 
4 56 91 (4096 3072 -1008 ) (4096 3072 -1536 ) (4096 2048 -1536 ) (4096 2048 -1008 ) 
4 56 58 (5120 2048 -1536 ) (5120 2048 -1008 ) (4096 2048 -1008 ) (4096 2048 -1536 ) 
4 57 59 (5136 1024 768 ) (5120 1024 768 ) (5120 1024 -1536 ) (5136 1024 -1536 ) 
4 57 58 (5120 2048 768 ) (5120 2048 -1536 ) (5120 1024 -1536 ) (5120 1024 768 ) 
4 58 126 (4096 1024 -1536 ) (4096 1024 -992 ) (4096 2048 -992 ) (4096 2048 -1536 ) 
4 58 122 (4096 1696 -864 ) (4096 2048 -864 ) (4096 2048 -992 ) (4096 1696 -992 ) 
4 58 125 (4096 1024 -992 ) (4096 1024 -864 ) (4096 1696 -864 ) (4096 1696 -992 ) 
4 58 116 (4096 1024 -864 ) (4096 1024 -848 ) (4096 2048 -848 ) (4096 2048 -864 ) 
4 58 115 (4096 1024 -848 ) (4096 1024 768 ) (4096 2048 768 ) (4096 2048 -848 ) 
4 58 60 (5120 1024 -1536 ) (5120 1024 768 ) (4096 1024 768 ) (4096 1024 -1536 ) 
4 59 60 (5120 1024 768 ) (5120 1024 -1536 ) (5120 976 -1536 ) (5120 976 768 ) 
4 60 133 (4096 976 768 ) (4096 1024 768 ) (4096 1024 -1536 ) (4096 976 -1536 ) 
4 61 115 (4096 2048 -848 ) (4096 2048 768 ) (3072 2048 768 ) (3072 2048 -848 ) 
4 61 92 (3072 3072 768 ) (3072 3072 -848 ) (3072 2048 -848 ) (3072 2048 768 ) 
4 61 65 (4096 2048 -848 ) (4032 2048 -848 ) (4032 2704 -848 ) (4096 2704 -848 ) 
4 61 66 (4032 2048 -848 ) (3072 2048 -848 ) (3072 2720 -848 ) (4032 2720 -848 ) 
4 61 63 (4064 3072 -848 ) (4080 3072 -848 ) (4080 2816 -848 ) (4064 2816 -848 ) 
4 61 62 (4080 3072 -848 ) (4096 3072 -848 ) (4096 2720 -848 ) (4080 2720 -848 ) 
4 61 64 (3072 2720 -848 ) (3072 3072 -848 ) (4064 3072 -848 ) (4064 2720 -848 ) 
4 62 71 (4096 3056 -864 ) (4096 2720 -864 ) (4080 2720 -864 ) (4080 3056 -864 ) 
4 62 63 (4080 3072 -864 ) (4080 2816 -864 ) (4080 2816 -848 ) (4080 3072 -848 ) 
4 63 71 (4080 3056 -864 ) (4080 2816 -864 ) (4064 2816 -864 ) (4064 3056 -864 ) 
4 63 64 (4064 3072 -864 ) (4064 2816 -864 ) (4064 2816 -848 ) (4064 3072 -848 ) 
4 64 93 (3072 3072 -856 ) (3072 3072 -864 ) (3072 2720 -864 ) (3072 2720 -856 ) 
4 64 92 (3072 3072 -848 ) (3072 3072 -856 ) (3072 2720 -856 ) (3072 2720 -848 ) 
4 64 82 (3072 2720 -864 ) (3072 2864 -864 ) (3184 2864 -864 ) (3184 2720 -864 ) 
4 64 81 (3200 2864 -864 ) (3344 2864 -864 ) (3344 2720 -864 ) (3200 2720 -864 ) 
4 64 80 (3360 2864 -864 ) (3840 2864 -864 ) (3840 2720 -864 ) (3360 2720 -864 ) 
4 64 79 (3072 2880 -864 ) (3072 3040 -864 ) (3200 3040 -864 ) (3200 2880 -864 ) 
4 64 77 (3840 3040 -864 ) (3840 2880 -864 ) (3344 2880 -864 ) (3344 3040 -864 ) 
4 64 78 (3200 3056 -864 ) (3344 3056 -864 ) (3344 2864 -864 ) (3200 2864 -864 ) 
4 64 75 (3840 3056 -864 ) (3856 3056 -864 ) (3856 2880 -864 ) (3840 2880 -864 ) 
4 64 73 (4016 3056 -864 ) (4032 3056 -864 ) (4032 2960 -864 ) (4016 2960 -864 ) 
4 64 74 (3856 3056 -864 ) (4016 3056 -864 ) (4016 2720 -864 ) (3856 2720 -864 ) 
4 64 71 (4032 3056 -864 ) (4064 3056 -864 ) (4064 2720 -864 ) (4032 2720 -864 ) 
4 64 70 (3072 3056 -864 ) (3072 3072 -864 ) (3184 3072 -864 ) (3184 3056 -864 ) 
4 64 69 (3200 3072 -864 ) (3344 3072 -864 ) (3344 3056 -864 ) (3200 3056 -864 ) 
4 64 68 (3360 3072 -864 ) (3824 3072 -864 ) (3824 3056 -864 ) (3360 3056 -864 ) 
4 64 67 (3840 3072 -864 ) (4016 3072 -864 ) (4016 3056 -864 ) (3840 3056 -864 ) 
4 64 66 (3072 2720 -864 ) (4032 2720 -864 ) (4032 2720 -848 ) (3072 2720 -848 ) 
4 65 116 (4096 2048 -864 ) (4096 2048 -848 ) (4032 2048 -848 ) (4032 2048 -864 ) 
4 65 72 (4096 2704 -864 ) (4096 2048 -864 ) (4032 2048 -864 ) (4032 2704 -864 ) 
4 65 66 (4032 2704 -864 ) (4032 2048 -864 ) (4032 2048 -848 ) (4032 2704 -848 ) 
4 66 119 (3968 2048 -848 ) (3872 2048 -848 ) (3872 2048 -864 ) (3968 2048 -864 ) 
4 66 121 (3872 2048 -848 ) (3072 2048 -848 ) (3072 2048 -864 ) (3872 2048 -864 ) 
4 66 117 (3984 2048 -848 ) (3968 2048 -848 ) (3968 2048 -864 ) (3984 2048 -864 ) 
4 66 116 (4032 2048 -848 ) (3984 2048 -848 ) (3984 2048 -864 ) (4032 2048 -864 ) 
4 66 93 (3072 2720 -864 ) (3072 2048 -864 ) (3072 2048 -856 ) (3072 2720 -856 ) 
4 66 92 (3072 2048 -856 ) (3072 2048 -848 ) (3072 2720 -848 ) (3072 2720 -856 ) 
4 66 85 (3824 2448 -864 ) (3840 2448 -864 ) (3840 2048 -864 ) (3824 2048 -864 ) 
4 66 86 (3072 2048 -864 ) (3072 2448 -864 ) (3808 2448 -864 ) (3808 2048 -864 ) 
4 66 84 (3072 2464 -864 ) (3072 2624 -864 ) (3824 2624 -864 ) (3824 2464 -864 ) 
4 66 83 (3824 2624 -864 ) (3840 2624 -864 ) (3840 2448 -864 ) (3824 2448 -864 ) 
4 66 82 (3072 2640 -864 ) (3072 2720 -864 ) (3184 2720 -864 ) (3184 2640 -864 ) 
4 66 81 (3200 2720 -864 ) (3344 2720 -864 ) (3344 2624 -864 ) (3200 2624 -864 ) 
4 66 80 (3360 2720 -864 ) (3840 2720 -864 ) (3840 2640 -864 ) (3360 2640 -864 ) 
4 66 76 (3856 2624 -864 ) (3856 2048 -864 ) (3840 2048 -864 ) (3840 2624 -864 ) 
4 66 74 (3856 2720 -864 ) (4016 2720 -864 ) (4016 2048 -864 ) (3856 2048 -864 ) 
4 67 75 (3840 3056 -992 ) (3856 3056 -992 ) (3856 3056 -864 ) (3840 3056 -864 ) 
4 67 74 (3856 3056 -992 ) (4016 3056 -992 ) (4016 3056 -864 ) (3856 3056 -864 ) 
4 69 78 (3200 3056 -992 ) (3344 3056 -992 ) (3344 3056 -864 ) (3200 3056 -864 ) 
4 70 97 (3072 3072 -864 ) (3072 3072 -992 ) (3072 3056 -992 ) (3072 3056 -864 ) 
4 71 73 (4032 3056 -864 ) (4032 3056 -992 ) (4032 2960 -992 ) (4032 2960 -864 ) 
4 72 122 (4096 2048 -992 ) (4096 2048 -864 ) (4032 2048 -864 ) (4032 2048 -992 ) 
4 72 89 (4096 2048 -992 ) (4032 2048 -992 ) (4032 2464 -992 ) (4096 2464 -992 ) 
4 72 88 (4032 2464 -992 ) (4032 2704 -992 ) (4096 2704 -992 ) (4096 2464 -992 ) 
4 73 74 (4016 3056 -864 ) (4016 3056 -992 ) (4016 2960 -992 ) (4016 2960 -864 ) 
4 74 123 (4016 2048 -864 ) (3856 2048 -864 ) (3856 2048 -992 ) (4016 2048 -992 ) 
4 74 75 (3856 3056 -864 ) (3856 3056 -992 ) (3856 2880 -992 ) (3856 2880 -864 ) 
4 74 76 (3856 2624 -992 ) (3856 2048 -992 ) (3856 2048 -864 ) (3856 2624 -864 ) 
4 75 77 (3840 3040 -992 ) (3840 2880 -992 ) (3840 2880 -864 ) (3840 3040 -864 ) 
4 76 123 (3856 2048 -864 ) (3840 2048 -864 ) (3840 2048 -992 ) (3856 2048 -992 ) 
4 76 85 (3840 2448 -992 ) (3840 2048 -992 ) (3840 2048 -864 ) (3840 2448 -864 ) 
4 76 83 (3840 2624 -992 ) (3840 2448 -992 ) (3840 2448 -864 ) (3840 2624 -864 ) 
4 77 78 (3344 3040 -992 ) (3344 2880 -992 ) (3344 2880 -864 ) (3344 3040 -864 ) 
4 78 81 (3200 2864 -992 ) (3344 2864 -992 ) (3344 2864 -864 ) (3200 2864 -864 ) 
4 78 79 (3200 3040 -992 ) (3200 2880 -992 ) (3200 2880 -864 ) (3200 3040 -864 ) 
4 79 101 (3072 3040 -992 ) (3072 2880 -992 ) (3072 2880 -864 ) (3072 3040 -864 ) 
4 81 84 (3200 2624 -992 ) (3344 2624 -992 ) (3344 2624 -864 ) (3200 2624 -864 ) 
4 82 104 (3072 2864 -992 ) (3072 2640 -992 ) (3072 2640 -864 ) (3072 2864 -864 ) 
4 83 85 (3824 2448 -992 ) (3840 2448 -992 ) (3840 2448 -864 ) (3824 2448 -864 ) 
4 83 84 (3824 2624 -864 ) (3824 2624 -992 ) (3824 2464 -992 ) (3824 2464 -864 ) 
4 84 105 (3072 2624 -992 ) (3072 2464 -992 ) (3072 2464 -864 ) (3072 2624 -864 ) 
4 85 123 (3840 2048 -864 ) (3824 2048 -864 ) (3824 2048 -992 ) (3840 2048 -992 ) 
4 86 124 (3808 2048 -864 ) (3072 2048 -864 ) (3072 2048 -992 ) (3808 2048 -992 ) 
4 86 108 (3072 2448 -992 ) (3072 2048 -992 ) (3072 2048 -864 ) (3072 2448 -864 ) 
4 86 90 (3808 2048 -992 ) (3072 2048 -992 ) (3072 2448 -992 ) (3808 2448 -992 ) 
4 87 91 (4016 3072 -1008 ) (4096 3072 -1008 ) (4096 3056 -1008 ) (4016 3056 -1008 ) 
4 88 91 (4096 2720 -1008 ) (4096 2464 -1008 ) (4016 2464 -1008 ) (4016 2720 -1008 ) 
4 88 89 (4032 2464 -1008 ) (4096 2464 -1008 ) (4096 2464 -992 ) (4032 2464 -992 ) 
4 89 126 (4096 2048 -1008 ) (4096 2048 -992 ) (4032 2048 -992 ) (4032 2048 -1008 ) 
4 89 91 (4032 2464 -1008 ) (4096 2464 -1008 ) (4096 2048 -1008 ) (4032 2048 -1008 ) 
4 90 129 (3808 2048 -992 ) (3072 2048 -992 ) (3072 2048 -1008 ) (3808 2048 -1008 ) 
4 90 110 (3072 2464 -1008 ) (3072 2048 -1008 ) (3072 2048 -992 ) (3072 2464 -992 ) 
4 90 91 (3072 2048 -1008 ) (3072 2464 -1008 ) (3808 2464 -1008 ) (3808 2048 -1008 ) 
4 91 127 (4032 2048 -1008 ) (3808 2048 -1008 ) (3808 2048 -1536 ) (4032 2048 -1536 ) 
4 91 126 (4096 2048 -1536 ) (4096 2048 -1008 ) (4032 2048 -1008 ) (4032 2048 -1536 ) 
4 91 129 (3808 2048 -1008 ) (3072 2048 -1008 ) (3072 2048 -1536 ) (3808 2048 -1536 ) 
4 91 114 (3072 3072 -1008 ) (3072 3072 -1536 ) (3072 2048 -1536 ) (3072 2048 -1008 ) 
4 92 131 (2048 3072 768 ) (2048 3072 -856 ) (2048 2048 -856 ) (2048 2048 768 ) 
4 92 130 (3072 2048 -856 ) (3072 2048 768 ) (2048 2048 768 ) (2048 2048 -856 ) 
4 92 94 (2704 3072 -856 ) (2720 3072 -856 ) (2720 2800 -856 ) (2704 2800 -856 ) 
4 92 95 (2720 2656 -856 ) (2720 2048 -856 ) (2704 2048 -856 ) (2704 2656 -856 ) 
4 92 93 (2720 3072 -856 ) (3072 3072 -856 ) (3072 2048 -856 ) (2720 2048 -856 ) 
4 92 96 (2048 3072 -856 ) (2704 3072 -856 ) (2704 2048 -856 ) (2048 2048 -856 ) 
4 93 130 (3072 2048 -864 ) (3072 2048 -856 ) (2720 2048 -856 ) (2720 2048 -864 ) 
4 93 108 (3072 2048 -864 ) (2720 2048 -864 ) (2720 2448 -864 ) (3072 2448 -864 ) 
4 93 105 (2720 2464 -864 ) (2720 2624 -864 ) (3072 2624 -864 ) (3072 2464 -864 ) 
4 93 104 (2720 2640 -864 ) (2720 2864 -864 ) (3072 2864 -864 ) (3072 2640 -864 ) 
4 93 101 (2720 2880 -864 ) (2720 3040 -864 ) (3072 3040 -864 ) (3072 2880 -864 ) 
4 93 97 (2720 3056 -864 ) (2720 3072 -864 ) (3072 3072 -864 ) (3072 3056 -864 ) 
4 93 94 (2720 3072 -864 ) (2720 2800 -864 ) (2720 2800 -856 ) (2720 3072 -856 ) 
4 93 95 (2720 2656 -864 ) (2720 2048 -864 ) (2720 2048 -856 ) (2720 2656 -856 ) 
4 94 101 (2704 2880 -864 ) (2704 3040 -864 ) (2720 3040 -864 ) (2720 2880 -864 ) 
4 94 96 (2704 3072 -864 ) (2704 2800 -864 ) (2704 2800 -856 ) (2704 3072 -856 ) 
4 95 130 (2720 2048 -856 ) (2704 2048 -856 ) (2704 2048 -864 ) (2720 2048 -864 ) 
4 95 108 (2720 2048 -864 ) (2704 2048 -864 ) (2704 2448 -864 ) (2720 2448 -864 ) 
4 95 105 (2704 2464 -864 ) (2704 2624 -864 ) (2720 2624 -864 ) (2720 2464 -864 ) 
4 95 96 (2704 2656 -864 ) (2704 2048 -864 ) (2704 2048 -856 ) (2704 2656 -856 ) 
4 96 131 (2048 3072 -856 ) (2048 3072 -864 ) (2048 2048 -864 ) (2048 2048 -856 ) 
4 96 130 (2704 2048 -856 ) (2048 2048 -856 ) (2048 2048 -864 ) (2704 2048 -864 ) 
4 96 108 (2704 2048 -864 ) (2512 2048 -864 ) (2512 2448 -864 ) (2704 2448 -864 ) 
4 96 109 (2512 2048 -864 ) (2048 2048 -864 ) (2048 2464 -864 ) (2512 2464 -864 ) 
4 96 106 (2528 2864 -864 ) (2704 2864 -864 ) (2704 2464 -864 ) (2528 2464 -864 ) 
4 96 107 (2048 2464 -864 ) (2048 2864 -864 ) (2512 2864 -864 ) (2512 2464 -864 ) 
4 96 103 (2048 2864 -864 ) (2048 3040 -864 ) (2368 3040 -864 ) (2368 2864 -864 ) 
4 96 102 (2704 2880 -864 ) (2704 2864 -864 ) (2528 2864 -864 ) (2528 2880 -864 ) 
4 96 101 (2384 3040 -864 ) (2704 3040 -864 ) (2704 2880 -864 ) (2384 2880 -864 ) 
4 96 99 (2384 3072 -864 ) (2512 3072 -864 ) (2512 3056 -864 ) (2384 3056 -864 ) 
4 96 100 (2048 3040 -864 ) (2048 3072 -864 ) (2384 3072 -864 ) (2384 3040 -864 ) 
4 96 98 (2528 3072 -864 ) (2704 3072 -864 ) (2704 3040 -864 ) (2528 3040 -864 ) 
4 98 101 (2528 3040 -992 ) (2704 3040 -992 ) (2704 3040 -864 ) (2528 3040 -864 ) 
4 99 111 (2384 3072 -992 ) (2512 3072 -992 ) (2512 3056 -992 ) (2384 3056 -992 ) 
4 99 100 (2384 3072 -992 ) (2384 3056 -992 ) (2384 3056 -864 ) (2384 3072 -864 ) 
4 100 131 (2048 3072 -864 ) (2048 3072 -992 ) (2048 3040 -992 ) (2048 3040 -864 ) 
4 100 111 (2368 3072 -992 ) (2384 3072 -992 ) (2384 3040 -992 ) (2368 3040 -992 ) 
4 100 113 (2048 3072 -992 ) (2368 3072 -992 ) (2368 3040 -992 ) (2048 3040 -992 ) 
4 100 103 (2048 3040 -992 ) (2368 3040 -992 ) (2368 3040 -864 ) (2048 3040 -864 ) 
4 101 102 (2528 2880 -992 ) (2704 2880 -992 ) (2704 2880 -864 ) (2528 2880 -864 ) 
4 102 106 (2528 2864 -992 ) (2704 2864 -992 ) (2704 2864 -864 ) (2528 2864 -864 ) 
4 103 131 (2048 3040 -992 ) (2048 2864 -992 ) (2048 2864 -864 ) (2048 3040 -864 ) 
4 103 113 (2368 2864 -992 ) (2048 2864 -992 ) (2048 3040 -992 ) (2368 3040 -992 ) 
4 103 107 (2048 2864 -992 ) (2368 2864 -992 ) (2368 2864 -864 ) (2048 2864 -864 ) 
4 105 106 (2704 2624 -992 ) (2704 2464 -992 ) (2704 2464 -864 ) (2704 2624 -864 ) 
4 107 131 (2048 2864 -992 ) (2048 2464 -992 ) (2048 2464 -864 ) (2048 2864 -864 ) 
4 107 112 (2512 2464 -992 ) (2368 2464 -992 ) (2368 2864 -992 ) (2512 2864 -992 ) 
4 107 113 (2368 2464 -992 ) (2048 2464 -992 ) (2048 2864 -992 ) (2368 2864 -992 ) 
4 107 109 (2048 2464 -992 ) (2512 2464 -992 ) (2512 2464 -864 ) (2048 2464 -864 ) 
4 108 130 (3072 2048 -992 ) (3072 2048 -864 ) (2512 2048 -864 ) (2512 2048 -992 ) 
4 108 110 (3072 2448 -992 ) (3072 2048 -992 ) (2512 2048 -992 ) (2512 2448 -992 ) 
4 108 109 (2512 2448 -992 ) (2512 2048 -992 ) (2512 2048 -864 ) (2512 2448 -864 ) 
4 109 131 (2048 2464 -992 ) (2048 2048 -992 ) (2048 2048 -864 ) (2048 2464 -864 ) 
4 109 130 (2512 2048 -864 ) (2048 2048 -864 ) (2048 2048 -992 ) (2512 2048 -992 ) 
4 109 112 (2512 2048 -992 ) (2368 2048 -992 ) (2368 2464 -992 ) (2512 2464 -992 ) 
4 109 113 (2368 2048 -992 ) (2048 2048 -992 ) (2048 2464 -992 ) (2368 2464 -992 ) 
4 110 130 (3072 2048 -1008 ) (3072 2048 -992 ) (2512 2048 -992 ) (2512 2048 -1008 ) 
4 110 114 (3072 2048 -1008 ) (2512 2048 -1008 ) (2512 2464 -1008 ) (3072 2464 -1008 ) 
4 110 112 (2512 2464 -1008 ) (2512 2048 -1008 ) (2512 2048 -992 ) (2512 2464 -992 ) 
4 111 114 (2368 3040 -1008 ) (2368 3072 -1008 ) (2512 3072 -1008 ) (2512 3040 -1008 ) 
4 111 113 (2368 3072 -1008 ) (2368 3040 -1008 ) (2368 3040 -992 ) (2368 3072 -992 ) 
4 112 130 (2512 2048 -992 ) (2368 2048 -992 ) (2368 2048 -1008 ) (2512 2048 -1008 ) 
4 112 114 (2512 2048 -1008 ) (2368 2048 -1008 ) (2368 2880 -1008 ) (2512 2880 -1008 ) 
4 112 113 (2368 2880 -1008 ) (2368 2048 -1008 ) (2368 2048 -992 ) (2368 2880 -992 ) 
4 113 131 (2048 3072 -992 ) (2048 3072 -1008 ) (2048 2048 -1008 ) (2048 2048 -992 ) 
4 113 130 (2368 2048 -992 ) (2048 2048 -992 ) (2048 2048 -1008 ) (2368 2048 -1008 ) 
4 113 114 (2368 2048 -1008 ) (2048 2048 -1008 ) (2048 3072 -1008 ) (2368 3072 -1008 ) 
4 114 131 (2048 3072 -1008 ) (2048 3072 -1536 ) (2048 2048 -1536 ) (2048 2048 -1008 ) 
4 114 130 (3072 2048 -1536 ) (3072 2048 -1008 ) (2048 2048 -1008 ) (2048 2048 -1536 ) 
4 115 133 (4096 1024 -848 ) (4096 1024 768 ) (3072 1024 768 ) (3072 1024 -848 ) 
4 115 130 (3072 2048 768 ) (3072 2048 -848 ) (3072 1024 -848 ) (3072 1024 768 ) 
4 115 119 (3872 2048 -848 ) (3968 2048 -848 ) (3968 1840 -848 ) (3872 1840 -848 ) 
4 115 120 (3968 1824 -848 ) (3968 1024 -848 ) (3872 1024 -848 ) (3872 1824 -848 ) 
4 115 121 (3072 1024 -848 ) (3072 2048 -848 ) (3872 2048 -848 ) (3872 1024 -848 ) 
4 115 117 (3968 2048 -848 ) (3984 2048 -848 ) (3984 1904 -848 ) (3968 1904 -848 ) 
4 115 118 (3984 1696 -848 ) (3984 1024 -848 ) (3968 1024 -848 ) (3968 1696 -848 ) 
4 115 116 (3984 2048 -848 ) (4096 2048 -848 ) (4096 1024 -848 ) (3984 1024 -848 ) 
4 116 133 (4096 1024 -864 ) (4096 1024 -848 ) (3984 1024 -848 ) (3984 1024 -864 ) 
4 116 123 (3984 1712 -864 ) (3984 2048 -864 ) (4016 2048 -864 ) (4016 1712 -864 ) 
4 116 122 (4032 2048 -864 ) (4096 2048 -864 ) (4096 1696 -864 ) (4032 1696 -864 ) 
4 116 125 (4096 1024 -864 ) (3984 1024 -864 ) (3984 1696 -864 ) (4096 1696 -864 ) 
4 116 117 (3984 2048 -864 ) (3984 1904 -864 ) (3984 1904 -848 ) (3984 2048 -848 ) 
4 116 118 (3984 1696 -864 ) (3984 1024 -864 ) (3984 1024 -848 ) (3984 1696 -848 ) 
4 117 123 (3968 1904 -864 ) (3968 2048 -864 ) (3984 2048 -864 ) (3984 1904 -864 ) 
4 117 119 (3968 2048 -864 ) (3968 1904 -864 ) (3968 1904 -848 ) (3968 2048 -848 ) 
4 118 133 (3984 1024 -848 ) (3968 1024 -848 ) (3968 1024 -864 ) (3984 1024 -864 ) 
4 118 125 (3984 1024 -864 ) (3968 1024 -864 ) (3968 1696 -864 ) (3984 1696 -864 ) 
4 118 120 (3968 1696 -864 ) (3968 1024 -864 ) (3968 1024 -848 ) (3968 1696 -848 ) 
4 119 123 (3872 1840 -864 ) (3872 2048 -864 ) (3968 2048 -864 ) (3968 1840 -864 ) 
4 119 121 (3872 2048 -864 ) (3872 1840 -864 ) (3872 1840 -848 ) (3872 2048 -848 ) 
4 120 133 (3968 1024 -848 ) (3872 1024 -848 ) (3872 1024 -864 ) (3968 1024 -864 ) 
4 120 123 (3872 1712 -864 ) (3872 1824 -864 ) (3968 1824 -864 ) (3968 1712 -864 ) 
4 120 125 (3968 1024 -864 ) (3872 1024 -864 ) (3872 1696 -864 ) (3968 1696 -864 ) 
4 120 121 (3872 1824 -864 ) (3872 1024 -864 ) (3872 1024 -848 ) (3872 1824 -848 ) 
4 121 133 (3872 1024 -848 ) (3072 1024 -848 ) (3072 1024 -864 ) (3872 1024 -864 ) 
4 121 130 (3072 2048 -848 ) (3072 2048 -864 ) (3072 1024 -864 ) (3072 1024 -848 ) 
4 121 124 (3072 1696 -864 ) (3072 2048 -864 ) (3808 2048 -864 ) (3808 1696 -864 ) 
4 121 123 (3824 2048 -864 ) (3872 2048 -864 ) (3872 1712 -864 ) (3824 1712 -864 ) 
4 121 125 (3872 1024 -864 ) (3072 1024 -864 ) (3072 1696 -864 ) (3872 1696 -864 ) 
4 122 126 (4032 2048 -992 ) (4096 2048 -992 ) (4096 1696 -992 ) (4032 1696 -992 ) 
4 122 125 (4032 1696 -992 ) (4096 1696 -992 ) (4096 1696 -864 ) (4032 1696 -864 ) 
4 124 130 (3072 2048 -864 ) (3072 2048 -992 ) (3072 1696 -992 ) (3072 1696 -864 ) 
4 124 129 (3072 1696 -992 ) (3072 2048 -992 ) (3808 2048 -992 ) (3808 1696 -992 ) 
4 124 125 (3072 1696 -992 ) (3808 1696 -992 ) (3808 1696 -864 ) (3072 1696 -864 ) 
4 125 133 (4096 1024 -992 ) (4096 1024 -864 ) (3072 1024 -864 ) (3072 1024 -992 ) 
4 125 130 (3072 1696 -992 ) (3072 1024 -992 ) (3072 1024 -864 ) (3072 1696 -864 ) 
4 125 128 (3808 1696 -992 ) (4032 1696 -992 ) (4032 1024 -992 ) (3808 1024 -992 ) 
4 125 126 (4032 1696 -992 ) (4096 1696 -992 ) (4096 1024 -992 ) (4032 1024 -992 ) 
4 125 129 (3072 1024 -992 ) (3072 1696 -992 ) (3808 1696 -992 ) (3808 1024 -992 ) 
4 126 133 (4096 1024 -1536 ) (4096 1024 -992 ) (4032 1024 -992 ) (4032 1024 -1536 ) 
4 126 127 (4032 2048 -1536 ) (4032 1696 -1536 ) (4032 1696 -1008 ) (4032 2048 -1008 ) 
4 126 128 (4032 1696 -1536 ) (4032 1024 -1536 ) (4032 1024 -992 ) (4032 1696 -992 ) 
4 127 128 (3808 1696 -1008 ) (3808 1696 -1536 ) (4032 1696 -1536 ) (4032 1696 -1008 ) 
4 127 129 (3808 2048 -1536 ) (3808 1696 -1536 ) (3808 1696 -1008 ) (3808 2048 -1008 ) 
4 128 133 (4032 1024 -992 ) (3808 1024 -992 ) (3808 1024 -1536 ) (4032 1024 -1536 ) 
4 128 129 (3808 1696 -1536 ) (3808 1024 -1536 ) (3808 1024 -992 ) (3808 1696 -992 ) 
4 129 133 (3808 1024 -992 ) (3072 1024 -992 ) (3072 1024 -1536 ) (3808 1024 -1536 ) 
4 129 130 (3072 2048 -992 ) (3072 2048 -1536 ) (3072 1024 -1536 ) (3072 1024 -992 ) 
4 130 134 (3072 1024 -1536 ) (3072 1024 768 ) (2048 1024 768 ) (2048 1024 -1536 ) 
4 130 132 (2048 1024 -1536 ) (2048 1024 768 ) (2048 2048 768 ) (2048 2048 -1536 ) 
4 131 132 (2048 2048 -1536 ) (2048 2048 768 ) (1488 2048 768 ) (1488 2048 -1536 ) 
4 132 135 (2048 1024 -1536 ) (2048 1024 768 ) (1488 1024 768 ) (1488 1024 -1536 ) 
4 133 134 (3072 1024 768 ) (3072 1024 -1536 ) (3072 976 -1536 ) (3072 976 768 ) 
4 134 135 (2048 1024 768 ) (2048 1024 -1536 ) (2048 976 -1536 ) (2048 976 768 ) 
