PRT1
174
567
4 0 3 (6432 -1024 5270.479980 ) (6144 -1024 5270.479980 ) (6144 -1024 -282.483002 ) (6432 -1024 -282.483002 ) 
4 0 1 (6144 -1024 -282.483002 ) (6144 -1024 5270.479980 ) (6144 -128 5270.479980 ) (6144 -128 -282.483002 ) 
4 1 5 (6144 -1024 -282.483002 ) (6144 -1024 5270.479980 ) (5120 -1024 5270.479980 ) (5120 -1024 -282.483002 ) 
4 1 2 (5120 -1024 -282.483002 ) (5120 -1024 5270.479980 ) (5120 -128 5270.479980 ) (5120 -128 -282.483002 ) 
4 2 9 (4096 -1024 -282.483002 ) (4096 -1024 5270.479980 ) (4096 -128 5270.479980 ) (4096 -128 -282.483002 ) 
4 2 6 (5120 -1024 -282.483002 ) (5120 -1024 5270.479980 ) (4096 -1024 5270.479980 ) (4096 -1024 -282.483002 ) 
4 3 5 (6144 -1024 5270.479980 ) (6144 -1024 -282.483002 ) (6144 -2048 -282.483002 ) (6144 -2048 5270.479980 ) 
4 3 4 (6432 -2048 5270.479980 ) (6144 -2048 5270.479980 ) (6144 -2048 -282.483002 ) (6432 -2048 -282.483002 ) 
4 4 64 (6432 -3072 5270.479980 ) (6144 -3072 5270.479980 ) (6144 -3072 -282.483002 ) (6432 -3072 -282.483002 ) 
4 4 7 (6144 -3072 -282.483002 ) (6144 -3072 5270.479980 ) (6144 -2048 5270.479980 ) (6144 -2048 -282.483002 ) 
4 5 7 (6144 -2048 -282.483002 ) (6144 -2048 5270.479980 ) (5120 -2048 5270.479980 ) (5120 -2048 -282.483002 ) 
4 5 6 (5120 -1024 5270.479980 ) (5120 -1024 -282.483002 ) (5120 -2048 -282.483002 ) (5120 -2048 5270.479980 ) 
4 6 11 (4096 -2048 -282.483002 ) (4096 -2048 5270.479980 ) (4096 -1024 5270.479980 ) (4096 -1024 -282.483002 ) 
4 6 8 (5120 -2048 -282.483002 ) (5120 -2048 5270.479980 ) (4096 -2048 5270.479980 ) (4096 -2048 -282.483002 ) 
4 7 66 (6144 -3072 -282.483002 ) (6144 -3072 5270.479980 ) (5120 -3072 5270.479980 ) (5120 -3072 -282.483002 ) 
4 7 8 (5120 -2048 5270.479980 ) (5120 -2048 -282.483002 ) (5120 -3072 -282.483002 ) (5120 -3072 5270.479980 ) 
4 8 67 (5120 -3072 -282.483002 ) (5120 -3072 5270.479980 ) (4096 -3072 5270.479980 ) (4096 -3072 -282.483002 ) 
4 8 23 (4096 -3072 -282.483002 ) (4096 -3072 5270.479980 ) (4096 -2048 5270.479980 ) (4096 -2048 -282.483002 ) 
4 9 11 (4096 -1024 -282.483002 ) (4096 -1024 5270.479980 ) (3072 -1024 5270.479980 ) (3072 -1024 -282.483002 ) 
4 9 10 (3072 -1024 -282.483002 ) (3072 -1024 5270.479980 ) (3072 -128 5270.479980 ) (3072 -128 -282.483002 ) 
4 10 46 (2048 -1024 -282.483002 ) (2048 -1024 5270.479980 ) (2048 -128 5270.479980 ) (2048 -128 -282.483002 ) 
4 10 22 (2048 -1024 368 ) (2048 -1024 -282.483002 ) (2560 -1024 -282.483002 ) (2560 -1024 368 ) 
4 10 20 (2360 -1024 376 ) (2160 -1024 376 ) (2160 -1024 368 ) (2360 -1024 368 ) 
4 10 21 (2160 -1024 376 ) (2048 -1024 376 ) (2048 -1024 368 ) (2160 -1024 368 ) 
4 10 18 (2560 -1024 376 ) (2360 -1024 376 ) (2360 -1024 368 ) (2560 -1024 368 ) 
4 10 17 (3072 -1024 -282.483002 ) (3072 -1024 16 ) (2560 -1024 16 ) (2560 -1024 -282.483002 ) 
4 10 13 (3072 -1024 16 ) (3072 -1024 376 ) (2560 -1024 376 ) (2560 -1024 16 ) 
4 10 12 (3072 -1024 376 ) (3072 -1024 5270.479980 ) (2048 -1024 5270.479980 ) (2048 -1024 376 ) 
4 11 23 (4096 -2048 -282.483002 ) (4096 -2048 5270.479980 ) (3072 -2048 5270.479980 ) (3072 -2048 -282.483002 ) 
4 11 17 (3072 -2048 -282.483002 ) (3072 -2048 16 ) (3072 -1024 16 ) (3072 -1024 -282.483002 ) 
4 11 15 (3072 -2048 16 ) (3072 -2048 376 ) (3072 -1865.760132 376 ) (3072 -1865.760132 16 ) 
4 11 14 (3072 -1865.760132 376 ) (3072 -1863.169800 376 ) (3072 -1863.169800 16 ) (3072 -1865.760132 16 ) 
4 11 13 (3072 -1863.169800 376 ) (3072 -1024 376 ) (3072 -1024 16 ) (3072 -1863.169800 16 ) 
4 11 12 (3072 -2048 376 ) (3072 -2048 5270.479980 ) (3072 -1024 5270.479980 ) (3072 -1024 376 ) 
4 12 48 (2048 -2048 376 ) (2048 -2048 5270.479980 ) (2048 -1024 5270.479980 ) (2048 -1024 376 ) 
4 12 24 (2048 -2048 5270.479980 ) (2048 -2048 376 ) (3072 -2048 376 ) (3072 -2048 5270.479980 ) 
4 12 20 (2160 -1024 376 ) (2360 -1024 376 ) (2360 -1584 376 ) (2160 -1784 376 ) 
4 12 21 (2048 -1024 376 ) (2160 -1024 376 ) (2160 -2048 376 ) (2048 -2048 376 ) 
4 12 18 (2360 -1024 376 ) (2560 -1024 376 ) (2560 -1584 376 ) (2360 -1584 376 ) 
4 12 19 (2560 -1856 376 ) (2560 -2048 376 ) (2360 -2048 376 ) (2360 -1856 376 ) 
5 12 15 (3072 -1865.760132 376 ) (3072 -2048 376 ) (2560 -2048 376 ) (2560 -1828 376 ) (2766.287354 -1719.017944 376 ) 
4 12 14 (3072 -1863.169800 376 ) (3072 -1865.760132 376 ) (2766.287354 -1719.017944 376 ) (2772 -1716 376 ) 
4 12 13 (2560 -1024 376 ) (3072 -1024 376 ) (3072 -1863.169800 376 ) (2560 -1612 376 ) 
4 13 22 (2560 -1024 368 ) (2560 -1024 16 ) (2560 -1612 16 ) (2560 -1612 368 ) 
4 13 18 (2560 -1584 376 ) (2560 -1024 376 ) (2560 -1024 368 ) (2560 -1584 368 ) 
4 13 17 (2560 -1612 16 ) (2560 -1024 16 ) (3072 -1024 16 ) (3072 -1863.169800 16 ) 
4 13 14 (2772.001709 -1716 16 ) (3072 -1863.168457 16 ) (3072 -1863.168457 376 ) (2772.001709 -1716 376 ) 
4 14 17 (2772 -1716 16 ) (3072 -1863.169800 16 ) (3072 -1865.760132 16 ) (2766.287354 -1719.017944 16 ) 
4 14 15 (2766.287354 -1719.017944 16 ) (3072 -1865.760010 16 ) (3072 -1865.759644 376 ) (2766.287598 -1719.017944 376 ) 
4 15 45 (3072 -2048 16 ) (3072 -2048 184 ) (2560 -2048 184 ) (2560 -2048 16 ) 
4 15 37 (2582.830566 -2048 192 ) (2560 -2048 192 ) (2560 -2048 184 ) (2582.830566 -2048 184 ) 
4 15 36 (2795.665771 -2048 192 ) (2582.830566 -2048 192 ) (2582.830566 -2048 184 ) (2795.665771 -2048 184 ) 
4 15 35 (3039.576416 -2048 192 ) (2795.665771 -2048 192 ) (2795.665771 -2048 184 ) (3039.576416 -2048 184 ) 
4 15 34 (3072 -2048 184 ) (3072 -2048 192 ) (3039.576416 -2048 192 ) (3039.576416 -2048 184 ) 
4 15 33 (3072 -2048 192 ) (3072 -2048 368 ) (2560 -2048 368 ) (2560 -2048 192 ) 
4 15 25 (3072 -2048 368 ) (3072 -2048 376 ) (2560 -2048 376 ) (2560 -2048 368 ) 
4 15 22 (2560 -2048 16 ) (2560 -2048 368 ) (2560 -1828 368 ) (2560 -1828 16 ) 
4 15 19 (2560 -2048 368 ) (2560 -2048 376 ) (2560 -1856 376 ) (2560 -1856 368 ) 
5 15 17 (2560 -2048 16 ) (2560 -1828 16 ) (2766.287354 -1719.017944 16 ) (3072 -1865.760132 16 ) (3072 -2048 16 ) 
4 16 22 (2560 -1620 368 ) (2560 -1620 16 ) (2560 -1820 16 ) (2560 -1820 368 ) 
3 16 17 (2560 -1820 16 ) (2560 -1620 16 ) (2760 -1716 16 ) 
4 17 45 (3072 -2048 -282.483002 ) (3072 -2048 16 ) (2560 -2048 16 ) (2560 -2048 -282.483002 ) 
4 17 22 (2560 -2048 -282.483002 ) (2560 -2048 16 ) (2560 -1024 16 ) (2560 -1024 -282.483002 ) 
4 18 22 (2360 -1024 368 ) (2560 -1024 368 ) (2560 -1584 368 ) (2360 -1584 368 ) 
4 18 20 (2360 -1024 368 ) (2360 -1584 368 ) (2360 -1584 376 ) (2360 -1024 376 ) 
4 19 27 (2360 -2048 368 ) (2376.004883 -2048 368 ) (2376.004883 -2048 376 ) (2360 -2048 376 ) 
4 19 25 (2376.004883 -2048 368 ) (2560 -2048 368 ) (2560 -2048 376 ) (2376.004883 -2048 376 ) 
4 19 22 (2560 -1856 368 ) (2560 -2048 368 ) (2360 -2048 368 ) (2360 -1856 368 ) 
4 20 22 (2160 -1024 368 ) (2360 -1024 368 ) (2360 -1584 368 ) (2160 -1784 368 ) 
4 20 21 (2160 -1024 368 ) (2160 -1784 368 ) (2160 -1784 376 ) (2160 -1024 376 ) 
4 21 48 (2048 -2048 368 ) (2048 -2048 376 ) (2048 -1024 376 ) (2048 -1024 368 ) 
4 21 32 (2048 -2048 376 ) (2048 -2048 368 ) (2160 -2048 368 ) (2160 -2048 376 ) 
4 21 22 (2048 -1024 368 ) (2160 -1024 368 ) (2160 -2048 368 ) (2048 -2048 368 ) 
4 22 48 (2048 -2048 -282.483002 ) (2048 -2048 368 ) (2048 -1024 368 ) (2048 -1024 -282.483002 ) 
4 22 45 (2048 -2048 184 ) (2048 -2048 -282.483002 ) (2560 -2048 -282.483002 ) (2560 -2048 184 ) 
4 22 44 (2048 -2048 192 ) (2048 -2048 184 ) (2056 -2048 184 ) (2056 -2048 192 ) 
4 22 41 (2056 -2048 184 ) (2456 -2048 184 ) (2456 -2048 192 ) (2056 -2048 192 ) 
4 22 37 (2456 -2048 184 ) (2560 -2048 184 ) (2560 -2048 192 ) (2456 -2048 192 ) 
4 22 33 (2048 -2048 368 ) (2048 -2048 192 ) (2560 -2048 192 ) (2560 -2048 368 ) 
4 23 82 (4096 -3072 -282.483002 ) (4096 -3072 5270.479980 ) (3072 -3072 5270.479980 ) (3072 -3072 -282.483002 ) 
4 23 45 (3072 -2048 184 ) (3072 -2048 -282.483002 ) (3072 -3072 -282.483002 ) (3072 -3072 184 ) 
4 23 34 (3072 -2048 192 ) (3072 -2048 184 ) (3072 -3072 184 ) (3072 -3072 192 ) 
4 23 33 (3072 -2048 368 ) (3072 -2048 192 ) (3072 -3072 192 ) (3072 -3072 368 ) 
4 23 25 (3072 -2048 376 ) (3072 -2048 368 ) (3072 -3072 368 ) (3072 -3072 376 ) 
4 23 24 (3072 -2048 5270.479980 ) (3072 -2048 376 ) (3072 -3072 376 ) (3072 -3072 5270.479980 ) 
4 24 90 (2128 -3072 496 ) (2048 -3072 496 ) (2048 -3072 376 ) (2128 -3072 376 ) 
4 24 89 (2328 -3072 496 ) (2128 -3072 496 ) (2128 -3072 376 ) (2328 -3072 376 ) 
4 24 87 (2720 -3072 496 ) (2328 -3072 496 ) (2328 -3072 376 ) (2720 -3072 376 ) 
4 24 84 (3072 -3072 376 ) (3072 -3072 496 ) (2720 -3072 496 ) (2720 -3072 376 ) 
4 24 83 (3072 -3072 496 ) (3072 -3072 5270.479980 ) (2048 -3072 5270.479980 ) (2048 -3072 496 ) 
4 24 49 (2048 -3072 376 ) (2048 -3072 5270.479980 ) (2048 -2048 5270.479980 ) (2048 -2048 376 ) 
4 24 32 (2048 -2410.129395 376 ) (2048 -2048 376 ) (2160 -2048 376 ) (2160 -2381.300781 376 ) 
3 24 31 (2360 -2383.371826 376 ) (2360 -2348.932373 376 ) (2477.285400 -2413.546387 376 ) 
3 24 30 (2859.788574 -3072 376 ) (2844.472656 -3072 376 ) (2856 -3011.499268 376 ) 
3 24 29 (2915.108643 -3072 376 ) (2859.788574 -3072 376 ) (2846.560059 -2860.750000 376 ) 
3 24 28 (2609.399902 -2486.330078 376 ) (2677.489502 -2523.841553 376 ) (2719.195068 -2589.666504 376 ) 
4 24 27 (2360 -2348.932373 376 ) (2360 -2048 376 ) (2376.004883 -2048 376 ) (2677.489502 -2523.841553 376 ) 
3 24 26 (3024.792969 -3072 376 ) (2915.108643 -3072 376 ) (2799.959961 -2717.139893 376 ) 
4 24 25 (3072 -3072 376 ) (3024.792969 -3072 376 ) (2376.004883 -2048 376 ) (3072 -2048 376 ) 
4 25 85 (3072 -3072 368 ) (3072 -3072 376 ) (3024.792969 -3072 376 ) (3024.792969 -3072 368 ) 
4 25 33 (2376.004883 -2048 368 ) (3072 -2048 368 ) (3072 -3072 368 ) (3024.792969 -3072 368 ) 
4 25 28 (2677.489990 -2523.841797 368 ) (2719.195557 -2589.666748 368 ) (2719.195557 -2589.666748 376 ) (2677.489990 -2523.841797 376 ) 
4 25 27 (2376.005127 -2048 368 ) (2677.489990 -2523.841797 368 ) (2677.489990 -2523.841797 376 ) (2376.005127 -2048 376 ) 
4 25 26 (2799.959961 -2717.139648 368 ) (3024.793213 -3072 368 ) (3024.793213 -3072 376 ) (2799.959961 -2717.139648 376 ) 
4 26 85 (3024.792969 -3072 376 ) (2915.108643 -3072 376 ) (2915.108643 -3072 368 ) (3024.792969 -3072 368 ) 
3 26 33 (2799.959961 -2717.139893 368 ) (3024.792969 -3072 368 ) (2915.108643 -3072 368 ) 
4 26 29 (2846.559814 -2860.746338 368 ) (2915.109619 -3072 368 ) (2915.109375 -3072 376 ) (2846.559814 -2860.746582 376 ) 
4 27 33 (2360 -2048 368 ) (2376.004883 -2048 368 ) (2677.489502 -2523.841553 368 ) (2360 -2348.932373 368 ) 
4 27 31 (2360 -2348.930176 376 ) (2360 -2348.930176 368 ) (2477.292480 -2413.548340 368 ) (2477.292480 -2413.548340 376 ) 
4 27 28 (2609.394775 -2486.325195 368 ) (2677.487549 -2523.838379 368 ) (2677.487549 -2523.838379 376 ) (2609.394775 -2486.325195 376 ) 
3 28 33 (2677.489502 -2523.841553 368 ) (2719.195068 -2589.666504 368 ) (2609.399902 -2486.330078 368 ) 
4 29 85 (2915.108643 -3072 376 ) (2859.788574 -3072 376 ) (2859.788574 -3072 368 ) (2915.108643 -3072 368 ) 
3 29 33 (2846.560059 -2860.750000 368 ) (2915.108643 -3072 368 ) (2859.788574 -3072 368 ) 
4 29 30 (2856 -3011.500244 368 ) (2859.788330 -3072 368 ) (2859.788086 -3072 376 ) (2856 -3011.500732 376 ) 
4 30 85 (2859.788574 -3072 376 ) (2844.472656 -3072 376 ) (2844.472656 -3072 368 ) (2859.788574 -3072 368 ) 
3 30 33 (2856 -3011.499268 368 ) (2859.788574 -3072 368 ) (2844.472656 -3072 368 ) 
3 31 33 (2360 -2383.371826 368 ) (2360 -2348.932373 368 ) (2477.285400 -2413.546387 368 ) 
4 32 51 (2048 -2410.129395 376 ) (2048 -2186.844238 376 ) (2048 -2186.844238 368 ) (2048 -2410.129395 368 ) 
4 32 50 (2048 -2186.844238 376 ) (2048 -2048 376 ) (2048 -2048 368 ) (2048 -2186.844238 368 ) 
4 32 33 (2048 -2410.129395 368 ) (2048 -2048 368 ) (2160 -2048 368 ) (2160 -2381.300781 368 ) 
4 33 100 (2776 -3072 368 ) (2048 -3072 368 ) (2048 -3072 192 ) (2776 -3072 192 ) 
4 33 99 (3072 -3072 192 ) (3072 -3072 368 ) (2776 -3072 368 ) (2776 -3072 192 ) 
4 33 54 (2048 -3072 192 ) (2048 -3072 368 ) (2048 -2048 368 ) (2048 -2048 192 ) 
4 33 44 (2048 -2410.128418 192 ) (2048 -2048 192 ) (2056 -2048 192 ) (2056 -2408.070313 192 ) 
3 33 43 (2456 -2376 192 ) (2456 -2408.073975 192 ) (2331.364258 -2376 192 ) 
3 33 42 (2056 -2408.070068 192 ) (2056 -2376 192 ) (2180.620117 -2376 192 ) 
4 33 41 (2056 -2048 192 ) (2456 -2048 192 ) (2456 -2376 192 ) (2056 -2376 192 ) 
3 33 40 (2775.919922 -2643.054688 192 ) (2799.959717 -2717.139648 192 ) (2719.195068 -2589.666504 192 ) 
3 33 39 (2750.244141 -2563.927734 192 ) (2775.919922 -2643.054688 192 ) (2609.399902 -2486.330078 192 ) 
3 33 38 (2721.865234 -2476.470947 192 ) (2750.244141 -2563.927734 192 ) (2477.300781 -2413.550537 192 ) 
4 33 37 (2456 -2048 192 ) (2582.830566 -2048 192 ) (2721.865234 -2476.470947 192 ) (2456 -2408.070313 192 ) 
3 33 36 (2582.830566 -2048 192 ) (2795.665771 -2048 192 ) (2846.560303 -2860.750977 192 ) 
3 33 35 (2795.665771 -2048 192 ) (3039.576416 -2048 192 ) (2856 -3011.499268 192 ) 
4 33 34 (3039.576416 -2048 192 ) (3072 -2048 192 ) (3072 -3072 192 ) (2844.472900 -3072 192 ) 
4 34 102 (3072 -3072 184 ) (3072 -3072 192 ) (2844.472900 -3072 192 ) (2844.472900 -3072 184 ) 
4 34 45 (3072 -3072 184 ) (2844.472900 -3072 184 ) (3039.576416 -2048 184 ) (3072 -2048 184 ) 
4 34 35 (3039.576172 -2048 184 ) (2856 -3011.499023 184 ) (2856 -3011.502197 192 ) (3039.577148 -2048 192 ) 
3 35 45 (2795.665771 -2048 184 ) (3039.576416 -2048 184 ) (2856 -3011.499268 184 ) 
4 35 36 (2795.665771 -2048 184 ) (2846.560059 -2860.750000 184 ) (2846.560059 -2860.750000 192 ) (2795.665771 -2048 192 ) 
3 36 45 (2582.830566 -2048 184 ) (2795.665771 -2048 184 ) (2846.560303 -2860.750977 184 ) 
4 36 40 (2775.920898 -2643.055420 184 ) (2799.961670 -2717.142822 184 ) (2799.961670 -2717.142822 192 ) (2775.921143 -2643.055420 192 ) 
4 36 39 (2750.244873 -2563.928223 184 ) (2775.920898 -2643.055420 184 ) (2775.921143 -2643.055420 192 ) (2750.245117 -2563.928467 192 ) 
4 36 38 (2721.865967 -2476.470947 184 ) (2750.244873 -2563.928223 184 ) (2750.245117 -2563.928467 192 ) (2721.866211 -2476.471191 192 ) 
4 36 37 (2582.831299 -2048 184 ) (2721.865967 -2476.470947 184 ) (2721.866211 -2476.471191 192 ) (2582.831543 -2048 192 ) 
4 37 45 (2456 -2408.070313 184 ) (2456 -2048 184 ) (2582.830566 -2048 184 ) (2721.865234 -2476.470947 184 ) 
4 37 43 (2456 -2376 184 ) (2456 -2408.070313 184 ) (2456 -2408.070313 192 ) (2456 -2376 192 ) 
4 37 41 (2456 -2048 184 ) (2456 -2376 184 ) (2456 -2376 192 ) (2456 -2048 192 ) 
4 37 38 (2477.306152 -2413.553223 184 ) (2721.863281 -2476.471680 184 ) (2721.863281 -2476.471680 192 ) (2477.306152 -2413.553223 192 ) 
3 38 45 (2477.300781 -2413.550537 184 ) (2721.865234 -2476.470947 184 ) (2750.244141 -2563.927734 184 ) 
4 38 39 (2609.392090 -2486.322754 184 ) (2750.242432 -2563.923584 184 ) (2750.242432 -2563.923584 192 ) (2609.392090 -2486.322754 192 ) 
3 39 45 (2609.399902 -2486.330078 184 ) (2750.244141 -2563.927734 184 ) (2775.919922 -2643.054688 184 ) 
4 39 40 (2719.199219 -2589.673096 184 ) (2775.921631 -2643.058594 184 ) (2775.921631 -2643.058594 192 ) (2719.199219 -2589.673096 192 ) 
3 40 45 (2719.195068 -2589.666504 184 ) (2775.919922 -2643.054688 184 ) (2799.959717 -2717.139648 184 ) 
4 41 45 (2056 -2376 184 ) (2056 -2048 184 ) (2456 -2048 184 ) (2456 -2376 184 ) 
4 41 44 (2056 -2048 184 ) (2056 -2376 184 ) (2056 -2376 192 ) (2056 -2048 192 ) 
4 41 43 (2331.364258 -2376 184 ) (2456 -2376 184 ) (2456 -2376 192 ) (2331.364258 -2376 192 ) 
4 41 42 (2056 -2376 192 ) (2056 -2376 184 ) (2180.620117 -2376 184 ) (2180.620117 -2376 192 ) 
3 42 45 (2056 -2408.070068 184 ) (2056 -2376 184 ) (2180.620117 -2376 184 ) 
4 42 44 (2056 -2376 184 ) (2056 -2408.070068 184 ) (2056 -2408.070068 192 ) (2056 -2376 192 ) 
3 43 45 (2331.364258 -2376 184 ) (2456 -2376 184 ) (2456 -2408.073975 184 ) 
4 44 57 (2048 -2410.128418 192 ) (2048 -2406.222412 192 ) (2048 -2406.222412 184 ) (2048 -2410.128418 184 ) 
4 44 56 (2048 -2406.222412 192 ) (2048 -2048 192 ) (2048 -2048 184 ) (2048 -2406.222412 184 ) 
4 44 45 (2048 -2410.128418 184 ) (2048 -2048 184 ) (2056 -2048 184 ) (2056 -2408.070313 184 ) 
4 45 112 (3072 -3072 -282.483002 ) (3072 -3072 184 ) (2048 -3072 184 ) (2048 -3072 -282.483002 ) 
4 45 61 (2048 -3072 -282.483002 ) (2048 -3072 184 ) (2048 -2048 184 ) (2048 -2048 -282.483002 ) 
4 46 48 (2048 -1024 -282.483002 ) (2048 -1024 5270.479980 ) (1024 -1024 5270.479980 ) (1024 -1024 -282.483002 ) 
4 46 47 (1024 -1024 -282.483002 ) (1024 -1024 5270.479980 ) (1024 -128 5270.479980 ) (1024 -128 -282.483002 ) 
4 47 62 (1024 -1024 -282.483002 ) (1024 -1024 5270.479980 ) (96 -1024 5270.479980 ) (96 -1024 -282.483002 ) 
4 48 62 (1024 -1024 5270.479980 ) (1024 -1024 -282.483002 ) (1024 -2048 -282.483002 ) (1024 -2048 5270.479980 ) 
4 48 61 (2048 -2048 -282.483002 ) (2048 -2048 184 ) (1024 -2048 184 ) (1024 -2048 -282.483002 ) 
4 48 56 (2048 -2048 184 ) (2048 -2048 192 ) (1736 -2048 192 ) (1736 -2048 184 ) 
4 48 60 (1736 -2048 192 ) (1024 -2048 192 ) (1024 -2048 184 ) (1736 -2048 184 ) 
4 48 50 (2048 -2048 368 ) (2048 -2048 376 ) (1736 -2048 376 ) (1736 -2048 368 ) 
4 48 54 (2048 -2048 192 ) (2048 -2048 368 ) (1736 -2048 368 ) (1736 -2048 192 ) 
4 48 55 (1736 -2048 376 ) (1024 -2048 376 ) (1024 -2048 192 ) (1736 -2048 192 ) 
4 48 49 (2048 -2048 376 ) (2048 -2048 5270.479980 ) (1024 -2048 5270.479980 ) (1024 -2048 376 ) 
4 49 125 (2048 -3072 376 ) (2048 -3072 496 ) (1736 -3072 496 ) (1736 -3072 376 ) 
4 49 127 (1736 -3072 496 ) (1024 -3072 496 ) (1024 -3072 376 ) (1736 -3072 376 ) 
4 49 124 (2048 -3072 496 ) (2048 -3072 5270.479980 ) (1024 -3072 5270.479980 ) (1024 -3072 496 ) 
4 49 63 (1024 -3072 376 ) (1024 -3072 5270.479980 ) (1024 -2048 5270.479980 ) (1024 -2048 376 ) 
3 49 53 (1902.615723 -2486.315918 376 ) (1959.309326 -2432.957764 376 ) (2034.691284 -2413.554688 376 ) 
3 49 52 (1792.790527 -2589.679688 376 ) (1878.979614 -2453.634521 376 ) (1959.309326 -2432.957764 376 ) 
3 49 51 (2048 -2186.844238 376 ) (2048 -2410.129150 376 ) (1878.979614 -2453.634521 376 ) 
4 49 50 (2048 -2048 376 ) (2048 -2186.844238 376 ) (1736 -2679.320557 376 ) (1736 -2048 376 ) 
4 49 55 (1736 -3072 376 ) (1024 -3072 376 ) (1024 -2048 376 ) (1736 -2048 376 ) 
4 50 52 (1792.784302 -2589.685303 368 ) (1878.976563 -2453.635254 368 ) (1878.976929 -2453.635254 376 ) (1792.784424 -2589.685303 376 ) 
4 50 51 (1878.976563 -2453.635254 368 ) (2048 -2186.840576 368 ) (2048 -2186.841553 376 ) (1878.976929 -2453.635254 376 ) 
4 50 54 (1736 -2679.320557 368 ) (1736 -2048 368 ) (2048 -2048 368 ) (2048 -2186.844238 368 ) 
4 50 55 (1736 -2679.320557 376 ) (1736 -2048 376 ) (1736 -2048 368 ) (1736 -2679.320557 368 ) 
4 51 53 (1959.309326 -2432.957764 368 ) (2034.691284 -2413.554688 368 ) (2034.689453 -2413.555908 376 ) (1959.308838 -2432.958252 376 ) 
4 51 52 (1878.980469 -2453.634277 376 ) (1878.980469 -2453.634277 368 ) (1959.309326 -2432.957764 368 ) (1959.308838 -2432.958252 376 ) 
3 51 54 (1878.979614 -2453.634521 368 ) (2048 -2186.844238 368 ) (2048 -2410.129150 368 ) 
4 52 53 (1902.611084 -2486.318604 368 ) (1959.310547 -2432.955078 368 ) (1959.310547 -2432.955078 376 ) (1902.611084 -2486.318604 376 ) 
3 52 54 (1792.790527 -2589.679688 368 ) (1878.979614 -2453.634521 368 ) (1959.309326 -2432.957764 368 ) 
3 53 54 (1902.615723 -2486.315918 368 ) (1959.309326 -2432.957764 368 ) (2034.691284 -2413.554688 368 ) 
4 54 129 (2048 -3072 192 ) (2048 -3072 368 ) (1736 -3072 368 ) (1736 -3072 192 ) 
3 54 59 (1736 -2679.320557 192 ) (1736 -2643.133789 192 ) (1792.781616 -2589.687744 192 ) 
3 54 58 (1736 -2643.133789 192 ) (1736 -2578.117676 192 ) (1902.575195 -2486.343750 192 ) 
3 54 57 (2034.698975 -2413.550537 192 ) (2048 -2406.222412 192 ) (2048 -2410.128662 192 ) 
4 54 56 (1736 -2578.117676 192 ) (1736 -2048 192 ) (2048 -2048 192 ) (2048 -2406.222412 192 ) 
4 54 55 (1736 -2048 192 ) (1736 -3072 192 ) (1736 -3072 368 ) (1736 -2048 368 ) 
4 55 130 (1736 -3072 376 ) (1024 -3072 376 ) (1024 -3072 192 ) (1736 -3072 192 ) 
4 55 63 (1024 -3072 192 ) (1024 -3072 376 ) (1024 -2048 376 ) (1024 -2048 192 ) 
4 55 60 (1736 -3072 192 ) (1024 -3072 192 ) (1024 -2048 192 ) (1736 -2048 192 ) 
4 56 61 (2048 -2048 184 ) (2048 -2406.222412 184 ) (1736 -2578.117676 184 ) (1736 -2048 184 ) 
4 56 58 (1736 -2578.118164 192 ) (1736 -2578.118164 184 ) (1902.573853 -2486.344727 184 ) (1902.574341 -2486.344482 192 ) 
4 56 57 (2034.700684 -2413.550049 184 ) (2048 -2406.222900 184 ) (2048 -2406.222656 192 ) (2034.699829 -2413.550293 192 ) 
4 56 60 (1736 -2048 184 ) (1736 -2578.117676 184 ) (1736 -2578.117676 192 ) (1736 -2048 192 ) 
3 57 61 (2048 -2406.222412 184 ) (2048 -2410.128662 184 ) (2034.698975 -2413.550537 184 ) 
3 58 61 (1736 -2643.133789 184 ) (1736 -2578.117676 184 ) (1902.575195 -2486.343750 184 ) 
4 58 59 (1736 -2643.132568 192 ) (1736 -2643.132568 184 ) (1792.783325 -2589.684814 184 ) (1792.783325 -2589.684814 192 ) 
4 58 60 (1736 -2578.117676 184 ) (1736 -2643.133789 184 ) (1736 -2643.133789 192 ) (1736 -2578.117676 192 ) 
3 59 61 (1736 -2679.320557 184 ) (1736 -2643.133789 184 ) (1792.781616 -2589.687744 184 ) 
4 59 60 (1736 -2643.133789 184 ) (1736 -2679.320557 184 ) (1736 -2679.320557 192 ) (1736 -2643.133789 192 ) 
4 60 138 (1736 -3072 192 ) (1024 -3072 192 ) (1024 -3072 184 ) (1736 -3072 184 ) 
4 60 63 (1024 -3072 184 ) (1024 -3072 192 ) (1024 -2048 192 ) (1024 -2048 184 ) 
4 60 61 (1736 -3072 184 ) (1024 -3072 184 ) (1024 -2048 184 ) (1736 -2048 184 ) 
4 61 137 (2048 -3072 -282.483002 ) (2048 -3072 184 ) (1736 -3072 184 ) (1736 -3072 -282.483002 ) 
4 61 138 (1736 -3072 184 ) (1024 -3072 184 ) (1024 -3072 -282.483002 ) (1736 -3072 -282.483002 ) 
4 61 63 (1024 -3072 -282.483002 ) (1024 -3072 184 ) (1024 -2048 184 ) (1024 -2048 -282.483002 ) 
4 62 63 (1024 -2048 -282.483002 ) (1024 -2048 5270.479980 ) (96 -2048 5270.479980 ) (96 -2048 -282.483002 ) 
4 63 146 (1024 -3072 -282.483002 ) (1024 -3072 5270.479980 ) (96 -3072 5270.479980 ) (96 -3072 -282.483002 ) 
4 64 66 (6144 -3072 5270.479980 ) (6144 -3072 -282.483002 ) (6144 -4096 -282.483002 ) (6144 -4096 5270.479980 ) 
4 64 65 (6432 -4096 5270.479980 ) (6144 -4096 5270.479980 ) (6144 -4096 -282.483002 ) (6432 -4096 -282.483002 ) 
4 65 73 (6432 -5120 5270.479980 ) (6144 -5120 5270.479980 ) (6144 -5120 -282.483002 ) (6432 -5120 -282.483002 ) 
4 65 68 (6144 -5120 -282.483002 ) (6144 -5120 5270.479980 ) (6144 -4096 5270.479980 ) (6144 -4096 -282.483002 ) 
4 66 68 (6144 -4096 -282.483002 ) (6144 -4096 5270.479980 ) (5120 -4096 5270.479980 ) (5120 -4096 -282.483002 ) 
4 66 67 (5120 -3072 5270.479980 ) (5120 -3072 -282.483002 ) (5120 -4096 -282.483002 ) (5120 -4096 5270.479980 ) 
4 67 82 (4096 -3072 5270.479980 ) (4096 -3072 -282.483002 ) (4096 -4096 -282.483002 ) (4096 -4096 5270.479980 ) 
4 67 72 (5120 -4096 -282.483002 ) (5120 -4096 184 ) (4096 -4096 184 ) (4096 -4096 -282.483002 ) 
4 67 70 (4184 -4096 5270.479980 ) (4096 -4096 5270.479980 ) (4096 -4096 184 ) (4184 -4096 184 ) 
4 67 69 (5120 -4096 184 ) (5120 -4096 5270.479980 ) (4184 -4096 5270.479980 ) (4184 -4096 184 ) 
4 68 75 (6144 -5120 -282.483002 ) (6144 -5120 5270.479980 ) (5120 -5120 5270.479980 ) (5120 -5120 -282.483002 ) 
4 68 72 (5120 -4096 184 ) (5120 -4096 -282.483002 ) (5120 -5120 -282.483002 ) (5120 -5120 184 ) 
4 68 69 (5120 -4096 5270.479980 ) (5120 -4096 184 ) (5120 -5120 184 ) (5120 -5120 5270.479980 ) 
4 69 76 (5120 -5120 184 ) (5120 -5120 5270.479980 ) (4184 -5120 5270.479980 ) (4184 -5120 184 ) 
4 69 72 (5120 -4096 184 ) (5120 -5120 184 ) (4184 -5120 184 ) (4184 -4096 184 ) 
4 69 71 (4184 -5120 192 ) (4184 -5120 5270.479980 ) (4184 -5000 5270.479980 ) (4184 -5000 192 ) 
4 69 70 (4184 -4096 184 ) (4184 -5000 184 ) (4184 -5000 5270.479980 ) (4184 -4096 5270.479980 ) 
4 70 113 (4096 -5000 5270.479980 ) (4096 -4096 5270.479980 ) (4096 -4096 184 ) (4096 -5000 184 ) 
4 70 72 (4096 -5000 184 ) (4096 -4096 184 ) (4184 -4096 184 ) (4184 -5000 184 ) 
4 70 71 (4184 -5000 192 ) (4184 -5000 5270.479980 ) (4096 -5000 5270.479980 ) (4096 -5000 192 ) 
4 71 114 (4096 -5120 192 ) (4096 -5120 5270.479980 ) (4096 -5000 5270.479980 ) (4096 -5000 192 ) 
4 71 77 (4184 -5120 5270.479980 ) (4096 -5120 5270.479980 ) (4096 -5120 192 ) (4184 -5120 192 ) 
4 72 115 (4096 -5120 -282.483002 ) (4096 -5120 184 ) (4096 -4096 184 ) (4096 -4096 -282.483002 ) 
4 72 79 (5120 -5120 -282.483002 ) (5120 -5120 184 ) (4096 -5120 184 ) (4096 -5120 -282.483002 ) 
4 73 75 (6144 -5120 5270.479980 ) (6144 -5120 -282.483002 ) (6144 -6144 -282.483002 ) (6144 -6144 5270.479980 ) 
4 73 74 (6432 -6144 5270.479980 ) (6144 -6144 5270.479980 ) (6144 -6144 -282.483002 ) (6432 -6144 -282.483002 ) 
4 74 80 (6144 -6208 5270.479980 ) (6144 -6144 5270.479980 ) (6144 -6144 -282.483002 ) (6144 -6208 -282.483002 ) 
4 75 80 (6144 -6144 -282.483002 ) (6144 -6144 5270.479980 ) (5120 -6144 5270.479980 ) (5120 -6144 -282.483002 ) 
4 75 79 (5120 -5120 184 ) (5120 -5120 -282.483002 ) (5120 -6144 -282.483002 ) (5120 -6144 184 ) 
4 75 76 (5120 -5120 5270.479980 ) (5120 -5120 184 ) (5120 -6144 184 ) (5120 -6144 5270.479980 ) 
4 76 81 (5120 -6144 184 ) (5120 -6144 5270.479980 ) (4184 -6144 5270.479980 ) (4184 -6144 184 ) 
4 76 79 (5120 -5120 184 ) (5120 -6144 184 ) (4184 -6144 184 ) (4184 -5120 184 ) 
4 76 77 (4184 -5600 192 ) (4184 -5600 5270.479980 ) (4184 -5120 5270.479980 ) (4184 -5120 192 ) 
4 76 78 (4184 -5600 184 ) (4184 -6144 184 ) (4184 -6144 5270.479980 ) (4184 -5600 5270.479980 ) 
4 77 148 (4096 -5600 5270.479980 ) (4096 -5120 5270.479980 ) (4096 -5120 192 ) (4096 -5600 192 ) 
4 77 78 (4184 -5600 192 ) (4184 -5600 5270.479980 ) (4096 -5600 5270.479980 ) (4096 -5600 192 ) 
4 78 149 (4096 -6144 184 ) (4096 -6144 5270.479980 ) (4096 -5600 5270.479980 ) (4096 -5600 184 ) 
4 78 81 (4184 -6144 5270.479980 ) (4096 -6144 5270.479980 ) (4096 -6144 184 ) (4184 -6144 184 ) 
4 78 79 (4184 -6144 184 ) (4096 -6144 184 ) (4096 -5600 184 ) (4184 -5600 184 ) 
4 79 150 (4096 -6144 -282.483002 ) (4096 -6144 184 ) (4096 -5120 184 ) (4096 -5120 -282.483002 ) 
4 79 81 (5120 -6144 -282.483002 ) (5120 -6144 184 ) (4096 -6144 184 ) (4096 -6144 -282.483002 ) 
4 80 81 (5120 -6208 5270.479980 ) (5120 -6144 5270.479980 ) (5120 -6144 -282.483002 ) (5120 -6208 -282.483002 ) 
4 81 160 (4096 -6208 5270.479980 ) (4096 -6144 5270.479980 ) (4096 -6144 -282.483002 ) (4096 -6208 -282.483002 ) 
4 82 115 (4096 -4096 -282.483002 ) (4096 -4096 184 ) (3072 -4096 184 ) (3072 -4096 -282.483002 ) 
4 82 113 (4096 -4096 184 ) (4096 -4096 5270.479980 ) (3072 -4096 5270.479980 ) (3072 -4096 184 ) 
4 82 112 (3072 -3072 184 ) (3072 -3072 -282.483002 ) (3072 -4096 -282.483002 ) (3072 -4096 184 ) 
4 82 109 (3072 -3936 184 ) (3072 -4096 184 ) (3072 -4096 192 ) (3072 -3936 192 ) 
4 82 102 (3072 -3072 192 ) (3072 -3072 184 ) (3072 -3936 184 ) (3072 -3936 192 ) 
4 82 99 (3072 -3072 368 ) (3072 -3072 192 ) (3072 -4096 192 ) (3072 -4096 368 ) 
4 82 96 (3072 -3536 368 ) (3072 -4096 368 ) (3072 -4096 376 ) (3072 -3536 376 ) 
4 82 95 (3072 -4096 376 ) (3072 -4096 496 ) (3072 -3536 496 ) (3072 -3536 376 ) 
4 82 94 (3072 -3280 368 ) (3072 -3536 368 ) (3072 -3536 496 ) (3072 -3280 496 ) 
4 82 93 (3072 -3272 368 ) (3072 -3280 368 ) (3072 -3280 376 ) (3072 -3272 376 ) 
4 82 92 (3072 -3280 376 ) (3072 -3280 496 ) (3072 -3272 496 ) (3072 -3272 376 ) 
4 82 85 (3072 -3072 376 ) (3072 -3072 368 ) (3072 -3272 368 ) (3072 -3272 376 ) 
4 82 84 (3072 -3072 496 ) (3072 -3072 376 ) (3072 -3272 376 ) (3072 -3272 496 ) 
4 82 83 (3072 -3072 5270.479980 ) (3072 -3072 496 ) (3072 -4096 496 ) (3072 -4096 5270.479980 ) 
4 83 124 (2048 -3072 5270.479980 ) (2048 -3072 496 ) (2048 -4096 496 ) (2048 -4096 5270.479980 ) 
4 83 116 (3072 -4096 496 ) (3072 -4096 5270.479980 ) (2048 -4096 5270.479980 ) (2048 -4096 496 ) 
4 83 95 (3072 -3536 496 ) (3072 -4096 496 ) (2048 -4096 496 ) (2048 -3536 496 ) 
4 83 94 (3072 -3280 496 ) (3072 -3536 496 ) (2048 -3536 496 ) (2048 -3280 496 ) 
4 83 92 (3072 -3272 496 ) (3072 -3280 496 ) (2048 -3280 496 ) (2048 -3272 496 ) 
4 83 90 (2048 -3072 496 ) (2128 -3072 496 ) (2128 -3120 496 ) (2048 -3120 496 ) 
4 83 91 (2128 -3136 496 ) (2128 -3272 496 ) (2048 -3272 496 ) (2048 -3136 496 ) 
4 83 89 (2128 -3072 496 ) (2328 -3072 496 ) (2328 -3272 496 ) (2128 -3272 496 ) 
4 83 87 (2328 -3072 496 ) (2720 -3072 496 ) (2720 -3120 496 ) (2328 -3120 496 ) 
4 83 88 (2720 -3136 496 ) (2720 -3272 496 ) (2328 -3272 496 ) (2328 -3136 496 ) 
4 83 84 (2720 -3072 496 ) (3072 -3072 496 ) (3072 -3272 496 ) (2720 -3272 496 ) 
4 84 92 (3072 -3272 376 ) (3072 -3272 496 ) (2720 -3272 496 ) (2720 -3272 376 ) 
4 84 87 (2720 -3120 496 ) (2720 -3072 496 ) (2720 -3072 376 ) (2720 -3120 376 ) 
4 84 88 (2720 -3272 376 ) (2720 -3272 496 ) (2720 -3136 496 ) (2720 -3136 376 ) 
3 84 86 (2806.366699 -3272 376 ) (2775.092529 -3272 376 ) (2827.760254 -3159.716309 376 ) 
4 84 85 (3072 -3272 376 ) (2806.366699 -3272 376 ) (2844.472900 -3072 376 ) (3072 -3072 376 ) 
4 85 99 (2844.472900 -3072 368 ) (3072 -3072 368 ) (3072 -3272 368 ) (2806.366699 -3272 368 ) 
4 85 93 (2806.366699 -3272 368 ) (3072 -3272 368 ) (3072 -3272 376 ) (2806.366699 -3272 376 ) 
4 85 86 (2827.760498 -3159.715820 368 ) (2806.366943 -3272 368 ) (2806.366943 -3272 376 ) (2827.760498 -3159.715820 376 ) 
3 86 100 (2776 -3272 368 ) (2775.092529 -3272 368 ) (2776 -3270.065430 368 ) 
4 86 99 (2827.760254 -3159.716309 368 ) (2806.366699 -3272 368 ) (2776 -3272 368 ) (2776 -3270.065430 368 ) 
4 86 93 (2776 -3272 368 ) (2806.366699 -3272 368 ) (2806.366699 -3272 376 ) (2776 -3272 376 ) 
4 87 89 (2328 -3120 496 ) (2328 -3072 496 ) (2328 -3072 376 ) (2328 -3120 376 ) 
4 88 92 (2720 -3272 376 ) (2720 -3272 496 ) (2328 -3272 496 ) (2328 -3272 376 ) 
4 88 89 (2328 -3272 376 ) (2328 -3272 496 ) (2328 -3136 496 ) (2328 -3136 376 ) 
4 89 92 (2328 -3272 376 ) (2328 -3272 496 ) (2128 -3272 496 ) (2128 -3272 376 ) 
4 89 90 (2128 -3120 496 ) (2128 -3072 496 ) (2128 -3072 376 ) (2128 -3120 376 ) 
4 89 91 (2128 -3272 376 ) (2128 -3272 496 ) (2128 -3136 496 ) (2128 -3136 376 ) 
4 90 125 (2048 -3072 496 ) (2048 -3072 376 ) (2048 -3120 376 ) (2048 -3120 496 ) 
4 91 126 (2048 -3136 376 ) (2048 -3272 376 ) (2048 -3272 496 ) (2048 -3136 496 ) 
4 91 92 (2128 -3272 376 ) (2128 -3272 496 ) (2048 -3272 496 ) (2048 -3272 376 ) 
4 92 126 (2048 -3280 376 ) (2048 -3280 496 ) (2048 -3272 496 ) (2048 -3272 376 ) 
4 92 94 (3072 -3280 376 ) (3072 -3280 496 ) (2048 -3280 496 ) (2048 -3280 376 ) 
4 92 93 (3072 -3280 376 ) (2776 -3280 376 ) (2776 -3272 376 ) (3072 -3272 376 ) 
4 93 99 (2776 -3272 368 ) (3072 -3272 368 ) (3072 -3280 368 ) (2776 -3280 368 ) 
4 93 94 (2776 -3280 368 ) (3072 -3280 368 ) (3072 -3280 376 ) (2776 -3280 376 ) 
4 94 131 (2048 -3280 368 ) (2048 -3536 368 ) (2048 -3536 376 ) (2048 -3280 376 ) 
4 94 126 (2048 -3536 376 ) (2048 -3536 496 ) (2048 -3280 496 ) (2048 -3280 376 ) 
4 94 101 (2048 -3536 368 ) (2048 -3280 368 ) (2776 -3280 368 ) (2776 -3536 368 ) 
4 94 99 (2776 -3280 368 ) (3072 -3280 368 ) (3072 -3536 368 ) (2776 -3536 368 ) 
4 94 98 (2048 -3536 368 ) (2053.259766 -3536 368 ) (2053.259766 -3536 376 ) (2048 -3536 376 ) 
4 94 96 (2458.739502 -3536 368 ) (3072 -3536 368 ) (3072 -3536 376 ) (2458.739502 -3536 376 ) 
4 94 97 (2056 -3536 368 ) (2456 -3536 368 ) (2456 -3536 376 ) (2056 -3536 376 ) 
4 94 95 (3072 -3536 376 ) (3072 -3536 496 ) (2048 -3536 496 ) (2048 -3536 376 ) 
4 95 126 (2048 -4096 376 ) (2048 -4096 496 ) (2048 -3536 496 ) (2048 -3536 376 ) 
4 95 116 (3072 -4096 376 ) (3072 -4096 496 ) (2048 -4096 496 ) (2048 -4096 376 ) 
5 95 98 (2056 -4096 376 ) (2048 -4096 376 ) (2048 -3536 376 ) (2053.259766 -3536 376 ) (2056 -3537.090088 376 ) 
5 95 96 (3072 -4096 376 ) (2456 -4096 376 ) (2456 -3537.089844 376 ) (2458.739502 -3536 376 ) (3072 -3536 376 ) 
4 95 97 (2456 -4096 376 ) (2056 -4096 376 ) (2056 -3536 376 ) (2456 -3536 376 ) 
4 96 116 (3072 -4096 368 ) (3072 -4096 376 ) (2456 -4096 376 ) (2456 -4096 368 ) 
5 96 101 (2776 -4096 368 ) (2456 -4096 368 ) (2456 -3537.089844 368 ) (2458.739502 -3536 368 ) (2776 -3536 368 ) 
4 96 99 (3072 -4096 368 ) (2776 -4096 368 ) (2776 -3536 368 ) (3072 -3536 368 ) 
4 96 97 (2456 -4096 376 ) (2456 -3537.089844 376 ) (2456 -3537.089844 368 ) (2456 -4096 368 ) 
4 97 116 (2456 -4096 376 ) (2056 -4096 376 ) (2056 -4096 368 ) (2456 -4096 368 ) 
4 97 101 (2456 -4096 368 ) (2056 -4096 368 ) (2056 -3536 368 ) (2456 -3536 368 ) 
4 97 98 (2056 -4096 376 ) (2056 -3537.090088 376 ) (2056 -3537.090088 368 ) (2056 -4096 368 ) 
4 98 131 (2048 -3536 368 ) (2048 -4096 368 ) (2048 -4096 376 ) (2048 -3536 376 ) 
4 98 116 (2056 -4096 376 ) (2048 -4096 376 ) (2048 -4096 368 ) (2056 -4096 368 ) 
5 98 101 (2056 -4096 368 ) (2048 -4096 368 ) (2048 -3536 368 ) (2053.259766 -3536 368 ) (2056 -3537.090088 368 ) 
4 99 116 (3072 -4096 192 ) (3072 -4096 368 ) (2776 -4096 368 ) (2776 -4096 192 ) 
4 99 109 (3072 -3936 192 ) (3072 -4096 192 ) (2776 -4096 192 ) (2776 -3936 192 ) 
3 99 103 (2827.750244 -3159.769287 192 ) (2776 -3431.379639 192 ) (2776 -3270.056641 192 ) 
5 99 102 (2844.472900 -3072 192 ) (3072 -3072 192 ) (3072 -3936 192 ) (2776 -3936 192 ) (2776 -3431.379639 192 ) 
4 99 100 (2776 -3072 192 ) (2776 -3272 192 ) (2776 -3272 368 ) (2776 -3072 368 ) 
4 99 101 (2776 -3280 192 ) (2776 -4096 192 ) (2776 -4096 368 ) (2776 -3280 368 ) 
4 100 129 (2048 -3072 368 ) (2048 -3072 192 ) (2048 -3272 192 ) (2048 -3272 368 ) 
3 100 103 (2776 -3270.056885 192 ) (2776 -3272 192 ) (2775.088135 -3272 192 ) 
4 101 131 (2048 -3280 192 ) (2048 -4096 192 ) (2048 -4096 368 ) (2048 -3280 368 ) 
4 101 116 (2776 -4096 368 ) (2048 -4096 368 ) (2048 -4096 192 ) (2776 -4096 192 ) 
4 101 111 (2056 -4096 192 ) (2048 -4096 192 ) (2048 -3533.916504 192 ) (2056 -3537.090332 192 ) 
4 101 109 (2776 -3936 192 ) (2776 -4096 192 ) (2464 -4096 192 ) (2464 -3936 192 ) 
4 101 110 (2064 -4096 192 ) (2056 -4096 192 ) (2056 -3936 192 ) (2064 -3936 192 ) 
4 101 107 (2456 -3936 192 ) (2392 -3936 192 ) (2392 -3536 192 ) (2456 -3536 192 ) 
4 101 108 (2136 -3936 192 ) (2056 -3936 192 ) (2056 -3536 192 ) (2136 -3536 192 ) 
3 101 106 (2456 -3566.834473 192 ) (2456 -3537.090088 192 ) (2545.668701 -3501.506592 192 ) 
3 101 105 (2456 -3668.797363 192 ) (2456 -3566.834473 192 ) (2667.572754 -3412.693848 192 ) 
4 101 104 (2463.520264 -3936 192 ) (2456 -3936 192 ) (2456 -3668.797363 192 ) (2763.630371 -3296.418701 192 ) 
5 101 103 (2776 -3280 192 ) (2776 -3431.379395 192 ) (2679.854248 -3936 192 ) (2463.520264 -3936 192 ) (2771.334473 -3280 192 ) 
3 101 102 (2776 -3431.379395 192 ) (2776 -3936 192 ) (2679.854248 -3936 192 ) 
4 102 112 (2844.472900 -3072 184 ) (3072 -3072 184 ) (3072 -3936 184 ) (2679.854248 -3936 184 ) 
4 102 109 (2679.854248 -3936 184 ) (3072 -3936 184 ) (3072 -3936 192 ) (2679.854248 -3936 192 ) 
4 102 103 (2827.751221 -3159.767578 184 ) (2679.854736 -3936 184 ) (2679.854736 -3936 192 ) (2827.750977 -3159.767578 192 ) 
3 103 112 (2827.750000 -3159.769531 184 ) (2679.854248 -3936 184 ) (2463.520264 -3936 184 ) 
4 103 109 (2464 -3936 184 ) (2679.854248 -3936 184 ) (2679.854248 -3936 192 ) (2464 -3936 192 ) 
4 103 104 (2763.627930 -3296.422119 184 ) (2463.519287 -3936 184 ) (2463.519287 -3936 192 ) (2763.627930 -3296.422119 192 ) 
4 104 112 (2763.630127 -3296.418945 184 ) (2463.520264 -3936 184 ) (2456 -3936 184 ) (2456 -3668.797607 184 ) 
4 104 107 (2456 -3668.797607 184 ) (2456 -3936 184 ) (2456 -3936 192 ) (2456 -3668.797607 192 ) 
4 104 105 (2667.577393 -3412.690674 184 ) (2456 -3668.800293 184 ) (2456 -3668.800293 192 ) (2667.577393 -3412.690674 192 ) 
3 105 112 (2667.573486 -3412.693115 184 ) (2456 -3668.797607 184 ) (2456 -3566.834717 184 ) 
4 105 107 (2456 -3566.834717 184 ) (2456 -3668.797607 184 ) (2456 -3668.797607 192 ) (2456 -3566.834717 192 ) 
4 105 106 (2545.666260 -3501.507324 184 ) (2456 -3566.833740 184 ) (2456 -3566.833740 192 ) (2545.666260 -3501.507324 192 ) 
3 106 112 (2545.669922 -3501.505859 184 ) (2456 -3566.834717 184 ) (2456 -3537.089844 184 ) 
4 106 107 (2456 -3537.089844 184 ) (2456 -3566.834717 184 ) (2456 -3566.834717 192 ) (2456 -3537.089844 192 ) 
4 107 112 (2392 -3536 184 ) (2456 -3536 184 ) (2456 -3936 184 ) (2392 -3936 184 ) 
4 108 112 (2056 -3936 184 ) (2056 -3536 184 ) (2136 -3536 184 ) (2136 -3936 184 ) 
4 108 111 (2056 -3537.090576 184 ) (2056 -3936 184 ) (2056 -3936 192 ) (2056 -3537.090576 192 ) 
4 108 110 (2056 -3936 192 ) (2056 -3936 184 ) (2064 -3936 184 ) (2064 -3936 192 ) 
4 109 118 (2784 -4096 192 ) (2464 -4096 192 ) (2464 -4096 184 ) (2784 -4096 184 ) 
4 109 117 (3072 -4096 184 ) (3072 -4096 192 ) (2784 -4096 192 ) (2784 -4096 184 ) 
4 109 112 (3072 -4096 184 ) (2464 -4096 184 ) (2464 -3936 184 ) (3072 -3936 184 ) 
4 110 122 (2064 -4096 192 ) (2056 -4096 192 ) (2056 -4096 184 ) (2064 -4096 184 ) 
4 110 112 (2064 -4096 184 ) (2056 -4096 184 ) (2056 -3936 184 ) (2064 -3936 184 ) 
4 110 111 (2056 -3936 184 ) (2056 -4096 184 ) (2056 -4096 192 ) (2056 -3936 192 ) 
4 111 133 (2048 -3533.916504 184 ) (2048 -4096 184 ) (2048 -4096 192 ) (2048 -3533.916504 192 ) 
4 111 122 (2056 -4096 192 ) (2048 -4096 192 ) (2048 -4096 184 ) (2056 -4096 184 ) 
4 111 112 (2056 -4096 184 ) (2048 -4096 184 ) (2048 -3533.916504 184 ) (2056 -3537.090332 184 ) 
4 112 137 (2048 -3072 184 ) (2048 -3072 -282.483002 ) (2048 -4096 -282.483002 ) (2048 -4096 184 ) 
4 112 123 (3072 -4096 -282.483002 ) (3072 -4096 184 ) (2048 -4096 184 ) (2048 -4096 -282.483002 ) 
4 113 117 (3072 -4096 192 ) (3072 -4096 184 ) (3072 -5000 184 ) (3072 -5000 192 ) 
4 113 116 (3072 -4096 5270.479980 ) (3072 -4096 192 ) (3072 -5000 192 ) (3072 -5000 5270.479980 ) 
4 113 115 (3072 -5000 184 ) (3072 -4096 184 ) (4096 -4096 184 ) (4096 -5000 184 ) 
4 113 114 (4096 -5000 192 ) (4096 -5000 5270.479980 ) (3072 -5000 5270.479980 ) (3072 -5000 192 ) 
4 114 148 (4096 -5120 192 ) (4096 -5120 5270.479980 ) (3072 -5120 5270.479980 ) (3072 -5120 192 ) 
4 114 116 (3072 -5120 192 ) (3072 -5120 5270.479980 ) (3072 -5000 5270.479980 ) (3072 -5000 192 ) 
4 115 150 (4096 -5120 -282.483002 ) (4096 -5120 184 ) (3072 -5120 184 ) (3072 -5120 -282.483002 ) 
4 115 123 (3072 -4096 184 ) (3072 -4096 -282.483002 ) (3072 -5120 -282.483002 ) (3072 -5120 184 ) 
4 116 151 (3072 -5120 192 ) (3072 -5120 5270.479980 ) (2048 -5120 5270.479980 ) (2048 -5120 192 ) 
4 116 139 (2048 -5120 192 ) (2048 -5120 5270.479980 ) (2048 -4096 5270.479980 ) (2048 -4096 192 ) 
4 116 122 (2048 -4741.259766 192 ) (2048 -4096 192 ) (2064 -4096 192 ) (2064 -4734.910156 192 ) 
3 116 121 (2771.629883 -4975.580078 192 ) (2784 -4990.553711 192 ) (2784 -5001.939941 192 ) 
3 116 120 (2675.560791 -4859.291016 192 ) (2784 -4938.287598 192 ) (2784 -4990.553711 192 ) 
3 116 119 (2464 -4734.910156 192 ) (2464 -4705.171387 192 ) (2553.637451 -4770.471191 192 ) 
4 116 118 (2464 -4705.171387 192 ) (2464 -4096 192 ) (2784 -4096 192 ) (2784 -4938.287598 192 ) 
4 116 117 (2784 -5000 192 ) (2784 -4096 192 ) (3072 -4096 192 ) (3072 -5000 192 ) 
4 117 123 (3072 -4096 184 ) (3072 -5000 184 ) (2784 -5000 184 ) (2784 -4096 184 ) 
4 117 121 (2784 -4990.553711 184 ) (2784 -5000 184 ) (2784 -5000 192 ) (2784 -4990.553711 192 ) 
4 117 120 (2784 -4938.287598 184 ) (2784 -4990.553711 184 ) (2784 -4990.553711 192 ) (2784 -4938.287598 192 ) 
4 117 118 (2784 -4096 184 ) (2784 -4938.287598 184 ) (2784 -4938.287598 192 ) (2784 -4096 192 ) 
4 118 123 (2464 -4705.171387 184 ) (2464 -4096 184 ) (2784 -4096 184 ) (2784 -4938.287598 184 ) 
4 118 120 (2675.563477 -4859.294434 184 ) (2784 -4938.289063 184 ) (2784 -4938.289063 192 ) (2675.563477 -4859.294434 192 ) 
4 118 119 (2464 -4705.172363 192 ) (2464 -4705.172363 184 ) (2553.633789 -4770.469727 184 ) (2553.633789 -4770.469727 192 ) 
3 119 123 (2464 -4734.910156 184 ) (2464 -4705.171387 184 ) (2553.637451 -4770.471191 184 ) 
3 120 123 (2675.560791 -4859.291016 184 ) (2784 -4938.287598 184 ) (2784 -4990.553711 184 ) 
4 120 121 (2771.624756 -4975.568848 184 ) (2784 -4990.548828 184 ) (2784 -4990.548828 192 ) (2771.624756 -4975.568848 192 ) 
3 121 123 (2771.629883 -4975.580078 184 ) (2784 -4990.553711 184 ) (2784 -5001.939941 184 ) 
4 122 144 (2048 -4741.259766 192 ) (2048 -4716.822266 192 ) (2048 -4716.822266 184 ) (2048 -4741.259766 184 ) 
4 122 143 (2048 -4716.822266 192 ) (2048 -4622.557617 192 ) (2048 -4622.557617 184 ) (2048 -4716.822266 184 ) 
4 122 142 (2048 -4622.557617 192 ) (2048 -4354.069824 192 ) (2048 -4354.069824 184 ) (2048 -4622.557617 184 ) 
4 122 141 (2048 -4354.069824 192 ) (2048 -4096 192 ) (2048 -4096 184 ) (2048 -4354.069824 184 ) 
4 122 123 (2048 -4741.259766 184 ) (2048 -4096 184 ) (2064 -4096 184 ) (2064 -4734.910156 184 ) 
4 123 159 (3072 -5120 -282.483002 ) (3072 -5120 184 ) (2048 -5120 184 ) (2048 -5120 -282.483002 ) 
4 123 145 (2048 -5120 -282.483002 ) (2048 -5120 184 ) (2048 -4096 184 ) (2048 -4096 -282.483002 ) 
4 124 146 (1024 -4096 496 ) (1024 -4096 5270.479980 ) (1024 -3072 5270.479980 ) (1024 -3072 496 ) 
4 124 139 (2048 -4096 496 ) (2048 -4096 5270.479980 ) (1024 -4096 5270.479980 ) (1024 -4096 496 ) 
4 124 125 (1736 -3120 496 ) (1736 -3072 496 ) (2048 -3072 496 ) (2048 -3120 496 ) 
4 124 126 (2048 -4096 496 ) (1736 -4096 496 ) (1736 -3136 496 ) (2048 -3136 496 ) 
4 124 127 (1736 -4096 496 ) (1024 -4096 496 ) (1024 -3072 496 ) (1736 -3072 496 ) 
4 125 127 (1736 -3072 376 ) (1736 -3120 376 ) (1736 -3120 496 ) (1736 -3072 496 ) 
4 126 139 (2048 -4096 376 ) (2048 -4096 496 ) (1736 -4096 496 ) (1736 -4096 376 ) 
4 126 131 (2048 -3280 376 ) (2048 -4096 376 ) (1736 -4096 376 ) (1736 -3280 376 ) 
3 126 128 (1736.911499 -3272 376 ) (1736 -3272 376 ) (1736 -3270.060059 376 ) 
4 126 127 (1736 -3136 376 ) (1736 -4096 376 ) (1736 -4096 496 ) (1736 -3136 496 ) 
4 127 146 (1024 -4096 376 ) (1024 -4096 496 ) (1024 -3072 496 ) (1024 -3072 376 ) 
4 127 139 (1736 -4096 496 ) (1024 -4096 496 ) (1024 -4096 376 ) (1736 -4096 376 ) 
4 127 132 (1024 -4096 376 ) (1024 -3272 376 ) (1736 -3272 376 ) (1736 -4096 376 ) 
4 127 130 (1024 -3272 376 ) (1024 -3072 376 ) (1736 -3072 376 ) (1736 -3272 376 ) 
3 128 129 (1736.911499 -3272 368 ) (1736 -3272 368 ) (1736 -3270.060059 368 ) 
4 128 130 (1736 -3272 368 ) (1736 -3272 376 ) (1736 -3270.060059 376 ) (1736 -3270.060059 368 ) 
3 129 136 (1736.910400 -3272 192 ) (1736 -3272 192 ) (1736 -3270.060059 192 ) 
4 129 130 (1736 -3072 192 ) (1736 -3272 192 ) (1736 -3272 368 ) (1736 -3072 368 ) 
4 130 146 (1024 -3272 376 ) (1024 -3072 376 ) (1024 -3072 192 ) (1024 -3272 192 ) 
4 130 138 (1024 -3272 192 ) (1024 -3072 192 ) (1736 -3072 192 ) (1736 -3272 192 ) 
4 130 132 (1024 -3272 192 ) (1736 -3272 192 ) (1736 -3272 376 ) (1024 -3272 376 ) 
4 131 139 (2048 -4096 192 ) (2048 -4096 376 ) (1736 -4096 376 ) (1736 -4096 192 ) 
4 131 136 (1736 -3281.446289 192 ) (1736 -3280 192 ) (1740.664551 -3280 192 ) (1748.369629 -3296.419434 192 ) 
3 131 135 (1736 -3333.712646 192 ) (1736 -3281.446289 192 ) (1844.439819 -3412.709717 192 ) 
3 131 134 (1736 -3410.139648 192 ) (1736 -3333.712646 192 ) (1966.362915 -3501.529297 192 ) 
4 131 133 (2048 -4096 192 ) (1736 -4096 192 ) (1736 -3410.139648 192 ) (2048 -3533.916504 192 ) 
4 131 132 (1736 -3280 192 ) (1736 -4096 192 ) (1736 -4096 376 ) (1736 -3280 376 ) 
4 132 146 (1024 -4096 192 ) (1024 -4096 376 ) (1024 -3272 376 ) (1024 -3272 192 ) 
4 132 139 (1736 -4096 376 ) (1024 -4096 376 ) (1024 -4096 192 ) (1736 -4096 192 ) 
4 132 138 (1736 -4096 192 ) (1024 -4096 192 ) (1024 -3272 192 ) (1736 -3272 192 ) 
4 133 141 (2048 -4096 184 ) (2048 -4096 192 ) (1885.873047 -4096 192 ) (1885.873047 -4096 184 ) 
4 133 140 (1885.873047 -4096 192 ) (1736 -4096 192 ) (1736 -4096 184 ) (1885.873047 -4096 184 ) 
4 133 134 (1966.360596 -3501.527832 184 ) (1736 -3410.138672 184 ) (1736 -3410.138672 192 ) (1966.359985 -3501.527344 192 ) 
4 133 137 (1736 -4096 184 ) (1736 -3410.139648 184 ) (2048 -3533.916504 184 ) (2048 -4096 184 ) 
4 133 138 (1736 -4096 184 ) (1736 -4096 192 ) (1736 -3410.139648 192 ) (1736 -3410.139648 184 ) 
4 134 135 (1844.447021 -3412.718506 184 ) (1736 -3333.716064 184 ) (1736 -3333.716064 192 ) (1844.447021 -3412.718506 192 ) 
4 134 138 (1736 -3410.139648 192 ) (1736 -3333.712646 192 ) (1736 -3333.712646 184 ) (1736 -3410.139648 184 ) 
3 134 137 (1736 -3410.139648 184 ) (1736 -3333.712646 184 ) (1966.362915 -3501.529297 184 ) 
4 135 136 (1748.367188 -3296.414063 184 ) (1736 -3281.443848 184 ) (1736 -3281.443848 192 ) (1748.367188 -3296.414063 192 ) 
3 135 137 (1736 -3333.712646 184 ) (1736 -3281.446289 184 ) (1844.439819 -3412.709717 184 ) 
4 135 138 (1736 -3333.712646 192 ) (1736 -3281.446289 192 ) (1736 -3281.446289 184 ) (1736 -3333.712646 184 ) 
4 136 138 (1736 -3281.446289 192 ) (1736 -3270.060303 192 ) (1736 -3270.060303 184 ) (1736 -3281.446289 184 ) 
3 136 137 (1736 -3281.446289 184 ) (1736 -3270.060303 184 ) (1748.369629 -3296.419434 184 ) 
4 137 145 (2048 -4096 -282.483002 ) (2048 -4096 184 ) (1736 -4096 184 ) (1736 -4096 -282.483002 ) 
4 137 138 (1736 -3072 -282.483002 ) (1736 -4096 -282.483002 ) (1736 -4096 184 ) (1736 -3072 184 ) 
4 138 146 (1024 -4096 -282.483002 ) (1024 -4096 192 ) (1024 -3072 192 ) (1024 -3072 -282.483002 ) 
4 138 145 (1024 -4096 184 ) (1024 -4096 -282.483002 ) (1736 -4096 -282.483002 ) (1736 -4096 184 ) 
4 138 140 (1736 -4096 192 ) (1024 -4096 192 ) (1024 -4096 184 ) (1736 -4096 184 ) 
4 139 162 (2048 -5120 192 ) (2048 -5120 5270.479980 ) (1024 -5120 5270.479980 ) (1024 -5120 192 ) 
4 139 147 (1024 -5120 192 ) (1024 -5120 5270.479980 ) (1024 -4096 5270.479980 ) (1024 -4096 192 ) 
3 139 144 (2048 -4716.822266 192 ) (2048 -4741.259766 192 ) (1974.330444 -4770.494141 192 ) 
3 139 143 (2048 -4622.557617 192 ) (2048 -4716.822266 192 ) (1852.399170 -4859.327148 192 ) 
3 139 142 (2048 -4354.069824 192 ) (2048 -4622.557617 192 ) (1756.383301 -4975.551758 192 ) 
4 139 141 (1885.873047 -4096 192 ) (2048 -4096 192 ) (2048 -4354.069824 192 ) (1692.249756 -5112.230957 192 ) 
4 139 140 (1024 -5120 192 ) (1024 -4096 192 ) (1885.873047 -4096 192 ) (1690.769531 -5120 192 ) 
4 140 163 (1690.769531 -5120 192 ) (1024 -5120 192 ) (1024 -5120 184 ) (1690.769531 -5120 184 ) 
4 140 147 (1024 -5120 184 ) (1024 -5120 192 ) (1024 -4096 192 ) (1024 -4096 184 ) 
4 140 145 (1690.769531 -5120 184 ) (1024 -5120 184 ) (1024 -4096 184 ) (1885.873047 -4096 184 ) 
4 140 141 (1692.251587 -5112.227051 184 ) (1885.874023 -4096 184 ) (1885.873169 -4096 192 ) (1692.251465 -5112.227051 192 ) 
4 141 145 (1692.249756 -5112.230957 184 ) (1885.873047 -4096 184 ) (2048 -4096 184 ) (2048 -4354.069824 184 ) 
4 141 142 (1756.383545 -4975.551270 184 ) (2048 -4354.070313 184 ) (2048 -4354.073242 192 ) (1756.384155 -4975.550781 192 ) 
3 142 145 (1756.383301 -4975.551758 184 ) (2048 -4354.069824 184 ) (2048 -4622.557617 184 ) 
4 142 143 (1852.395996 -4859.329590 184 ) (2048 -4622.556152 184 ) (2048 -4622.558594 192 ) (1852.398071 -4859.327637 192 ) 
3 143 145 (1852.399170 -4859.327148 184 ) (2048 -4622.557617 184 ) (2048 -4716.822266 184 ) 
4 143 144 (1974.333740 -4770.492676 184 ) (2048 -4716.823242 184 ) (2048 -4716.820313 192 ) (1974.327759 -4770.495117 192 ) 
3 144 145 (1974.330444 -4770.494141 184 ) (2048 -4716.822266 184 ) (2048 -4741.259766 184 ) 
4 145 170 (2048 -5120 -282.483002 ) (2048 -5120 184 ) (1024 -5120 184 ) (1024 -5120 -282.483002 ) 
4 145 147 (1024 -5120 -282.483002 ) (1024 -5120 184 ) (1024 -4096 184 ) (1024 -4096 -282.483002 ) 
4 146 147 (1024 -4096 -282.483002 ) (1024 -4096 5270.479980 ) (96 -4096 5270.479980 ) (96 -4096 -282.483002 ) 
4 147 171 (1024 -5120 -282.483002 ) (1024 -5120 5270.479980 ) (96 -5120 5270.479980 ) (96 -5120 -282.483002 ) 
4 148 151 (3072 -5120 5270.479980 ) (3072 -5120 192 ) (3072 -5600 192 ) (3072 -5600 5270.479980 ) 
4 148 149 (4096 -5600 192 ) (4096 -5600 5270.479980 ) (3072 -5600 5270.479980 ) (3072 -5600 192 ) 
4 149 160 (4096 -6144 184 ) (4096 -6144 5270.479980 ) (3072 -6144 5270.479980 ) (3072 -6144 184 ) 
4 149 152 (3072 -5600 184 ) (3072 -6144 184 ) (3072 -6144 192 ) (3072 -5600 192 ) 
4 149 151 (3072 -6144 192 ) (3072 -6144 5270.479980 ) (3072 -5600 5270.479980 ) (3072 -5600 192 ) 
4 149 150 (4096 -6144 184 ) (3072 -6144 184 ) (3072 -5600 184 ) (4096 -5600 184 ) 
4 150 160 (4096 -6144 -282.483002 ) (4096 -6144 184 ) (3072 -6144 184 ) (3072 -6144 -282.483002 ) 
4 150 159 (3072 -5120 184 ) (3072 -5120 -282.483002 ) (3072 -6144 -282.483002 ) (3072 -6144 184 ) 
4 151 162 (2048 -5120 5270.479980 ) (2048 -5120 192 ) (2048 -6144 192 ) (2048 -6144 5270.479980 ) 
4 151 161 (3072 -6144 192 ) (3072 -6144 5270.479980 ) (2048 -6144 5270.479980 ) (2048 -6144 192 ) 
3 151 157 (2485.301025 -5858.449707 192 ) (2417.145508 -5896 192 ) (2339.347656 -5896 192 ) 
3 151 156 (2048 -5896 192 ) (2048 -5859.812988 192 ) (2188.620117 -5896 192 ) 
3 151 155 (2784 -5592.680664 192 ) (2784 -5628.866211 192 ) (2727.219238 -5682.311523 192 ) 
3 151 154 (2784 -5628.866211 192 ) (2784 -5693.881836 192 ) (2617.424805 -5785.656250 192 ) 
3 151 153 (2784 -5693.881836 192 ) (2784 -5896 192 ) (2417.145508 -5896 192 ) 
4 151 158 (2784 -6144 192 ) (2048 -6144 192 ) (2048 -5896 192 ) (2784 -5896 192 ) 
4 151 152 (3072 -6144 192 ) (2784 -6144 192 ) (2784 -5600 192 ) (3072 -5600 192 ) 
4 152 161 (3072 -6144 184 ) (3072 -6144 192 ) (2784 -6144 192 ) (2784 -6144 184 ) 
4 152 159 (3072 -5600 184 ) (3072 -6144 184 ) (2784 -6144 184 ) (2784 -5600 184 ) 
4 152 155 (2784 -5600 184 ) (2784 -5628.865723 184 ) (2784 -5628.865723 192 ) (2784 -5600 192 ) 
4 152 154 (2784 -5628.865723 184 ) (2784 -5693.881348 184 ) (2784 -5693.881836 192 ) (2784 -5628.865723 192 ) 
4 152 153 (2784 -5693.881348 184 ) (2784 -5896 184 ) (2784 -5896 192 ) (2784 -5693.881836 192 ) 
4 152 158 (2784 -5896 184 ) (2784 -6144 184 ) (2784 -6144 192 ) (2784 -5896 192 ) 
3 153 159 (2784 -5693.881836 184 ) (2784 -5896 184 ) (2417.145508 -5896 184 ) 
4 153 157 (2485.298828 -5858.450684 184 ) (2417.144531 -5896 184 ) (2417.144531 -5896 192 ) (2485.298828 -5858.450684 192 ) 
4 153 154 (2784 -5693.881836 192 ) (2784 -5693.881836 184 ) (2617.425293 -5785.655762 184 ) (2617.425293 -5785.655762 192 ) 
4 153 158 (2417.145508 -5896 184 ) (2784 -5896 184 ) (2784 -5896 192 ) (2417.145508 -5896 192 ) 
3 154 159 (2784 -5628.866211 184 ) (2784 -5693.881836 184 ) (2617.424805 -5785.656250 184 ) 
4 154 155 (2784 -5628.870605 192 ) (2784 -5628.870605 184 ) (2727.212158 -5682.322266 184 ) (2727.212158 -5682.322266 192 ) 
3 155 159 (2784 -5592.680664 184 ) (2784 -5628.866211 184 ) (2727.219238 -5682.311523 184 ) 
4 156 167 (2048 -5859.812500 184 ) (2048 -5861.370117 184 ) (2048 -5861.370117 192 ) (2048 -5859.812988 192 ) 
4 156 166 (2048 -5861.370117 184 ) (2048 -5896 184 ) (2048 -5896 192 ) (2048 -5861.370117 192 ) 
3 156 159 (2188.620117 -5896 184 ) (2048 -5896 184 ) (2048 -5859.812988 184 ) 
4 156 158 (2048 -5896 184 ) (2188.620117 -5896 184 ) (2188.620117 -5896 192 ) (2048 -5896 192 ) 
3 157 159 (2485.301025 -5858.449707 184 ) (2417.145508 -5896 184 ) (2339.347656 -5896 184 ) 
4 157 158 (2339.347656 -5896 184 ) (2417.145508 -5896 184 ) (2417.145508 -5896 192 ) (2339.347656 -5896 192 ) 
4 158 166 (2048 -5896 184 ) (2048 -6144 184 ) (2048 -6144 192 ) (2048 -5896 192 ) 
4 158 161 (2784 -6144 192 ) (2048 -6144 192 ) (2048 -6144 184 ) (2784 -6144 184 ) 
4 158 159 (2784 -5896 184 ) (2784 -6144 184 ) (2048 -6144 184 ) (2048 -5896 184 ) 
4 159 170 (2048 -5120 184 ) (2048 -5120 -282.483002 ) (2048 -6144 -282.483002 ) (2048 -6144 184 ) 
4 159 161 (3072 -6144 -282.483002 ) (3072 -6144 184 ) (2048 -6144 184 ) (2048 -6144 -282.483002 ) 
4 160 161 (3072 -6208 5270.479980 ) (3072 -6144 5270.479980 ) (3072 -6144 -282.483002 ) (3072 -6208 -282.483002 ) 
4 161 172 (2048 -6208 5270.479980 ) (2048 -6144 5270.479980 ) (2048 -6144 -282.483002 ) (2048 -6208 -282.483002 ) 
4 162 172 (2048 -6144 192 ) (2048 -6144 5270.479980 ) (1024 -6144 5270.479980 ) (1024 -6144 192 ) 
4 162 171 (1024 -5120 5270.479980 ) (1024 -5120 192 ) (1024 -6144 192 ) (1024 -6144 5270.479980 ) 
3 162 169 (1744.073364 -5628.939453 192 ) (1720.023682 -5554.818848 192 ) (1800.828857 -5682.355957 192 ) 
3 162 168 (1769.747803 -5708.067383 192 ) (1744.073364 -5628.939453 192 ) (1910.598877 -5785.668945 192 ) 
3 162 167 (2048 -5859.813477 192 ) (2048 -5861.370117 192 ) (2042.700195 -5858.450195 192 ) 
4 162 166 (2048 -6144 192 ) (1911.193848 -6144 192 ) (1769.747803 -5708.067383 192 ) (2048 -5861.370117 192 ) 
3 162 165 (1911.193848 -6144 192 ) (1719.324585 -6144 192 ) (1673.439819 -5411.249023 192 ) 
3 162 164 (1719.324585 -6144 192 ) (1495.665894 -6144 192 ) (1664 -5260.500000 192 ) 
4 162 163 (1495.665894 -6144 192 ) (1024 -6144 192 ) (1024 -5120 192 ) (1690.769531 -5120 192 ) 
4 163 172 (1495.665894 -6144 192 ) (1024 -6144 192 ) (1024 -6144 184 ) (1495.665894 -6144 184 ) 
4 163 171 (1024 -5120 192 ) (1024 -5120 184 ) (1024 -6144 184 ) (1024 -6144 192 ) 
4 163 170 (1024 -6144 184 ) (1024 -5120 184 ) (1690.769531 -5120 184 ) (1495.665894 -6144 184 ) 
4 163 164 (1495.666382 -6144 184 ) (1664 -5260.501465 184 ) (1664 -5260.507813 192 ) (1495.667725 -6144 192 ) 
4 164 172 (1719.324585 -6144 192 ) (1495.665894 -6144 192 ) (1495.665894 -6144 184 ) (1719.324585 -6144 184 ) 
3 164 170 (1719.324585 -6144 184 ) (1495.665894 -6144 184 ) (1664 -5260.500000 184 ) 
4 164 165 (1719.324707 -6144 184 ) (1673.440063 -5411.250000 184 ) (1673.440063 -5411.250000 192 ) (1719.324707 -6144 192 ) 
4 165 172 (1911.193848 -6144 192 ) (1719.324585 -6144 192 ) (1719.324585 -6144 184 ) (1911.193848 -6144 184 ) 
3 165 170 (1911.193848 -6144 184 ) (1719.324585 -6144 184 ) (1673.439819 -5411.249023 184 ) 
4 165 169 (1744.069092 -5628.935059 184 ) (1720.018066 -5554.810059 184 ) (1720.018555 -5554.811035 192 ) (1744.069580 -5628.935547 192 ) 
4 165 168 (1769.744385 -5708.065918 184 ) (1744.069092 -5628.935059 184 ) (1744.069580 -5628.935547 192 ) (1769.744873 -5708.065918 192 ) 
4 165 166 (1911.190430 -6144 184 ) (1769.744385 -5708.065918 184 ) (1769.744873 -5708.065918 192 ) (1911.191406 -6144 192 ) 
4 166 172 (2048 -6144 184 ) (2048 -6144 192 ) (1911.193848 -6144 192 ) (1911.193848 -6144 184 ) 
4 166 170 (2048 -5861.370117 184 ) (2048 -6144 184 ) (1911.193848 -6144 184 ) (1769.747803 -5708.067383 184 ) 
4 166 168 (1910.600342 -5785.670898 184 ) (1769.750000 -5708.069336 184 ) (1769.750000 -5708.069336 192 ) (1910.600342 -5785.670410 192 ) 
4 166 167 (2048 -5861.371094 184 ) (2042.696777 -5858.449219 184 ) (2042.698486 -5858.449707 192 ) (2048 -5861.370605 192 ) 
3 167 170 (2048 -5859.813477 184 ) (2048 -5861.370117 184 ) (2042.700195 -5858.450195 184 ) 
3 168 170 (1910.598877 -5785.668945 184 ) (1769.747803 -5708.067383 184 ) (1744.073364 -5628.939453 184 ) 
4 168 169 (1800.826660 -5682.353027 184 ) (1744.071899 -5628.937012 184 ) (1744.071899 -5628.937012 192 ) (1800.826660 -5682.353027 192 ) 
3 169 170 (1800.828857 -5682.355957 184 ) (1744.073364 -5628.939453 184 ) (1720.023682 -5554.818848 184 ) 
4 170 172 (2048 -6144 -282.483002 ) (2048 -6144 184 ) (1024 -6144 184 ) (1024 -6144 -282.483002 ) 
4 170 171 (1024 -5120 184 ) (1024 -5120 -282.483002 ) (1024 -6144 -282.483002 ) (1024 -6144 184 ) 
4 171 173 (1024 -6144 -282.483002 ) (1024 -6144 5270.479980 ) (96 -6144 5270.479980 ) (96 -6144 -282.483002 ) 
4 172 173 (1024 -6144 5270.479980 ) (1024 -6144 -282.483002 ) (1024 -6208 -282.483002 ) (1024 -6208 5270.479980 ) 
