PRT1
164
288
4 0 11 (4096 -1024 528 ) (4096 -1024 2048 ) (3072 -1024 2048 ) (3072 -1024 528 ) 
4 0 3 (3072 -1024 528 ) (3072 -1024 2048 ) (3072 -784 2048 ) (3072 -784 528 ) 
4 1 12 (4096 -1024 272 ) (4096 -1024 512 ) (3072 -1024 512 ) (3072 -1024 272 ) 
4 1 4 (3072 -1024 272 ) (3072 -1024 512 ) (3072 -784 512 ) (3072 -784 272 ) 
4 2 15 (4096 -1024 16 ) (4096 -1024 256 ) (3072 -1024 256 ) (3072 -1024 16 ) 
4 2 5 (3072 -1024 16 ) (3072 -1024 256 ) (3072 -784 256 ) (3072 -784 16 ) 
4 3 17 (3072 -1024 528 ) (3072 -1024 2048 ) (3024 -1024 2048 ) (3024 -1024 528 ) 
4 3 6 (3024 -784 2048 ) (3024 -784 528 ) (3024 -1024 528 ) (3024 -1024 2048 ) 
4 4 18 (3072 -1024 272 ) (3072 -1024 512 ) (3024 -1024 512 ) (3024 -1024 272 ) 
4 4 7 (3024 -784 512 ) (3024 -784 272 ) (3024 -912 272 ) (3024 -912 512 ) 
4 5 19 (3072 -1024 16 ) (3072 -1024 256 ) (3024 -1024 256 ) (3024 -1024 16 ) 
4 6 78 (2048 -1024 528 ) (2048 -1024 2048 ) (2048 -784 2048 ) (2048 -784 528 ) 
4 6 25 (2048 -1024 2048 ) (2048 -1024 528 ) (3024 -1024 528 ) (3024 -1024 2048 ) 
4 7 8 (3008 -784 272 ) (3008 -912 272 ) (3008 -912 512 ) (3008 -784 512 ) 
4 8 79 (2048 -1024 272 ) (2048 -1024 512 ) (2048 -784 512 ) (2048 -784 272 ) 
4 8 28 (2048 -1024 512 ) (2048 -1024 272 ) (2272 -1024 272 ) (2272 -1024 512 ) 
4 8 27 (2272 -1024 272 ) (3008 -1024 272 ) (3008 -1024 512 ) (2272 -1024 512 ) 
4 8 10 (3008 -912 272 ) (3008 -1024 272 ) (2048 -1024 272 ) (2048 -912 272 ) 
4 9 84 (2048 -848 16 ) (2048 -912 16 ) (2048 -912 256 ) (2048 -848 256 ) 
4 9 82 (2048 -784 256 ) (2048 -784 16 ) (2048 -848 16 ) (2048 -848 256 ) 
4 9 10 (2048 -912 16 ) (3008 -912 16 ) (3008 -912 256 ) (2048 -912 256 ) 
4 10 84 (2048 -1024 16 ) (2048 -1024 256 ) (2048 -912 256 ) (2048 -912 16 ) 
4 10 80 (2048 -1024 256 ) (2048 -1024 272 ) (2048 -912 272 ) (2048 -912 256 ) 
4 10 28 (2048 -1024 272 ) (2048 -1024 16 ) (2272 -1024 16 ) (2272 -1024 272 ) 
4 10 27 (2272 -1024 16 ) (3008 -1024 16 ) (3008 -1024 272 ) (2272 -1024 272 ) 
4 11 39 (4096 -2048 528 ) (4096 -2048 2048 ) (3072 -2048 2048 ) (3072 -2048 528 ) 
4 11 17 (3072 -1024 2048 ) (3072 -1024 528 ) (3072 -2048 528 ) (3072 -2048 2048 ) 
4 12 22 (3072 -1552 272 ) (3072 -1808 272 ) (3072 -1808 512 ) (3072 -1552 512 ) 
4 12 20 (3072 -1040 272 ) (3072 -1552 272 ) (3072 -1552 512 ) (3072 -1040 512 ) 
4 12 18 (3072 -1024 512 ) (3072 -1024 272 ) (3072 -1040 272 ) (3072 -1040 512 ) 
4 12 14 (3280 -1040 272 ) (3848 -1040 272 ) (3848 -1552 272 ) (3280 -1552 272 ) 
4 13 40 (4096 -2048 272 ) (4096 -2048 512 ) (3072 -2048 512 ) (3072 -2048 272 ) 
4 13 24 (3072 -1824 272 ) (3072 -2048 272 ) (3072 -2048 512 ) (3072 -1824 512 ) 
4 13 16 (4096 -2048 272 ) (3072 -2048 272 ) (3072 -1824 272 ) (4096 -1824 272 ) 
4 14 15 (3280 -1040 256 ) (3848 -1040 256 ) (3848 -1552 256 ) (3280 -1552 256 ) 
4 15 23 (3072 -1552 16 ) (3072 -1808 16 ) (3072 -1808 256 ) (3072 -1552 256 ) 
4 15 21 (3072 -1040 16 ) (3072 -1552 16 ) (3072 -1552 256 ) (3072 -1040 256 ) 
4 15 19 (3072 -1024 256 ) (3072 -1024 16 ) (3072 -1040 16 ) (3072 -1040 256 ) 
4 16 40 (4096 -2048 16 ) (4096 -2048 272 ) (3072 -2048 272 ) (3072 -2048 16 ) 
4 16 24 (3072 -1824 16 ) (3072 -2048 16 ) (3072 -2048 272 ) (3072 -1824 272 ) 
4 17 49 (3072 -2048 528 ) (3072 -2048 2048 ) (3024 -2048 2048 ) (3024 -2048 528 ) 
4 17 34 (3024 -2048 528 ) (3024 -2048 2048 ) (3024 -1808 2048 ) (3024 -1808 528 ) 
4 17 25 (3024 -1808 2048 ) (3024 -1024 2048 ) (3024 -1024 528 ) (3024 -1808 528 ) 
4 18 20 (3072 -1040 272 ) (3072 -1040 512 ) (3024 -1040 512 ) (3024 -1040 272 ) 
4 19 21 (3024 -1040 16 ) (3072 -1040 16 ) (3072 -1040 256 ) (3024 -1040 256 ) 
4 20 22 (3072 -1552 272 ) (3072 -1552 512 ) (3024 -1552 512 ) (3024 -1552 272 ) 
4 21 26 (3024 -1040 256 ) (3024 -1040 16 ) (3024 -1360 16 ) (3024 -1360 256 ) 
4 21 23 (3024 -1552 16 ) (3072 -1552 16 ) (3072 -1552 256 ) (3024 -1552 256 ) 
4 24 52 (3072 -2048 16 ) (3072 -2048 512 ) (3024 -2048 512 ) (3024 -2048 16 ) 
4 25 100 (2048 -1808 528 ) (2048 -1808 2048 ) (2048 -1296 2048 ) (2048 -1296 528 ) 
4 25 91 (2048 -1296 2048 ) (2048 -1024 2048 ) (2048 -1024 528 ) (2048 -1296 528 ) 
4 25 34 (3024 -1808 528 ) (3024 -1808 2048 ) (2256 -1808 2048 ) (2256 -1808 528 ) 
4 25 35 (2256 -1808 2048 ) (2048 -1808 2048 ) (2048 -1808 528 ) (2256 -1808 528 ) 
4 26 31 (3008 -1296 16 ) (3008 -1360 16 ) (3008 -1360 272 ) (3008 -1296 272 ) 
4 26 27 (3008 -1040 16 ) (3008 -1296 16 ) (3008 -1296 272 ) (3008 -1040 272 ) 
4 27 31 (2272 -1296 16 ) (3008 -1296 16 ) (3008 -1296 512 ) (2272 -1296 512 ) 
4 27 29 (2272 -1296 272 ) (2272 -1296 512 ) (2272 -1168 512 ) (2272 -1168 272 ) 
4 27 30 (2272 -1168 16 ) (2272 -1296 16 ) (2272 -1296 256 ) (2272 -1168 256 ) 
4 27 28 (2272 -1024 16 ) (2272 -1168 16 ) (2272 -1168 512 ) (2272 -1024 512 ) 
4 28 94 (2048 -1024 256 ) (2048 -1024 16 ) (2048 -1168 16 ) (2048 -1168 256 ) 
4 28 93 (2048 -1024 272 ) (2048 -1024 256 ) (2048 -1168 256 ) (2048 -1168 272 ) 
4 28 92 (2048 -1168 512 ) (2048 -1024 512 ) (2048 -1024 272 ) (2048 -1168 272 ) 
4 28 29 (2272 -1168 272 ) (2272 -1168 512 ) (2048 -1168 512 ) (2048 -1168 272 ) 
4 28 30 (2048 -1168 16 ) (2272 -1168 16 ) (2272 -1168 256 ) (2048 -1168 256 ) 
4 29 92 (2048 -1296 512 ) (2048 -1168 512 ) (2048 -1168 272 ) (2048 -1296 272 ) 
4 29 32 (2256 -1296 512 ) (2048 -1296 512 ) (2048 -1296 272 ) (2256 -1296 272 ) 
4 30 96 (2048 -1232 16 ) (2048 -1296 16 ) (2048 -1296 256 ) (2048 -1232 256 ) 
4 30 94 (2048 -1168 256 ) (2048 -1168 16 ) (2048 -1232 16 ) (2048 -1232 256 ) 
4 30 33 (2048 -1296 16 ) (2256 -1296 16 ) (2256 -1296 256 ) (2048 -1296 256 ) 
4 31 36 (3008 -1808 512 ) (2272 -1808 512 ) (2272 -1808 16 ) (3008 -1808 16 ) 
4 32 101 (2048 -1808 272 ) (2048 -1808 512 ) (2048 -1296 512 ) (2048 -1296 272 ) 
4 32 37 (2256 -1808 512 ) (2048 -1808 512 ) (2048 -1808 272 ) (2256 -1808 272 ) 
4 33 102 (2048 -1808 16 ) (2048 -1808 256 ) (2048 -1296 256 ) (2048 -1296 16 ) 
4 33 37 (2048 -1808 256 ) (2048 -1808 16 ) (2256 -1808 16 ) (2256 -1808 256 ) 
4 34 49 (3024 -2048 528 ) (3024 -2048 2048 ) (2256 -2048 2048 ) (2256 -2048 528 ) 
4 34 35 (2256 -2048 528 ) (2256 -2048 2048 ) (2256 -1808 2048 ) (2256 -1808 528 ) 
4 35 112 (2048 -2048 512 ) (2048 -2048 528 ) (2048 -1808 528 ) (2048 -1808 512 ) 
4 35 111 (2048 -2048 528 ) (2048 -2048 2048 ) (2048 -1808 2048 ) (2048 -1808 528 ) 
4 35 51 (2048 -2048 528 ) (2048 -2048 512 ) (2256 -2048 512 ) (2256 -2048 528 ) 
4 35 49 (2256 -2048 2048 ) (2048 -2048 2048 ) (2048 -2048 528 ) (2256 -2048 528 ) 
4 35 37 (2048 -2048 512 ) (2048 -1808 512 ) (2256 -1808 512 ) (2256 -2048 512 ) 
4 36 60 (2560 -2048 512 ) (2272 -2048 512 ) (2272 -2048 16 ) (2560 -2048 16 ) 
4 36 57 (2688 -2048 512 ) (2560 -2048 512 ) (2560 -2048 16 ) (2688 -2048 16 ) 
4 36 55 (3008 -2048 512 ) (2688 -2048 512 ) (2688 -2048 16 ) (3008 -2048 16 ) 
4 37 112 (2048 -2048 16 ) (2048 -2048 512 ) (2048 -1808 512 ) (2048 -1808 16 ) 
4 37 62 (2256 -2048 512 ) (2048 -2048 512 ) (2048 -2048 16 ) (2256 -2048 16 ) 
4 37 38 (2048 -1808 16 ) (2256 -1808 16 ) (2256 -2048 16 ) (2048 -2048 16 ) 
4 38 114 (2048 -2048 0 ) (2048 -2048 16 ) (2048 -1808 16 ) (2048 -1808 0 ) 
4 38 64 (2272 -2048 16 ) (2048 -2048 16 ) (2048 -2048 0 ) (2272 -2048 0 ) 
4 39 49 (3072 -2512 528 ) (3072 -2512 2048 ) (3072 -2048 2048 ) (3072 -2048 528 ) 
4 39 42 (3688 -2512 2048 ) (3072 -2512 2048 ) (3072 -2512 528 ) (3688 -2512 528 ) 
4 39 41 (4096 -2512 528 ) (4096 -2512 2048 ) (3688 -2512 2048 ) (3688 -2512 528 ) 
4 40 52 (3072 -2512 16 ) (3072 -2512 512 ) (3072 -2048 512 ) (3072 -2048 16 ) 
4 40 43 (3688 -2512 280 ) (3688 -2512 448 ) (3432 -2512 448 ) (3432 -2512 280 ) 
4 41 44 (4096 -2528 528 ) (4096 -2528 2048 ) (3688 -2528 2048 ) (3688 -2528 528 ) 
4 41 42 (3688 -2512 2048 ) (3688 -2512 528 ) (3688 -2528 528 ) (3688 -2528 2048 ) 
4 42 49 (3072 -2528 528 ) (3072 -2528 2048 ) (3072 -2512 2048 ) (3072 -2512 528 ) 
4 42 44 (3072 -2528 2048 ) (3072 -2528 528 ) (3688 -2528 528 ) (3688 -2528 2048 ) 
4 43 45 (3688 -2528 280 ) (3688 -2528 448 ) (3432 -2528 448 ) (3432 -2528 280 ) 
4 44 53 (3072 -3008 464 ) (3072 -3008 512 ) (3072 -2528 512 ) (3072 -2528 464 ) 
4 44 50 (3072 -3008 512 ) (3072 -3008 528 ) (3072 -2528 528 ) (3072 -2528 512 ) 
4 44 49 (3072 -3008 528 ) (3072 -3008 2048 ) (3072 -2528 2048 ) (3072 -2528 528 ) 
4 44 46 (4096 -3008 528 ) (4096 -3008 2048 ) (3072 -3008 2048 ) (3072 -3008 528 ) 
4 45 47 (3688 -3008 448 ) (3432 -3008 448 ) (3432 -3008 280 ) (3688 -3008 280 ) 
4 46 67 (4096 -3072 528 ) (4096 -3072 2048 ) (3072 -3072 2048 ) (3072 -3072 528 ) 
4 46 49 (3072 -3072 528 ) (3072 -3072 2048 ) (3072 -3008 2048 ) (3072 -3008 528 ) 
4 47 48 (3688 -3024 280 ) (3688 -3024 448 ) (3432 -3024 448 ) (3432 -3024 280 ) 
4 48 68 (4096 -3072 16 ) (4096 -3072 512 ) (3072 -3072 512 ) (3072 -3072 16 ) 
4 48 54 (3072 -3072 16 ) (3072 -3072 512 ) (3072 -3024 512 ) (3072 -3024 16 ) 
4 49 131 (2048 -3072 528 ) (2048 -3072 2048 ) (2048 -3056 2048 ) (2048 -3056 528 ) 
4 49 127 (2048 -3056 2048 ) (2048 -2048 2048 ) (2048 -2048 528 ) (2048 -3056 528 ) 
4 49 69 (2048 -3072 2048 ) (2048 -3072 528 ) (3072 -3072 528 ) (3072 -3072 2048 ) 
4 49 51 (2048 -2048 528 ) (2256 -2048 528 ) (2256 -3056 528 ) (2048 -3056 528 ) 
4 49 50 (3072 -2528 528 ) (3072 -3008 528 ) (3024 -3008 528 ) (3024 -2528 528 ) 
4 50 53 (3024 -3008 512 ) (3024 -2528 512 ) (3072 -2528 512 ) (3072 -3008 512 ) 
4 51 128 (2048 -3056 528 ) (2048 -2048 528 ) (2048 -2048 512 ) (2048 -3056 512 ) 
4 51 62 (2048 -3056 512 ) (2048 -2048 512 ) (2256 -2048 512 ) (2256 -3056 512 ) 
4 54 70 (3024 -3072 16 ) (3072 -3072 16 ) (3072 -3072 512 ) (3024 -3072 512 ) 
4 55 57 (2688 -2048 16 ) (2688 -2512 16 ) (2688 -2512 512 ) (2688 -2048 512 ) 
4 56 59 (2688 -2528 16 ) (2688 -3056 16 ) (2688 -3056 512 ) (2688 -2528 512 ) 
4 57 60 (2560 -2048 16 ) (2560 -2512 16 ) (2560 -2512 512 ) (2560 -2048 512 ) 
4 57 58 (2560 -2512 128 ) (2560 -2512 16 ) (2688 -2512 16 ) (2688 -2512 128 ) 
4 58 59 (2560 -2528 128 ) (2560 -2528 16 ) (2688 -2528 16 ) (2688 -2528 128 ) 
4 59 63 (2560 -3056 16 ) (2688 -3056 16 ) (2688 -3056 128 ) (2560 -3056 128 ) 
4 59 61 (2560 -2528 16 ) (2560 -3056 16 ) (2560 -3056 512 ) (2560 -2528 512 ) 
4 62 128 (2048 -3056 512 ) (2048 -2048 512 ) (2048 -2048 16 ) (2048 -3056 16 ) 
4 62 65 (2256 -2512 16 ) (2256 -3056 16 ) (2048 -3056 16 ) (2048 -2512 16 ) 
4 62 64 (2048 -2048 16 ) (2256 -2048 16 ) (2256 -2512 16 ) (2048 -2512 16 ) 
4 63 71 (2560 -3072 16 ) (2688 -3072 16 ) (2688 -3072 128 ) (2560 -3072 128 ) 
4 64 130 (2048 -2512 16 ) (2048 -2048 16 ) (2048 -2048 0 ) (2048 -2512 0 ) 
4 64 65 (2048 -2512 0 ) (2272 -2512 0 ) (2272 -2512 16 ) (2048 -2512 16 ) 
4 65 130 (2048 -3056 16 ) (2048 -2512 16 ) (2048 -2512 0 ) (2048 -3056 0 ) 
4 65 66 (2048 -3056 0 ) (2256 -3056 0 ) (2256 -3056 16 ) (2048 -3056 16 ) 
4 66 134 (2048 -3072 0 ) (2048 -3072 16 ) (2048 -3056 16 ) (2048 -3056 0 ) 
4 67 69 (3072 -3072 2048 ) (3072 -3072 528 ) (3072 -4096 528 ) (3072 -4096 2048 ) 
4 68 70 (3072 -3072 512 ) (3072 -3072 16 ) (3072 -4096 16 ) (3072 -4096 512 ) 
4 69 141 (2048 -4096 528 ) (2048 -4096 2048 ) (2048 -3072 2048 ) (2048 -3072 528 ) 
4 69 76 (3008 -4096 528 ) (2272 -4096 528 ) (2272 -3728 528 ) (3008 -3728 528 ) 
4 69 74 (2272 -3456 528 ) (3008 -3456 528 ) (3008 -3712 528 ) (2272 -3712 528 ) 
4 69 71 (2272 -3072 528 ) (3008 -3072 528 ) (3008 -3440 528 ) (2272 -3440 528 ) 
4 70 73 (3024 -3456 16 ) (3024 -3712 16 ) (3024 -3712 208 ) (3024 -3456 208 ) 
4 71 72 (2272 -3168 16 ) (2272 -3360 16 ) (2272 -3360 128 ) (2272 -3168 128 ) 
4 72 77 (2256 -3168 16 ) (2256 -3360 16 ) (2256 -3360 128 ) (2256 -3168 128 ) 
4 73 75 (3008 -3456 208 ) (3008 -3456 16 ) (3008 -3712 16 ) (3008 -3712 208 ) 
4 75 77 (2256 -3456 16 ) (2256 -3712 16 ) (2256 -3712 208 ) (2256 -3456 208 ) 
4 77 142 (2048 -4096 16 ) (2048 -4096 512 ) (2048 -3072 512 ) (2048 -3072 16 ) 
4 78 91 (2048 -1024 528 ) (2048 -1024 2048 ) (1024 -1024 2048 ) (1024 -1024 528 ) 
4 78 87 (1024 -1024 528 ) (1024 -1024 2048 ) (1024 -784 2048 ) (1024 -784 528 ) 
4 79 92 (2048 -1024 272 ) (2048 -1024 512 ) (1024 -1024 512 ) (1024 -1024 272 ) 
4 79 88 (1024 -1024 272 ) (1024 -1024 512 ) (1024 -784 512 ) (1024 -784 272 ) 
4 79 81 (1104 -1024 272 ) (1024 -1024 272 ) (1024 -912 272 ) (1104 -912 272 ) 
4 79 80 (2048 -1024 272 ) (1248 -1024 272 ) (1248 -912 272 ) (2048 -912 272 ) 
4 80 93 (2048 -1024 256 ) (2048 -1024 272 ) (1248 -1024 272 ) (1248 -1024 256 ) 
4 80 84 (2048 -912 256 ) (2048 -1024 256 ) (1248 -1024 256 ) (1248 -912 256 ) 
4 81 98 (1104 -1024 272 ) (1024 -1024 272 ) (1024 -1024 256 ) (1104 -1024 256 ) 
4 81 89 (1024 -1024 256 ) (1024 -1024 272 ) (1024 -912 272 ) (1024 -912 256 ) 
4 81 86 (1024 -1024 256 ) (1024 -912 256 ) (1104 -912 256 ) (1104 -1024 256 ) 
4 82 84 (1248 -848 16 ) (2048 -848 16 ) (2048 -848 256 ) (1248 -848 256 ) 
4 83 90 (1024 -848 256 ) (1024 -784 256 ) (1024 -784 16 ) (1024 -848 16 ) 
4 83 86 (1024 -848 16 ) (1232 -848 16 ) (1232 -848 256 ) (1024 -848 256 ) 
4 84 94 (2048 -1024 16 ) (2048 -1024 256 ) (1248 -1024 256 ) (1248 -1024 16 ) 
4 84 85 (1248 -848 176 ) (1248 -848 16 ) (1248 -1024 16 ) (1248 -1024 176 ) 
4 85 95 (1232 -1024 176 ) (1232 -1024 16 ) (1248 -1024 16 ) (1248 -1024 176 ) 
4 85 86 (1232 -848 176 ) (1232 -848 16 ) (1232 -1024 16 ) (1232 -1024 176 ) 
4 86 97 (1232 -1024 256 ) (1104 -1024 256 ) (1104 -1024 16 ) (1232 -1024 16 ) 
4 86 98 (1104 -1024 256 ) (1024 -1024 256 ) (1024 -1024 16 ) (1104 -1024 16 ) 
4 86 90 (1024 -1024 16 ) (1024 -1024 256 ) (1024 -848 256 ) (1024 -848 16 ) 
4 87 115 (0 -1024 2048 ) (0 -1024 528 ) (1024 -1024 528 ) (1024 -1024 2048 ) 
4 88 117 (144 -1024 512 ) (16 -1024 512 ) (16 -1024 272 ) (144 -1024 272 ) 
4 88 116 (1024 -1024 272 ) (1024 -1024 512 ) (144 -1024 512 ) (144 -1024 272 ) 
4 88 89 (144 -912 272 ) (1024 -912 272 ) (1024 -1024 272 ) (144 -1024 272 ) 
4 89 116 (1024 -1024 256 ) (1024 -1024 272 ) (144 -1024 272 ) (144 -1024 256 ) 
4 89 90 (1024 -1024 256 ) (144 -1024 256 ) (144 -912 256 ) (1024 -912 256 ) 
4 90 118 (144 -1024 256 ) (16 -1024 256 ) (16 -1024 16 ) (144 -1024 16 ) 
4 90 116 (1024 -1024 16 ) (1024 -1024 256 ) (144 -1024 256 ) (144 -1024 16 ) 
4 91 115 (1024 -1024 2048 ) (1024 -1024 528 ) (1024 -1296 528 ) (1024 -1296 2048 ) 
4 91 100 (1024 -1296 2048 ) (1024 -1296 528 ) (2048 -1296 528 ) (2048 -1296 2048 ) 
4 92 119 (1024 -1168 272 ) (1024 -1296 272 ) (1024 -1296 512 ) (1024 -1168 512 ) 
4 92 116 (1024 -1024 512 ) (1024 -1024 272 ) (1024 -1168 272 ) (1024 -1168 512 ) 
4 92 107 (1248 -1296 272 ) (1504 -1296 272 ) (1504 -1296 512 ) (1248 -1296 512 ) 
4 92 105 (1520 -1296 272 ) (1752 -1296 272 ) (1752 -1296 512 ) (1520 -1296 512 ) 
4 92 103 (1768 -1296 272 ) (2008 -1296 272 ) (2008 -1296 512 ) (1768 -1296 512 ) 
4 92 101 (2024 -1296 272 ) (2048 -1296 272 ) (2048 -1296 512 ) (2024 -1296 512 ) 
4 92 98 (1024 -1168 272 ) (1024 -1024 272 ) (1104 -1024 272 ) (1104 -1168 272 ) 
4 92 93 (1248 -1168 272 ) (1248 -1024 272 ) (2048 -1024 272 ) (2048 -1168 272 ) 
4 93 94 (1248 -1168 256 ) (1248 -1024 256 ) (2048 -1024 256 ) (2048 -1168 256 ) 
4 94 96 (2048 -1232 256 ) (1248 -1232 256 ) (1248 -1232 16 ) (2048 -1232 16 ) 
4 94 95 (1248 -1024 16 ) (1248 -1232 16 ) (1248 -1232 176 ) (1248 -1024 176 ) 
4 95 99 (1232 -1168 16 ) (1232 -1232 16 ) (1232 -1232 176 ) (1232 -1168 176 ) 
4 95 97 (1232 -1024 16 ) (1232 -1168 16 ) (1232 -1168 176 ) (1232 -1024 176 ) 
4 96 108 (1248 -1296 16 ) (1504 -1296 16 ) (1504 -1296 256 ) (1248 -1296 256 ) 
4 96 106 (1520 -1296 16 ) (1752 -1296 16 ) (1752 -1296 256 ) (1520 -1296 256 ) 
4 96 104 (1768 -1296 16 ) (2008 -1296 16 ) (2008 -1296 256 ) (1768 -1296 256 ) 
4 96 102 (2024 -1296 16 ) (2048 -1296 16 ) (2048 -1296 256 ) (2024 -1296 256 ) 
4 97 99 (1104 -1168 16 ) (1232 -1168 16 ) (1232 -1168 256 ) (1104 -1168 256 ) 
4 97 98 (1104 -1024 16 ) (1104 -1168 16 ) (1104 -1168 256 ) (1104 -1024 256 ) 
4 98 116 (1024 -1024 272 ) (1024 -1024 16 ) (1024 -1168 16 ) (1024 -1168 272 ) 
4 98 99 (1024 -1168 16 ) (1104 -1168 16 ) (1104 -1168 256 ) (1024 -1168 256 ) 
4 99 120 (1024 -1168 16 ) (1024 -1296 16 ) (1024 -1296 256 ) (1024 -1168 256 ) 
4 99 109 (1024 -1296 128 ) (1024 -1296 16 ) (1064 -1296 16 ) (1064 -1296 128 ) 
4 100 115 (1024 -1808 528 ) (1024 -1808 2048 ) (1024 -1296 2048 ) (1024 -1296 528 ) 
4 100 111 (2048 -1808 528 ) (2048 -1808 2048 ) (1024 -1808 2048 ) (1024 -1808 528 ) 
4 101 112 (2048 -1808 272 ) (2048 -1808 512 ) (2024 -1808 512 ) (2024 -1808 272 ) 
4 102 112 (2024 -1808 16 ) (2048 -1808 16 ) (2048 -1808 256 ) (2024 -1808 256 ) 
4 103 112 (2008 -1808 272 ) (2008 -1808 512 ) (1768 -1808 512 ) (1768 -1808 272 ) 
4 104 112 (1768 -1808 16 ) (2008 -1808 16 ) (2008 -1808 256 ) (1768 -1808 256 ) 
4 105 112 (1752 -1808 272 ) (1752 -1808 512 ) (1520 -1808 512 ) (1520 -1808 272 ) 
4 106 112 (1520 -1808 16 ) (1752 -1808 16 ) (1752 -1808 256 ) (1520 -1808 256 ) 
4 107 112 (1504 -1808 272 ) (1504 -1808 512 ) (1248 -1808 512 ) (1248 -1808 272 ) 
4 108 112 (1248 -1808 16 ) (1504 -1808 16 ) (1504 -1808 256 ) (1248 -1808 256 ) 
4 109 121 (1024 -1296 16 ) (1024 -1312 16 ) (1024 -1312 128 ) (1024 -1296 128 ) 
4 109 110 (1024 -1312 16 ) (1064 -1312 16 ) (1064 -1312 128 ) (1024 -1312 128 ) 
4 110 123 (1024 -1312 16 ) (1024 -1808 16 ) (1024 -1808 256 ) (1024 -1312 256 ) 
4 111 127 (2048 -2048 528 ) (2048 -2048 2048 ) (1024 -2048 2048 ) (1024 -2048 528 ) 
4 111 124 (1024 -2048 528 ) (1024 -2048 2048 ) (1024 -1808 2048 ) (1024 -1808 528 ) 
4 111 112 (2048 -2048 528 ) (1248 -2048 528 ) (1248 -1808 528 ) (2048 -1808 528 ) 
4 112 128 (2048 -2048 16 ) (2048 -2048 528 ) (1248 -2048 528 ) (1248 -2048 16 ) 
4 112 114 (2048 -1808 16 ) (2048 -2048 16 ) (1248 -2048 16 ) (1248 -1808 16 ) 
4 113 129 (1024 -2048 512 ) (1024 -2048 16 ) (1232 -2048 16 ) (1232 -2048 512 ) 
4 113 126 (1024 -1824 16 ) (1024 -2048 16 ) (1024 -2048 512 ) (1024 -1824 512 ) 
4 114 130 (2048 -2048 0 ) (2048 -2048 16 ) (1248 -2048 16 ) (1248 -2048 0 ) 
4 115 124 (1024 -1808 528 ) (1024 -1808 2048 ) (0 -1808 2048 ) (0 -1808 528 ) 
4 116 119 (1024 -1168 272 ) (1024 -1168 512 ) (144 -1168 512 ) (144 -1168 272 ) 
4 116 120 (144 -1168 16 ) (1024 -1168 16 ) (1024 -1168 256 ) (144 -1168 256 ) 
4 116 117 (144 -1168 272 ) (144 -1168 512 ) (144 -1024 512 ) (144 -1024 272 ) 
4 116 118 (144 -1024 16 ) (144 -1168 16 ) (144 -1168 256 ) (144 -1024 256 ) 
4 117 119 (16 -1168 512 ) (16 -1168 272 ) (144 -1168 272 ) (144 -1168 512 ) 
4 118 120 (16 -1168 256 ) (16 -1168 16 ) (144 -1168 16 ) (144 -1168 256 ) 
4 120 122 (256 -1296 16 ) (384 -1296 16 ) (384 -1296 128 ) (256 -1296 128 ) 
4 120 121 (936 -1296 16 ) (1024 -1296 16 ) (1024 -1296 128 ) (936 -1296 128 ) 
4 121 123 (936 -1312 16 ) (1024 -1312 16 ) (1024 -1312 128 ) (936 -1312 128 ) 
4 122 123 (256 -1312 16 ) (384 -1312 16 ) (384 -1312 128 ) (256 -1312 128 ) 
4 123 125 (640 -1808 16 ) (768 -1808 16 ) (768 -1808 128 ) (640 -1808 128 ) 
4 124 135 (1024 -2048 528 ) (1024 -2048 2048 ) (0 -2048 2048 ) (0 -2048 528 ) 
4 125 126 (640 -1824 16 ) (768 -1824 16 ) (768 -1824 128 ) (640 -1824 128 ) 
4 126 136 (1024 -2048 16 ) (1024 -2048 512 ) (0 -2048 512 ) (0 -2048 16 ) 
4 127 135 (1024 -3056 528 ) (1024 -3056 2048 ) (1024 -2048 2048 ) (1024 -2048 528 ) 
4 127 131 (2048 -3056 528 ) (2048 -3056 2048 ) (1024 -3056 2048 ) (1024 -3056 528 ) 
4 127 128 (2048 -3056 528 ) (1248 -3056 528 ) (1248 -2048 528 ) (2048 -2048 528 ) 
4 128 132 (1248 -3056 272 ) (1248 -3056 16 ) (1536 -3056 16 ) (1536 -3056 272 ) 
4 128 130 (2048 -3056 16 ) (1248 -3056 16 ) (1248 -2048 16 ) (2048 -2048 16 ) 
4 129 136 (1024 -3056 16 ) (1024 -3056 512 ) (1024 -2048 512 ) (1024 -2048 16 ) 
4 129 133 (1024 -3056 128 ) (1024 -3056 16 ) (1064 -3056 16 ) (1064 -3056 128 ) 
4 130 134 (2048 -3056 0 ) (2048 -3056 16 ) (1536 -3056 16 ) (1536 -3056 0 ) 
4 131 145 (1232 -3072 2048 ) (1024 -3072 2048 ) (1024 -3072 528 ) (1232 -3072 528 ) 
4 131 141 (2048 -3072 528 ) (2048 -3072 2048 ) (1232 -3072 2048 ) (1232 -3072 528 ) 
4 131 137 (1024 -3072 528 ) (1024 -3072 2048 ) (1024 -3056 2048 ) (1024 -3056 528 ) 
4 132 142 (1248 -3072 272 ) (1248 -3072 16 ) (1536 -3072 16 ) (1536 -3072 272 ) 
4 133 146 (1024 -3072 128 ) (1024 -3072 16 ) (1064 -3072 16 ) (1064 -3072 128 ) 
4 133 138 (1024 -3072 16 ) (1024 -3072 128 ) (1024 -3056 128 ) (1024 -3056 16 ) 
4 135 137 (1024 -3056 528 ) (1024 -3056 2048 ) (0 -3056 2048 ) (0 -3056 528 ) 
4 136 140 (256 -3056 128 ) (256 -3056 16 ) (384 -3056 16 ) (384 -3056 128 ) 
4 136 139 (384 -3056 496 ) (384 -3056 304 ) (936 -3056 304 ) (936 -3056 496 ) 
4 136 138 (1024 -3056 16 ) (1024 -3056 128 ) (936 -3056 128 ) (936 -3056 16 ) 
4 137 152 (1024 -3072 528 ) (1024 -3072 2048 ) (0 -3072 2048 ) (0 -3072 528 ) 
4 138 153 (1024 -3072 16 ) (1024 -3072 128 ) (936 -3072 128 ) (936 -3072 16 ) 
4 139 152 (384 -3072 496 ) (384 -3072 304 ) (936 -3072 304 ) (936 -3072 496 ) 
4 140 153 (256 -3072 128 ) (256 -3072 16 ) (384 -3072 16 ) (384 -3072 128 ) 
4 141 148 (1232 -4096 528 ) (1232 -4096 2048 ) (1232 -3584 2048 ) (1232 -3584 528 ) 
4 141 147 (1232 -3584 2048 ) (1232 -3568 2048 ) (1232 -3568 528 ) (1232 -3584 528 ) 
4 141 145 (1232 -3568 2048 ) (1232 -3072 2048 ) (1232 -3072 528 ) (1232 -3568 528 ) 
4 142 143 (1248 -4032 272 ) (1248 -4032 512 ) (1248 -3664 512 ) (1248 -3664 272 ) 
4 142 144 (1248 -3664 16 ) (1248 -4032 16 ) (1248 -4032 176 ) (1248 -3664 176 ) 
4 143 149 (1232 -4032 512 ) (1232 -3664 512 ) (1232 -3664 272 ) (1232 -4032 272 ) 
4 144 151 (1232 -3664 176 ) (1232 -3664 16 ) (1232 -4032 16 ) (1232 -4032 176 ) 
4 145 152 (1024 -3072 2048 ) (1024 -3072 272 ) (1024 -3568 272 ) (1024 -3568 2048 ) 
4 145 147 (1024 -3568 2048 ) (1024 -3568 528 ) (1232 -3568 528 ) (1232 -3568 2048 ) 
4 146 153 (1024 -3072 256 ) (1024 -3072 16 ) (1024 -3568 16 ) (1024 -3568 256 ) 
4 147 154 (1024 -3584 528 ) (1024 -3584 2048 ) (1024 -3568 2048 ) (1024 -3568 528 ) 
4 147 148 (1232 -3584 528 ) (1232 -3584 2048 ) (1024 -3584 2048 ) (1024 -3584 528 ) 
4 148 156 (1024 -4096 528 ) (1024 -4096 2048 ) (1024 -3584 2048 ) (1024 -3584 528 ) 
4 149 157 (1024 -4096 272 ) (1024 -4096 512 ) (1024 -3584 512 ) (1024 -3584 272 ) 
4 149 150 (1024 -3968 272 ) (1024 -3712 272 ) (1104 -3712 272 ) (1104 -3968 272 ) 
4 150 158 (1024 -3968 272 ) (1024 -3712 272 ) (1024 -3712 256 ) (1024 -3968 256 ) 
4 150 151 (1104 -3968 256 ) (1024 -3968 256 ) (1024 -3712 256 ) (1104 -3712 256 ) 
4 151 159 (1024 -3584 16 ) (1024 -4096 16 ) (1024 -4096 256 ) (1024 -3584 256 ) 
4 152 154 (0 -3568 2048 ) (0 -3568 528 ) (1024 -3568 528 ) (1024 -3568 2048 ) 
4 153 155 (640 -3568 16 ) (768 -3568 16 ) (768 -3568 128 ) (640 -3568 128 ) 
4 154 160 (16 -3584 2048 ) (0 -3584 2048 ) (0 -3584 528 ) (16 -3584 528 ) 
4 154 156 (1024 -3584 528 ) (1024 -3584 2048 ) (16 -3584 2048 ) (16 -3584 528 ) 
4 155 159 (640 -3584 128 ) (640 -3584 16 ) (768 -3584 16 ) (768 -3584 128 ) 
4 156 160 (16 -3584 2048 ) (16 -3584 528 ) (16 -4096 528 ) (16 -4096 2048 ) 
4 157 161 (768 -4096 384 ) (768 -4096 272 ) (896 -4096 272 ) (896 -4096 384 ) 
4 157 158 (144 -3712 272 ) (1024 -3712 272 ) (1024 -3968 272 ) (144 -3968 272 ) 
4 158 159 (144 -3712 256 ) (1024 -3712 256 ) (1024 -3968 256 ) (144 -3968 256 ) 
4 159 162 (768 -4096 128 ) (768 -4096 16 ) (896 -4096 16 ) (896 -4096 128 ) 
4 161 163 (768 -4112 384 ) (768 -4112 272 ) (896 -4112 272 ) (896 -4112 384 ) 
4 162 163 (768 -4112 128 ) (768 -4112 16 ) (896 -4112 16 ) (896 -4112 128 ) 
