PRT1
119
329
4 0 49 (4096 3072 -994 ) (4096 3072 -1179 ) (4135 3072 -1179 ) (4135 3072 -994 ) 
4 0 48 (4135 3072 -1179 ) (4244 3072 -1179 ) (4244 3072 -994 ) (4135 3072 -994 ) 
4 0 43 (4096 3072 -866 ) (4096 3072 -994 ) (4135 3072 -994 ) (4135 3072 -866 ) 
4 0 41 (4135 3072 -994 ) (4143 3072 -994 ) (4143 3072 -866 ) (4135 3072 -866 ) 
4 0 40 (4143 3072 -994 ) (4244 3072 -994 ) (4244 3072 -866 ) (4143 3072 -866 ) 
4 0 39 (4244 3072 35 ) (4096 3072 35 ) (4096 3072 -866 ) (4244 3072 -866 ) 
4 0 13 (4096 3072 -1179 ) (4096 3072 -994 ) (4096 3875 -994 ) (4096 3875 -1179 ) 
4 0 8 (4096 3072 -994 ) (4096 3072 -866 ) (4096 3272 -866 ) (4096 3272 -994 ) 
4 0 4 (4096 3272 -866 ) (4096 3458 -866 ) (4096 3458 -994 ) (4096 3272 -994 ) 
4 0 2 (4096 3458 -866 ) (4096 3875 -866 ) (4096 3875 -994 ) (4096 3458 -994 ) 
4 0 1 (4096 3072 -866 ) (4096 3072 35 ) (4096 3875 35 ) (4096 3875 -866 ) 
4 1 53 (4096 3072 -866 ) (4096 3072 35 ) (3072 3072 35 ) (3072 3072 -866 ) 
4 1 16 (3072 3072 -866 ) (3072 3072 35 ) (3072 3875 35 ) (3072 3875 -866 ) 
4 1 11 (3355 3072 -866 ) (3193 3072 -866 ) (3193 3272 -866 ) (3355 3272 -866 ) 
4 1 12 (3185 3072 -866 ) (3072 3072 -866 ) (3072 3272 -866 ) (3185 3272 -866 ) 
4 1 10 (3829 3072 -866 ) (3363 3072 -866 ) (3363 3272 -866 ) (3829 3272 -866 ) 
4 1 9 (4019 3072 -866 ) (3837 3072 -866 ) (3837 3272 -866 ) (4019 3272 -866 ) 
4 1 8 (4096 3072 -866 ) (4027 3072 -866 ) (4027 3272 -866 ) (4096 3272 -866 ) 
4 1 7 (3193 3280 -866 ) (3355 3280 -866 ) (3355 3272 -866 ) (3193 3272 -866 ) 
4 1 6 (3837 3280 -866 ) (4019 3280 -866 ) (4019 3272 -866 ) (3837 3272 -866 ) 
4 1 5 (3072 3280 -866 ) (3072 3458 -866 ) (4019 3458 -866 ) (4019 3280 -866 ) 
4 1 4 (4027 3458 -866 ) (4096 3458 -866 ) (4096 3272 -866 ) (4027 3272 -866 ) 
4 1 3 (3072 3466 -866 ) (3072 3875 -866 ) (4019 3875 -866 ) (4019 3466 -866 ) 
4 1 2 (4019 3875 -866 ) (4096 3875 -866 ) (4096 3458 -866 ) (4019 3458 -866 ) 
4 2 13 (4019 3875 -994 ) (4096 3875 -994 ) (4096 3458 -994 ) (4019 3458 -994 ) 
4 2 4 (4027 3458 -994 ) (4096 3458 -994 ) (4096 3458 -866 ) (4027 3458 -866 ) 
4 2 3 (4019 3875 -866 ) (4019 3875 -994 ) (4019 3466 -994 ) (4019 3466 -866 ) 
4 3 17 (3072 3466 -866 ) (3072 3875 -866 ) (3072 3875 -994 ) (3072 3466 -994 ) 
4 3 14 (3072 3466 -994 ) (3072 3875 -994 ) (4019 3875 -994 ) (4019 3466 -994 ) 
4 4 13 (4027 3458 -994 ) (4096 3458 -994 ) (4096 3272 -994 ) (4027 3272 -994 ) 
4 4 8 (4027 3272 -994 ) (4096 3272 -994 ) (4096 3272 -866 ) (4027 3272 -866 ) 
4 5 19 (3072 3280 -866 ) (3072 3458 -866 ) (3072 3458 -994 ) (3072 3280 -994 ) 
4 5 7 (3193 3280 -994 ) (3355 3280 -994 ) (3355 3280 -866 ) (3193 3280 -866 ) 
4 5 6 (3837 3280 -994 ) (4019 3280 -994 ) (4019 3280 -866 ) (3837 3280 -866 ) 
4 6 9 (3837 3272 -994 ) (4019 3272 -994 ) (4019 3272 -866 ) (3837 3272 -866 ) 
4 7 11 (3193 3272 -994 ) (3355 3272 -994 ) (3355 3272 -866 ) (3193 3272 -866 ) 
4 8 54 (4096 3072 -994 ) (4096 3072 -866 ) (4027 3072 -866 ) (4027 3072 -994 ) 
4 8 13 (4027 3272 -994 ) (4096 3272 -994 ) (4096 3072 -994 ) (4027 3072 -994 ) 
4 9 60 (4019 3072 -866 ) (3837 3072 -866 ) (3837 3072 -994 ) (4019 3072 -994 ) 
4 10 63 (3829 3072 -866 ) (3363 3072 -866 ) (3363 3072 -994 ) (3829 3072 -994 ) 
4 11 64 (3355 3072 -866 ) (3193 3072 -866 ) (3193 3072 -994 ) (3355 3072 -994 ) 
4 12 65 (3185 3072 -866 ) (3072 3072 -866 ) (3072 3072 -994 ) (3185 3072 -994 ) 
4 12 20 (3072 3072 -994 ) (3072 3072 -866 ) (3072 3272 -866 ) (3072 3272 -994 ) 
4 13 80 (4096 3072 -1179 ) (4096 3072 -1002 ) (4019 3072 -1002 ) (4019 3072 -1179 ) 
4 13 77 (4096 3072 -1002 ) (4096 3072 -994 ) (4019 3072 -994 ) (4019 3072 -1002 ) 
4 13 15 (4019 3458 -1179 ) (4019 3072 -1179 ) (4019 3072 -1002 ) (4019 3458 -1002 ) 
4 13 14 (4019 3875 -994 ) (4019 3875 -1179 ) (4019 3458 -1179 ) (4019 3458 -994 ) 
4 14 33 (3072 3458 -994 ) (3072 3875 -994 ) (3072 3875 -1179 ) (3072 3458 -1179 ) 
4 14 15 (3072 3458 -1179 ) (4019 3458 -1179 ) (4019 3458 -1002 ) (3072 3458 -1002 ) 
4 15 80 (3072 3072 -1002 ) (3072 3072 -1179 ) (4019 3072 -1179 ) (4019 3072 -1002 ) 
4 15 37 (3072 3072 -1179 ) (3072 3072 -1002 ) (3072 3458 -1002 ) (3072 3458 -1179 ) 
4 16 81 (3072 3072 -866 ) (3072 3072 35 ) (2711 3072 35 ) (2711 3072 -866 ) 
4 16 29 (2711 3158 35 ) (2711 3166 35 ) (2711 3166 -866 ) (2711 3158 -866 ) 
4 16 30 (2711 3072 -866 ) (2711 3072 35 ) (2711 3158 35 ) (2711 3158 -866 ) 
4 16 24 (2711 3166 35 ) (2711 3768 35 ) (2711 3768 -866 ) (2711 3166 -866 ) 
4 16 22 (2711 3768 35 ) (2711 3776 35 ) (2711 3776 -866 ) (2711 3768 -866 ) 
4 16 21 (2711 3776 35 ) (2711 3875 35 ) (2711 3875 -866 ) (2711 3776 -866 ) 
4 16 20 (2719 3272 -866 ) (3072 3272 -866 ) (3072 3072 -866 ) (2719 3072 -866 ) 
4 16 19 (2711 3280 -866 ) (2711 3458 -866 ) (3072 3458 -866 ) (3072 3280 -866 ) 
4 16 18 (2711 3768 -866 ) (2711 3875 -866 ) (2719 3875 -866 ) (2719 3768 -866 ) 
4 16 17 (2719 3875 -866 ) (3072 3875 -866 ) (3072 3466 -866 ) (2719 3466 -866 ) 
4 17 33 (3072 3875 -994 ) (3072 3466 -994 ) (2719 3466 -994 ) (2719 3875 -994 ) 
4 17 18 (2719 3875 -866 ) (2719 3875 -994 ) (2719 3768 -994 ) (2719 3768 -866 ) 
4 18 33 (2711 3768 -994 ) (2711 3875 -994 ) (2719 3875 -994 ) (2719 3768 -994 ) 
4 18 21 (2711 3875 -994 ) (2711 3776 -994 ) (2711 3776 -866 ) (2711 3875 -866 ) 
4 19 24 (2711 3458 -994 ) (2711 3280 -994 ) (2711 3280 -866 ) (2711 3458 -866 ) 
4 20 82 (3072 3072 -994 ) (3072 3072 -866 ) (2719 3072 -866 ) (2719 3072 -994 ) 
4 21 34 (2711 3875 -994 ) (2711 3776 -994 ) (2535 3776 -994 ) (2535 3875 -994 ) 
4 21 36 (2535 3776 -994 ) (2403 3776 -994 ) (2403 3875 -994 ) (2535 3875 -994 ) 
4 21 22 (2711 3776 -866 ) (2711 3776 35 ) (2519 3776 35 ) (2519 3776 -866 ) 
4 21 23 (2403 3776 35 ) (2403 3776 -994 ) (2519 3776 -994 ) (2519 3776 35 ) 
4 22 32 (2527 3768 35 ) (2519 3768 35 ) (2519 3768 -866 ) (2527 3768 -866 ) 
4 22 31 (2535 3768 35 ) (2527 3768 35 ) (2527 3768 -866 ) (2535 3768 -866 ) 
4 22 25 (2619 3768 35 ) (2595 3768 35 ) (2595 3768 -866 ) (2619 3768 -866 ) 
4 22 24 (2711 3768 -866 ) (2711 3768 35 ) (2619 3768 35 ) (2619 3768 -866 ) 
4 22 28 (2595 3768 35 ) (2535 3768 35 ) (2535 3768 -866 ) (2595 3768 -866 ) 
4 22 23 (2519 3776 35 ) (2519 3776 -866 ) (2519 3768 -866 ) (2519 3768 35 ) 
4 23 36 (2519 3768 -994 ) (2403 3768 -994 ) (2403 3776 -994 ) (2519 3776 -994 ) 
4 23 32 (2403 3768 -994 ) (2519 3768 -994 ) (2519 3768 35 ) (2403 3768 35 ) 
4 24 29 (2711 3166 -914 ) (2711 3166 35 ) (2619 3166 35 ) (2619 3166 -914 ) 
4 24 26 (2619 3768 -866 ) (2619 3768 -994 ) (2619 3758 -994 ) (2619 3758 -866 ) 
4 24 25 (2619 3768 35 ) (2619 3768 -866 ) (2619 3758 -866 ) (2619 3758 35 ) 
4 24 27 (2619 3758 -994 ) (2619 3166 -994 ) (2619 3166 35 ) (2619 3758 35 ) 
4 25 27 (2595 3758 35 ) (2595 3758 -866 ) (2619 3758 -866 ) (2619 3758 35 ) 
4 25 28 (2595 3768 35 ) (2595 3768 -866 ) (2595 3758 -866 ) (2595 3758 35 ) 
4 25 26 (2619 3758 -866 ) (2595 3758 -866 ) (2595 3768 -866 ) (2619 3768 -866 ) 
4 26 27 (2595 3758 -866 ) (2595 3758 -994 ) (2619 3758 -994 ) (2619 3758 -866 ) 
4 26 28 (2595 3768 -866 ) (2595 3768 -994 ) (2595 3758 -994 ) (2595 3758 -866 ) 
4 27 29 (2619 3166 -914 ) (2619 3166 35 ) (2595 3166 35 ) (2595 3166 -914 ) 
4 27 28 (2595 3758 -994 ) (2595 3166 -994 ) (2595 3166 35 ) (2595 3758 35 ) 
4 28 31 (2535 3768 35 ) (2535 3768 -866 ) (2535 3166 -866 ) (2535 3166 35 ) 
4 28 29 (2535 3166 35 ) (2535 3166 -914 ) (2595 3166 -914 ) (2595 3166 35 ) 
4 29 31 (2535 3158 -866 ) (2535 3158 35 ) (2535 3166 35 ) (2535 3166 -866 ) 
4 29 30 (2535 3158 35 ) (2535 3158 -914 ) (2711 3158 -914 ) (2711 3158 35 ) 
4 30 88 (2535 3072 -994 ) (2711 3072 -994 ) (2711 3072 -866 ) (2535 3072 -866 ) 
4 30 81 (2711 3072 -866 ) (2711 3072 35 ) (2535 3072 35 ) (2535 3072 -866 ) 
4 30 31 (2535 3072 -866 ) (2535 3072 35 ) (2535 3158 35 ) (2535 3158 -866 ) 
4 31 81 (2535 3072 -866 ) (2535 3072 35 ) (2527 3072 35 ) (2527 3072 -866 ) 
4 31 32 (2527 3768 35 ) (2527 3768 -866 ) (2527 3072 -866 ) (2527 3072 35 ) 
4 32 89 (2403 3072 -994 ) (2527 3072 -994 ) (2527 3072 -866 ) (2403 3072 -866 ) 
4 32 81 (2527 3072 -866 ) (2527 3072 35 ) (2403 3072 35 ) (2403 3072 -866 ) 
4 32 38 (2511 3072 -994 ) (2403 3072 -994 ) (2403 3458 -994 ) (2511 3458 -994 ) 
4 32 36 (2403 3458 -994 ) (2403 3768 -994 ) (2527 3768 -994 ) (2527 3458 -994 ) 
4 33 37 (2711 3458 -1179 ) (3072 3458 -1179 ) (3072 3458 -1002 ) (2711 3458 -1002 ) 
4 33 35 (2711 3768 -1179 ) (2711 3458 -1179 ) (2711 3458 -1002 ) (2711 3768 -1002 ) 
4 33 34 (2711 3875 -994 ) (2711 3875 -1179 ) (2711 3768 -1179 ) (2711 3768 -994 ) 
4 34 35 (2535 3768 -1002 ) (2535 3768 -1179 ) (2711 3768 -1179 ) (2711 3768 -1002 ) 
4 34 36 (2535 3875 -994 ) (2535 3875 -1179 ) (2535 3768 -1179 ) (2535 3768 -994 ) 
4 35 37 (2535 3458 -1179 ) (2711 3458 -1179 ) (2711 3458 -1002 ) (2535 3458 -1002 ) 
4 35 36 (2535 3768 -1179 ) (2535 3458 -1179 ) (2535 3458 -1002 ) (2535 3768 -1002 ) 
4 36 37 (2511 3458 -1179 ) (2535 3458 -1179 ) (2535 3458 -1002 ) (2511 3458 -1002 ) 
4 36 38 (2403 3458 -994 ) (2403 3458 -1179 ) (2511 3458 -1179 ) (2511 3458 -994 ) 
4 37 92 (3072 3072 -1179 ) (3072 3072 -1002 ) (2511 3072 -1002 ) (2511 3072 -1179 ) 
4 37 38 (2511 3458 -1002 ) (2511 3458 -1179 ) (2511 3072 -1179 ) (2511 3072 -1002 ) 
4 38 94 (2511 3072 -994 ) (2403 3072 -994 ) (2403 3072 -1179 ) (2511 3072 -1179 ) 
4 39 53 (4096 3072 35 ) (4096 3072 -866 ) (4096 2048 -866 ) (4096 2048 35 ) 
4 39 52 (4244 2048 35 ) (4096 2048 35 ) (4096 2048 -866 ) (4244 2048 -866 ) 
4 39 47 (4096 2048 -866 ) (4096 2728 -866 ) (4135 2728 -866 ) (4135 2048 -866 ) 
4 39 46 (4096 2736 -866 ) (4096 2746 -866 ) (4119 2746 -866 ) (4119 2736 -866 ) 
4 39 45 (4096 2746 -866 ) (4096 3056 -866 ) (4119 3056 -866 ) (4119 2746 -866 ) 
4 39 44 (4119 3056 -866 ) (4135 3056 -866 ) (4135 2736 -866 ) (4119 2736 -866 ) 
4 39 43 (4096 3064 -866 ) (4096 3072 -866 ) (4135 3072 -866 ) (4135 3064 -866 ) 
4 39 41 (4135 3072 -866 ) (4143 3072 -866 ) (4143 3056 -866 ) (4135 3056 -866 ) 
4 39 42 (4143 2736 -866 ) (4143 2048 -866 ) (4135 2048 -866 ) (4135 2736 -866 ) 
4 39 40 (4143 3072 -866 ) (4244 3072 -866 ) (4244 2048 -866 ) (4143 2048 -866 ) 
4 40 52 (4244 2048 -866 ) (4143 2048 -866 ) (4143 2048 -994 ) (4244 2048 -994 ) 
4 40 48 (4244 2048 -994 ) (4143 2048 -994 ) (4143 3072 -994 ) (4244 3072 -994 ) 
4 40 41 (4143 3072 -994 ) (4143 3056 -994 ) (4143 3056 -866 ) (4143 3072 -866 ) 
4 40 42 (4143 2736 -994 ) (4143 2048 -994 ) (4143 2048 -866 ) (4143 2736 -866 ) 
4 41 48 (4135 3056 -994 ) (4135 3072 -994 ) (4143 3072 -994 ) (4143 3056 -994 ) 
4 41 43 (4135 3072 -994 ) (4135 3064 -994 ) (4135 3064 -866 ) (4135 3072 -866 ) 
4 42 52 (4143 2048 -866 ) (4135 2048 -866 ) (4135 2048 -994 ) (4143 2048 -994 ) 
4 42 48 (4143 2048 -994 ) (4135 2048 -994 ) (4135 2736 -994 ) (4143 2736 -994 ) 
4 42 47 (4135 2728 -994 ) (4135 2048 -994 ) (4135 2048 -866 ) (4135 2728 -866 ) 
4 43 54 (4096 3072 -866 ) (4096 3072 -994 ) (4096 3064 -994 ) (4096 3064 -866 ) 
4 43 49 (4096 3064 -994 ) (4096 3072 -994 ) (4135 3072 -994 ) (4135 3064 -994 ) 
4 44 46 (4119 2746 -994 ) (4119 2736 -994 ) (4119 2736 -866 ) (4119 2746 -866 ) 
4 44 45 (4119 3056 -866 ) (4119 3056 -994 ) (4119 2746 -994 ) (4119 2746 -866 ) 
4 45 55 (4096 3056 -994 ) (4096 2746 -994 ) (4096 2746 -866 ) (4096 3056 -866 ) 
4 45 46 (4096 2746 -994 ) (4119 2746 -994 ) (4119 2746 -866 ) (4096 2746 -866 ) 
4 46 56 (4096 2746 -994 ) (4096 2736 -994 ) (4096 2736 -866 ) (4096 2746 -866 ) 
4 47 58 (4096 2728 -994 ) (4096 2048 -994 ) (4096 2048 -866 ) (4096 2728 -866 ) 
4 47 52 (4135 2048 -866 ) (4096 2048 -866 ) (4096 2048 -994 ) (4135 2048 -994 ) 
4 47 51 (4135 2048 -994 ) (4096 2048 -994 ) (4096 2728 -994 ) (4135 2728 -994 ) 
4 48 52 (4244 2048 -994 ) (4135 2048 -994 ) (4135 2048 -1179 ) (4244 2048 -1179 ) 
4 48 50 (4135 3056 -1179 ) (4135 2736 -1179 ) (4135 2736 -1002 ) (4135 3056 -1002 ) 
4 48 49 (4135 3072 -1179 ) (4135 3056 -1179 ) (4135 3056 -994 ) (4135 3072 -994 ) 
4 48 51 (4135 2736 -1179 ) (4135 2048 -1179 ) (4135 2048 -994 ) (4135 2736 -994 ) 
4 49 80 (4096 3072 -1002 ) (4096 3072 -1179 ) (4096 3056 -1179 ) (4096 3056 -1002 ) 
4 49 77 (4096 3072 -994 ) (4096 3072 -1002 ) (4096 3056 -1002 ) (4096 3056 -994 ) 
4 49 50 (4096 3056 -1179 ) (4135 3056 -1179 ) (4135 3056 -1002 ) (4096 3056 -1002 ) 
4 50 80 (4096 3056 -1179 ) (4096 2736 -1179 ) (4096 2736 -1002 ) (4096 3056 -1002 ) 
4 50 51 (4096 2736 -1179 ) (4135 2736 -1179 ) (4135 2736 -1002 ) (4096 2736 -1002 ) 
4 51 80 (4096 2736 -1179 ) (4096 2048 -1179 ) (4096 2048 -1002 ) (4096 2736 -1002 ) 
4 51 78 (4096 2048 -1002 ) (4096 2048 -994 ) (4096 2736 -994 ) (4096 2736 -1002 ) 
4 51 52 (4135 2048 -994 ) (4096 2048 -994 ) (4096 2048 -1179 ) (4135 2048 -1179 ) 
4 52 114 (4096 2048 -994 ) (4096 2048 -1179 ) (4096 1589 -1179 ) (4096 1589 -994 ) 
4 52 111 (4096 1704 -994 ) (4096 1589 -994 ) (4096 1589 -866 ) (4096 1704 -866 ) 
4 52 102 (4096 2048 -866 ) (4096 2048 -994 ) (4096 1704 -994 ) (4096 1704 -866 ) 
4 52 98 (4096 1589 35 ) (4096 1816 35 ) (4096 1816 -866 ) (4096 1589 -866 ) 
4 52 96 (4096 1816 35 ) (4096 1844 35 ) (4096 1844 -866 ) (4096 1816 -866 ) 
4 52 95 (4096 1844 35 ) (4096 2048 35 ) (4096 2048 -866 ) (4096 1844 -866 ) 
4 53 95 (4096 2048 -866 ) (4096 2048 35 ) (3072 2048 35 ) (3072 2048 -866 ) 
4 53 81 (3072 3072 35 ) (3072 3072 -866 ) (3072 2048 -866 ) (3072 2048 35 ) 
4 53 75 (3811 2456 -866 ) (3819 2456 -866 ) (3819 2070 -866 ) (3811 2070 -866 ) 
4 53 76 (3072 2048 -866 ) (3072 2456 -866 ) (3811 2456 -866 ) (3811 2048 -866 ) 
4 53 74 (3827 2456 -866 ) (3837 2456 -866 ) (3837 2048 -866 ) (3827 2048 -866 ) 
4 53 73 (3072 2464 -866 ) (3072 2632 -866 ) (3827 2632 -866 ) (3827 2464 -866 ) 
4 53 72 (3827 2632 -866 ) (3837 2632 -866 ) (3837 2456 -866 ) (3827 2456 -866 ) 
4 53 71 (3072 2640 -866 ) (3072 2856 -866 ) (3185 2856 -866 ) (3185 2640 -866 ) 
4 53 70 (3193 2856 -866 ) (3355 2856 -866 ) (3355 2632 -866 ) (3193 2632 -866 ) 
4 53 69 (3363 2856 -866 ) (3829 2856 -866 ) (3829 2640 -866 ) (3363 2640 -866 ) 
4 53 68 (3072 2864 -866 ) (3072 3040 -866 ) (3193 3040 -866 ) (3193 2864 -866 ) 
4 53 66 (3837 3040 -866 ) (3837 2864 -866 ) (3355 2864 -866 ) (3355 3040 -866 ) 
4 53 67 (3193 3048 -866 ) (3355 3048 -866 ) (3355 2856 -866 ) (3193 2856 -866 ) 
4 53 65 (3072 3048 -866 ) (3072 3072 -866 ) (3185 3072 -866 ) (3185 3048 -866 ) 
4 53 64 (3193 3072 -866 ) (3355 3072 -866 ) (3355 3048 -866 ) (3193 3048 -866 ) 
4 53 63 (3363 3072 -866 ) (3829 3072 -866 ) (3829 3048 -866 ) (3363 3048 -866 ) 
4 53 61 (4019 2764 -866 ) (4019 2756 -866 ) (3837 2756 -866 ) (3837 2764 -866 ) 
4 53 60 (3837 3072 -866 ) (4019 3072 -866 ) (4019 2764 -866 ) (3837 2764 -866 ) 
4 53 62 (4019 2756 -866 ) (4019 2048 -866 ) (3837 2048 -866 ) (3837 2756 -866 ) 
4 53 59 (4027 3056 -866 ) (4027 2960 -866 ) (4019 2960 -866 ) (4019 3056 -866 ) 
4 53 58 (4096 2728 -866 ) (4096 2048 -866 ) (4027 2048 -866 ) (4027 2728 -866 ) 
4 53 56 (4096 2746 -866 ) (4096 2736 -866 ) (4079 2736 -866 ) (4079 2746 -866 ) 
4 53 55 (4096 3056 -866 ) (4096 2746 -866 ) (4079 2746 -866 ) (4079 3056 -866 ) 
4 53 57 (4079 2736 -866 ) (4027 2736 -866 ) (4027 3056 -866 ) (4079 3056 -866 ) 
4 53 54 (4027 3072 -866 ) (4096 3072 -866 ) (4096 3064 -866 ) (4027 3064 -866 ) 
4 54 77 (4027 3064 -994 ) (4027 3072 -994 ) (4096 3072 -994 ) (4096 3064 -994 ) 
4 55 57 (4079 3056 -866 ) (4079 3056 -994 ) (4079 2746 -994 ) (4079 2746 -866 ) 
4 55 56 (4079 2746 -866 ) (4079 2746 -994 ) (4096 2746 -994 ) (4096 2746 -866 ) 
4 56 57 (4079 2746 -994 ) (4079 2736 -994 ) (4079 2736 -866 ) (4079 2746 -866 ) 
4 57 59 (4027 3056 -994 ) (4027 2960 -994 ) (4027 2960 -866 ) (4027 3056 -866 ) 
4 58 102 (4096 2048 -994 ) (4096 2048 -866 ) (4027 2048 -866 ) (4027 2048 -994 ) 
4 58 78 (4096 2048 -994 ) (4027 2048 -994 ) (4027 2728 -994 ) (4096 2728 -994 ) 
4 59 60 (4019 3056 -994 ) (4019 2960 -994 ) (4019 2960 -866 ) (4019 3056 -866 ) 
4 60 66 (3837 3040 -994 ) (3837 2864 -994 ) (3837 2864 -866 ) (3837 3040 -866 ) 
4 60 61 (3837 2764 -866 ) (3837 2764 -914 ) (4019 2764 -914 ) (4019 2764 -866 ) 
4 61 62 (3837 2756 -866 ) (3837 2756 -914 ) (4019 2756 -914 ) (4019 2756 -866 ) 
4 62 104 (3935 2048 -866 ) (3911 2048 -866 ) (3911 2048 -994 ) (3935 2048 -994 ) 
4 62 103 (4019 2048 -866 ) (3935 2048 -866 ) (3935 2048 -994 ) (4019 2048 -994 ) 
4 62 106 (3911 2048 -866 ) (3837 2048 -866 ) (3837 2048 -994 ) (3911 2048 -994 ) 
4 62 74 (3837 2456 -994 ) (3837 2048 -994 ) (3837 2048 -866 ) (3837 2456 -866 ) 
4 62 72 (3837 2632 -994 ) (3837 2456 -994 ) (3837 2456 -866 ) (3837 2632 -866 ) 
4 64 67 (3193 3048 -994 ) (3355 3048 -994 ) (3355 3048 -866 ) (3193 3048 -866 ) 
4 65 82 (3072 3072 -866 ) (3072 3072 -994 ) (3072 3048 -994 ) (3072 3048 -866 ) 
4 66 67 (3355 3040 -994 ) (3355 2864 -994 ) (3355 2864 -866 ) (3355 3040 -866 ) 
4 67 70 (3193 2856 -994 ) (3355 2856 -994 ) (3355 2856 -866 ) (3193 2856 -866 ) 
4 67 68 (3193 3040 -994 ) (3193 2864 -994 ) (3193 2864 -866 ) (3193 3040 -866 ) 
4 68 83 (3072 3040 -994 ) (3072 2864 -994 ) (3072 2864 -866 ) (3072 3040 -866 ) 
4 70 73 (3193 2632 -994 ) (3355 2632 -994 ) (3355 2632 -866 ) (3193 2632 -866 ) 
4 71 85 (3072 2656 -994 ) (3072 2640 -994 ) (3072 2640 -866 ) (3072 2656 -866 ) 
4 71 84 (3072 2856 -994 ) (3072 2656 -994 ) (3072 2656 -866 ) (3072 2856 -866 ) 
4 72 74 (3827 2456 -994 ) (3837 2456 -994 ) (3837 2456 -866 ) (3827 2456 -866 ) 
4 72 73 (3827 2632 -866 ) (3827 2632 -994 ) (3827 2464 -994 ) (3827 2464 -866 ) 
4 73 86 (3072 2632 -994 ) (3072 2464 -994 ) (3072 2464 -866 ) (3072 2632 -866 ) 
4 74 106 (3837 2048 -866 ) (3827 2048 -866 ) (3827 2048 -994 ) (3837 2048 -994 ) 
4 75 79 (3811 2070 -994 ) (3811 2456 -994 ) (3819 2456 -994 ) (3819 2070 -994 ) 
4 75 76 (3811 2456 -866 ) (3811 2456 -994 ) (3811 2070 -994 ) (3811 2070 -866 ) 
4 76 110 (3811 2048 -866 ) (3072 2048 -866 ) (3072 2048 -994 ) (3811 2048 -994 ) 
4 76 87 (3072 2456 -994 ) (3072 2048 -994 ) (3072 2048 -866 ) (3072 2456 -866 ) 
4 76 79 (3811 2048 -994 ) (3072 2048 -994 ) (3072 2456 -994 ) (3811 2456 -994 ) 
4 77 80 (4019 3072 -1002 ) (4096 3072 -1002 ) (4096 3056 -1002 ) (4019 3056 -1002 ) 
4 78 114 (4096 2048 -1002 ) (4096 2048 -994 ) (4019 2048 -994 ) (4019 2048 -1002 ) 
4 78 80 (4096 2736 -1002 ) (4096 2048 -1002 ) (4019 2048 -1002 ) (4019 2736 -1002 ) 
4 79 117 (3827 2048 -994 ) (3072 2048 -994 ) (3072 2048 -1002 ) (3827 2048 -1002 ) 
4 79 93 (3072 2464 -1002 ) (3072 2048 -1002 ) (3072 2048 -994 ) (3072 2464 -994 ) 
4 79 80 (3072 2048 -1002 ) (3072 2464 -1002 ) (3827 2464 -1002 ) (3827 2048 -1002 ) 
4 80 115 (4019 2048 -1002 ) (3827 2048 -1002 ) (3827 2048 -1179 ) (4019 2048 -1179 ) 
4 80 114 (4096 2048 -1179 ) (4096 2048 -1002 ) (4019 2048 -1002 ) (4019 2048 -1179 ) 
4 80 117 (3827 2048 -1002 ) (3072 2048 -1002 ) (3072 2048 -1179 ) (3827 2048 -1179 ) 
4 80 92 (3072 3072 -1002 ) (3072 3072 -1179 ) (3072 2464 -1179 ) (3072 2464 -1002 ) 
4 80 93 (3072 2464 -1179 ) (3072 2048 -1179 ) (3072 2048 -1002 ) (3072 2464 -1002 ) 
4 81 118 (3072 2048 -866 ) (3072 2048 35 ) (2403 2048 35 ) (2403 2048 -866 ) 
4 81 90 (2711 2456 -866 ) (2711 2048 -866 ) (2519 2048 -866 ) (2519 2456 -866 ) 
4 81 91 (2519 2048 -866 ) (2403 2048 -866 ) (2403 2464 -866 ) (2519 2464 -866 ) 
4 81 88 (2535 3072 -866 ) (2711 3072 -866 ) (2711 2464 -866 ) (2535 2464 -866 ) 
4 81 89 (2403 3072 -866 ) (2527 3072 -866 ) (2527 2464 -866 ) (2403 2464 -866 ) 
4 81 87 (3072 2456 -866 ) (3072 2048 -866 ) (2711 2048 -866 ) (2711 2456 -866 ) 
4 81 85 (3072 2656 -866 ) (3072 2640 -866 ) (2711 2640 -866 ) (2711 2656 -866 ) 
4 81 86 (3072 2632 -866 ) (3072 2464 -866 ) (2711 2464 -866 ) (2711 2632 -866 ) 
4 81 84 (3072 2856 -866 ) (3072 2656 -866 ) (2719 2656 -866 ) (2719 2856 -866 ) 
4 81 83 (3072 3040 -866 ) (3072 2864 -866 ) (2711 2864 -866 ) (2711 3040 -866 ) 
4 81 82 (2719 3072 -866 ) (3072 3072 -866 ) (3072 3048 -866 ) (2719 3048 -866 ) 
4 83 88 (2711 3040 -994 ) (2711 2864 -994 ) (2711 2864 -866 ) (2711 3040 -866 ) 
4 84 85 (2719 2656 -994 ) (3072 2656 -994 ) (3072 2656 -866 ) (2719 2656 -866 ) 
4 85 88 (2711 2656 -994 ) (2711 2640 -994 ) (2711 2640 -866 ) (2711 2656 -866 ) 
4 86 88 (2711 2632 -994 ) (2711 2464 -994 ) (2711 2464 -866 ) (2711 2632 -866 ) 
4 87 118 (3072 2048 -994 ) (3072 2048 -866 ) (2711 2048 -866 ) (2711 2048 -994 ) 
4 87 93 (3072 2048 -994 ) (2711 2048 -994 ) (2711 2456 -994 ) (3072 2456 -994 ) 
4 87 90 (2711 2456 -994 ) (2711 2048 -994 ) (2711 2048 -866 ) (2711 2456 -866 ) 
4 89 94 (2403 3072 -994 ) (2511 3072 -994 ) (2511 2464 -994 ) (2403 2464 -994 ) 
4 89 91 (2403 2464 -994 ) (2519 2464 -994 ) (2519 2464 -866 ) (2403 2464 -866 ) 
4 90 118 (2711 2048 -866 ) (2519 2048 -866 ) (2519 2048 -994 ) (2711 2048 -994 ) 
4 90 93 (2711 2048 -994 ) (2519 2048 -994 ) (2519 2456 -994 ) (2711 2456 -994 ) 
4 90 91 (2519 2456 -994 ) (2519 2048 -994 ) (2519 2048 -866 ) (2519 2456 -866 ) 
4 91 118 (2519 2048 -866 ) (2403 2048 -866 ) (2403 2048 -994 ) (2519 2048 -994 ) 
4 91 93 (2519 2048 -994 ) (2511 2048 -994 ) (2511 2464 -994 ) (2519 2464 -994 ) 
4 91 94 (2511 2048 -994 ) (2403 2048 -994 ) (2403 2464 -994 ) (2511 2464 -994 ) 
4 92 93 (2511 2464 -1002 ) (2511 2464 -1179 ) (3072 2464 -1179 ) (3072 2464 -1002 ) 
4 92 94 (2511 3072 -1179 ) (2511 2464 -1179 ) (2511 2464 -1002 ) (2511 3072 -1002 ) 
4 93 118 (3072 2048 -1179 ) (3072 2048 -994 ) (2511 2048 -994 ) (2511 2048 -1179 ) 
4 93 94 (2511 2464 -1179 ) (2511 2048 -1179 ) (2511 2048 -994 ) (2511 2464 -994 ) 
4 94 118 (2511 2048 -994 ) (2403 2048 -994 ) (2403 2048 -1179 ) (2511 2048 -1179 ) 
4 95 118 (3072 2048 35 ) (3072 2048 -866 ) (3072 1844 -866 ) (3072 1844 35 ) 
4 95 110 (3072 1844 -866 ) (3072 2048 -866 ) (3811 2048 -866 ) (3811 1844 -866 ) 
4 95 104 (3911 2048 -866 ) (3935 2048 -866 ) (3935 1844 -866 ) (3911 1844 -866 ) 
4 95 103 (3935 2048 -866 ) (4019 2048 -866 ) (4019 1844 -866 ) (3935 1844 -866 ) 
4 95 106 (3827 2048 -866 ) (3911 2048 -866 ) (3911 1844 -866 ) (3827 1844 -866 ) 
4 95 102 (4027 2048 -866 ) (4096 2048 -866 ) (4096 1844 -866 ) (4027 1844 -866 ) 
4 95 99 (3899 1844 -858 ) (3899 1844 35 ) (3819 1844 35 ) (3819 1844 -858 ) 
4 95 100 (3072 1844 -866 ) (3819 1844 -866 ) (3819 1844 35 ) (3072 1844 35 ) 
4 95 97 (3947 1844 -858 ) (3947 1844 35 ) (3899 1844 35 ) (3899 1844 -858 ) 
4 95 96 (3947 1844 -866 ) (4096 1844 -866 ) (4096 1844 35 ) (3947 1844 35 ) 
4 96 103 (3947 1844 -866 ) (4019 1844 -866 ) (4019 1816 -866 ) (3947 1816 -866 ) 
4 96 102 (4027 1844 -866 ) (4096 1844 -866 ) (4096 1816 -866 ) (4027 1816 -866 ) 
4 96 98 (3947 1816 -866 ) (4096 1816 -866 ) (4096 1816 35 ) (3947 1816 35 ) 
4 96 97 (3947 1844 35 ) (3947 1844 -858 ) (3947 1816 -858 ) (3947 1816 35 ) 
4 97 101 (3899 1836 -858 ) (3899 1816 -858 ) (3899 1816 35 ) (3899 1836 35 ) 
4 97 99 (3899 1844 35 ) (3899 1844 -858 ) (3899 1836 -858 ) (3899 1836 35 ) 
4 97 98 (3899 1816 35 ) (3899 1816 -858 ) (3947 1816 -858 ) (3947 1816 35 ) 
4 98 112 (4019 1589 -866 ) (3899 1589 -866 ) (3899 1696 -866 ) (4019 1696 -866 ) 
4 98 111 (4096 1704 -866 ) (4096 1589 -866 ) (4019 1589 -866 ) (4019 1704 -866 ) 
4 98 108 (4011 1704 -866 ) (3899 1704 -866 ) (3899 1760 -866 ) (4011 1760 -866 ) 
4 98 107 (4019 1704 -866 ) (4011 1704 -866 ) (4011 1768 -866 ) (4019 1768 -866 ) 
4 98 105 (3935 1778 -866 ) (3935 1768 -866 ) (3911 1768 -866 ) (3911 1778 -866 ) 
4 98 104 (3911 1816 -866 ) (3935 1816 -866 ) (3935 1778 -866 ) (3911 1778 -866 ) 
4 98 103 (3935 1816 -866 ) (4019 1816 -866 ) (4019 1768 -866 ) (3935 1768 -866 ) 
4 98 106 (3899 1768 -866 ) (3899 1816 -866 ) (3911 1816 -866 ) (3911 1768 -866 ) 
4 98 102 (4096 1816 -866 ) (4096 1704 -866 ) (4027 1704 -866 ) (4027 1816 -866 ) 
4 98 101 (3899 1816 -866 ) (3899 1589 -866 ) (3899 1589 35 ) (3899 1816 35 ) 
4 99 101 (3899 1836 -858 ) (3899 1836 35 ) (3819 1836 35 ) (3819 1836 -858 ) 
4 99 100 (3819 1844 35 ) (3819 1844 -858 ) (3819 1836 -858 ) (3819 1836 35 ) 
4 100 118 (3072 1844 -866 ) (3072 1836 -866 ) (3072 1836 35 ) (3072 1844 35 ) 
4 100 110 (3072 1836 -866 ) (3072 1844 -866 ) (3811 1844 -866 ) (3811 1836 -866 ) 
4 100 101 (3072 1836 -866 ) (3819 1836 -866 ) (3819 1836 35 ) (3072 1836 35 ) 
4 101 118 (3072 1836 -866 ) (3072 1589 -866 ) (3072 1589 35 ) (3072 1836 35 ) 
4 101 112 (3899 1696 -866 ) (3899 1589 -866 ) (3827 1589 -866 ) (3827 1696 -866 ) 
4 101 113 (3072 1589 -866 ) (3072 1704 -866 ) (3827 1704 -866 ) (3827 1589 -866 ) 
4 101 109 (3819 1768 -866 ) (3819 1704 -866 ) (3811 1704 -866 ) (3811 1768 -866 ) 
4 101 110 (3072 1704 -866 ) (3072 1836 -866 ) (3811 1836 -866 ) (3811 1704 -866 ) 
4 101 108 (3899 1760 -866 ) (3899 1704 -866 ) (3827 1704 -866 ) (3827 1760 -866 ) 
4 101 106 (3827 1836 -866 ) (3899 1836 -866 ) (3899 1768 -866 ) (3827 1768 -866 ) 
4 102 114 (4027 2048 -994 ) (4096 2048 -994 ) (4096 1704 -994 ) (4027 1704 -994 ) 
4 102 111 (4027 1704 -994 ) (4096 1704 -994 ) (4096 1704 -866 ) (4027 1704 -866 ) 
4 103 107 (4011 1768 -994 ) (4019 1768 -994 ) (4019 1768 -866 ) (4011 1768 -866 ) 
4 103 105 (3935 1778 -994 ) (3935 1768 -994 ) (3935 1768 -866 ) (3935 1778 -866 ) 
4 103 104 (3935 2048 -994 ) (3935 1778 -994 ) (3935 1778 -866 ) (3935 2048 -866 ) 
4 104 106 (3911 2048 -994 ) (3911 1778 -994 ) (3911 1778 -866 ) (3911 2048 -866 ) 
4 104 105 (3911 1778 -866 ) (3911 1778 -994 ) (3935 1778 -994 ) (3935 1778 -866 ) 
4 105 106 (3911 1778 -994 ) (3911 1768 -994 ) (3911 1768 -866 ) (3911 1778 -866 ) 
4 107 108 (4011 1760 -994 ) (4011 1704 -994 ) (4011 1704 -866 ) (4011 1760 -866 ) 
4 109 117 (3819 1768 -994 ) (3819 1704 -994 ) (3811 1704 -994 ) (3811 1768 -994 ) 
4 109 113 (3811 1704 -994 ) (3819 1704 -994 ) (3819 1704 -866 ) (3811 1704 -866 ) 
4 109 110 (3811 1768 -994 ) (3811 1704 -994 ) (3811 1704 -866 ) (3811 1768 -866 ) 
4 110 118 (3072 2048 -866 ) (3072 2048 -994 ) (3072 1704 -994 ) (3072 1704 -866 ) 
4 110 117 (3072 1704 -994 ) (3072 2048 -994 ) (3811 2048 -994 ) (3811 1704 -994 ) 
4 110 113 (3072 1704 -994 ) (3811 1704 -994 ) (3811 1704 -866 ) (3072 1704 -866 ) 
4 111 114 (4019 1704 -994 ) (4096 1704 -994 ) (4096 1589 -994 ) (4019 1589 -994 ) 
4 111 112 (4019 1696 -994 ) (4019 1589 -994 ) (4019 1589 -866 ) (4019 1696 -866 ) 
4 112 116 (4019 1696 -994 ) (4019 1589 -994 ) (3827 1589 -994 ) (3827 1696 -994 ) 
4 112 113 (3827 1696 -994 ) (3827 1589 -994 ) (3827 1589 -866 ) (3827 1696 -866 ) 
4 113 118 (3072 1704 -994 ) (3072 1589 -994 ) (3072 1589 -866 ) (3072 1704 -866 ) 
4 113 117 (3072 1589 -994 ) (3072 1704 -994 ) (3827 1704 -994 ) (3827 1589 -994 ) 
4 114 115 (4019 2048 -1179 ) (4019 1704 -1179 ) (4019 1704 -1002 ) (4019 2048 -1002 ) 
4 114 116 (4019 1704 -1179 ) (4019 1589 -1179 ) (4019 1589 -994 ) (4019 1704 -994 ) 
4 115 116 (3827 1704 -1002 ) (3827 1704 -1179 ) (4019 1704 -1179 ) (4019 1704 -1002 ) 
4 115 117 (3827 2048 -1179 ) (3827 1704 -1179 ) (3827 1704 -1002 ) (3827 2048 -1002 ) 
4 116 117 (3827 1704 -1179 ) (3827 1589 -1179 ) (3827 1589 -994 ) (3827 1704 -994 ) 
4 117 118 (3072 2048 -994 ) (3072 2048 -1179 ) (3072 1589 -1179 ) (3072 1589 -994 ) 
